#
# There is insufficient memory for the Java Runtime Environment to continue.
# Native memory allocation (mmap) failed to map 7751073792 bytes for Failed to commit area from 0x00000197a2000000 to 0x0000019970000000 of length 7751073792.
# Possible reasons:
#   The system is out of physical RAM or swap space
# Possible solutions:
#   Reduce memory load on the system
#   Increase physical memory or swap space
#   Check if swap backing store is full
#   Decrease Java heap size (-Xmx/-Xms)
#   Decrease number of Java threads
#   Decrease Java thread stack sizes (-Xss)
#   Set larger code cache with -XX:ReservedCodeCacheSize=
# This output file may be truncated or incomplete.
#
#  Out of Memory Error (./open/src/hotspot/os/windows/os_windows.cpp:3273), pid=9364, tid=5364
#
# JRE version: Java(TM) SE Runtime Environment 18.9 (11.0.12+8) (build 11.0.12+8-LTS-237)
# Java VM: Java HotSpot(TM) 64-Bit Server VM 18.9 (11.0.12+8-LTS-237, mixed mode, tiered, g1 gc, windows-amd64)
# No core dump will be written. Minidumps are not enabled by default on client versions of Windows
#

---------------  S U M M A R Y ------------

Command Line: -Xms256m -Xmx128G org.apache.maven.surefire.booter.ForkedBooter C:\Users\Hp\AppData\Local\Temp\surefire4133201017090036394 2022-01-26T19-41-04_330-jvmRun1 surefire18249329864392845630tmp surefire_07260400313504904574tmp

Host: Intel(R) Core(TM) i5-10210U CPU @ 1.60GHz, 8 cores, 7G,  Windows 10 , 64 bit Build 19041 (10.0.19041.1466)
Time: Wed Jan 26 19:43:29 2022 W. Europe Standard Time elapsed time: 144.601549 seconds (0d 0h 2m 24s)

---------------  T H R E A D  ---------------

Current thread (0x000001b77970b800):  VMThread "VM Thread" [stack: 0x0000003505100000,0x0000003505200000] [id=5364]

Stack: [0x0000003505100000,0x0000003505200000]
[error occurred during error reporting (printing stack bounds), id 0xc0000005, EXCEPTION_ACCESS_VIOLATION (0xc0000005) at pc=0x0000019636cb0f20]

Native frames: (J=compiled Java code, j=interpreted, Vv=VM code, C=native code)
V  [jvm.dll+0x617d9a]
V  [jvm.dll+0x74eeef]
V  [jvm.dll+0x750599]
V  [jvm.dll+0x750b85]
V  [jvm.dll+0x750b3b]
V  [jvm.dll+0x6175d3]
V  [jvm.dll+0x617998]
C  [ntdll.dll+0xa20cf]
C  [ntdll.dll+0x51454]
C  [ntdll.dll+0xa0bfe]
C  0x0000019636cb0f20

VM_Operation (0x0000003504bfced0): G1CollectForAllocation, mode: safepoint, requested by thread 0x000001962e801000


---------------  P R O C E S S  ---------------

Threads class SMR info:
_java_thread_list=0x000001b77d1f4360, length=12, elements={
0x000001962e801000, 0x000001b77971f800, 0x000001b779721800, 0x000001b77972e800,
0x000001b77972f800, 0x000001b779730800, 0x000001b779735800, 0x000001b779737000,
0x000001b779746800, 0x000001b779aca000, 0x000001b779ba0000, 0x000001b779bcc000
}

Java Threads: ( => current thread )
  0x000001962e801000 JavaThread "main" [_thread_blocked, id=20144, stack(0x0000003504b00000,0x0000003504c00000)]
  0x000001b77971f800 JavaThread "Reference Handler" daemon [_thread_blocked, id=16668, stack(0x0000003505200000,0x0000003505300000)]
  0x000001b779721800 JavaThread "Finalizer" daemon [_thread_blocked, id=15088, stack(0x0000003505300000,0x0000003505400000)]
  0x000001b77972e800 JavaThread "Signal Dispatcher" daemon [_thread_blocked, id=21720, stack(0x0000003505400000,0x0000003505500000)]
  0x000001b77972f800 JavaThread "Attach Listener" daemon [_thread_blocked, id=9172, stack(0x0000003505500000,0x0000003505600000)]
  0x000001b779730800 JavaThread "Service Thread" daemon [_thread_blocked, id=13284, stack(0x0000003505600000,0x0000003505700000)]
  0x000001b779735800 JavaThread "C2 CompilerThread0" daemon [_thread_blocked, id=5988, stack(0x0000003505700000,0x0000003505800000)]
  0x000001b779737000 JavaThread "C1 CompilerThread0" daemon [_thread_blocked, id=20576, stack(0x0000003505800000,0x0000003505900000)]
  0x000001b779746800 JavaThread "Sweeper thread" daemon [_thread_blocked, id=10488, stack(0x0000003505900000,0x0000003505a00000)]
  0x000001b779aca000 JavaThread "Common-Cleaner" daemon [_thread_blocked, id=18656, stack(0x0000003505b00000,0x0000003505c00000)]
  0x000001b779ba0000 JavaThread "surefire-forkedjvm-command-thread" daemon [_thread_blocked, id=19908, stack(0x0000003505c00000,0x0000003505d00000)]
  0x000001b779bcc000 JavaThread "surefire-forkedjvm-ping-30s" daemon [_thread_blocked, id=10296, stack(0x0000003505d00000,0x0000003505e00000)]

Other Threads:
=>0x000001b77970b800 VMThread "VM Thread" [stack: 0x0000003505100000,0x0000003505200000] [id=5364]
  0x000001b779ac9000 WatcherThread [stack: 0x0000003505a00000,0x0000003505b00000] [id=11008]
  0x000001962e817000 GCTaskThread "GC Thread#0" [stack: 0x0000003504c00000,0x0000003504d00000] [id=19428]
  0x000001b77adc8800 GCTaskThread "GC Thread#1" [stack: 0x0000003506000000,0x0000003506100000] [id=13612]
  0x000001b779e57800 GCTaskThread "GC Thread#2" [stack: 0x0000003506100000,0x0000003506200000] [id=12116]
  0x000001b779e9e800 GCTaskThread "GC Thread#3" [stack: 0x0000003506200000,0x0000003506300000] [id=19452]
  0x000001b77a6ca800 GCTaskThread "GC Thread#4" [stack: 0x0000003506300000,0x0000003506400000] [id=23308]
  0x000001b77a46f800 GCTaskThread "GC Thread#5" [stack: 0x0000003506400000,0x0000003506500000] [id=21012]
  0x000001b77e8a4800 GCTaskThread "GC Thread#6" [stack: 0x0000003506600000,0x0000003506700000] [id=20424]
  0x000001b77e59e800 GCTaskThread "GC Thread#7" [stack: 0x0000003506700000,0x0000003506800000] [id=18932]
  0x000001962e855000 ConcurrentGCThread "G1 Main Marker" [stack: 0x0000003504d00000,0x0000003504e00000] [id=13836]
  0x000001962e857800 ConcurrentGCThread "G1 Conc#0" [stack: 0x0000003504e00000,0x0000003504f00000] [id=12212]
  0x000001b77ae75800 ConcurrentGCThread "G1 Conc#1" [stack: 0x0000003505f00000,0x0000003506000000] [id=17868]
  0x000001962e88f800 ConcurrentGCThread "G1 Refine#0" [stack: 0x0000003504f00000,0x0000003505000000] [id=4160]
  0x000001b77e829800 ConcurrentGCThread "G1 Refine#1" [stack: 0x0000003504800000,0x0000003504900000] [id=6840]
  0x000001b77e4e5800 ConcurrentGCThread "G1 Refine#2" [stack: 0x0000003504900000,0x0000003504a00000] [id=20224]
  0x000001962e890800 ConcurrentGCThread "G1 Young RemSet Sampling" [stack: 0x0000003505000000,0x0000003505100000] [id=11708]

Threads with active compile tasks:

VM state:at safepoint (normal execution)

VM Mutex/Monitor currently owned by a thread:  ([mutex/lock_event])
[0x000001962e7fe440] Threads_lock - owner thread: 0x000001b77970b800
[0x000001962e7fe5f0] Heap_lock - owner thread: 0x000001962e801000

Heap:
 garbage-first heap   total 13271040K, used 822174K [0x0000019646000000, 0x000001b646000000)
  region size 32768K, 1 young (32768K), 1 survivors (32768K)
 Metaspace       used 27872K, capacity 28110K, committed 28160K, reserved 28672K
Heap Regions: E=young(eden), S=young(survivor), O=old, HS=humongous(starts), HC=humongous(continues), CS=collection set, F=free, A=archive, TAMS=top-at-mark-start (previous, next)
|   0|0x0000019646000000, 0x0000019648000000, 0x0000019648000000|100%| O|  |TAMS 0x0000019646000000, 0x0000019646000000| Untracked 
|   1|0x0000019648000000, 0x000001964a000000, 0x000001964a000000|100%| O|  |TAMS 0x0000019648000000, 0x0000019648000000| Untracked 
|   2|0x000001964a000000, 0x000001964c000000, 0x000001964c000000|100%| O|  |TAMS 0x000001964a000000, 0x000001964a000000| Untracked 
|   3|0x000001964c000000, 0x000001964e000000, 0x000001964e000000|100%| O|  |TAMS 0x000001964c000000, 0x000001964c000000| Untracked 
|   4|0x000001964e000000, 0x0000019650000000, 0x0000019650000000|100%| O|  |TAMS 0x000001964e000000, 0x000001964e000000| Untracked 
|   5|0x0000019650000000, 0x0000019652000000, 0x0000019652000000|100%| O|  |TAMS 0x0000019650000000, 0x0000019650000000| Untracked 
|   6|0x0000019652000000, 0x0000019654000000, 0x0000019654000000|100%| O|  |TAMS 0x0000019652000000, 0x0000019652000000| Untracked 
|   7|0x0000019654000000, 0x0000019656000000, 0x0000019656000000|100%| O|  |TAMS 0x0000019654000000, 0x0000019654000000| Untracked 
|   8|0x0000019656000000, 0x0000019658000000, 0x0000019658000000|100%| O|  |TAMS 0x0000019656000000, 0x0000019656000000| Untracked 
|   9|0x0000019658000000, 0x000001965a000000, 0x000001965a000000|100%| O|  |TAMS 0x0000019658000000, 0x0000019658000000| Untracked 
|  10|0x000001965a000000, 0x000001965c000000, 0x000001965c000000|100%| O|  |TAMS 0x000001965a000000, 0x000001965a000000| Untracked 
|  11|0x000001965c000000, 0x000001965e000000, 0x000001965e000000|100%| O|  |TAMS 0x000001965c000000, 0x000001965c000000| Untracked 
|  12|0x000001965e000000, 0x0000019660000000, 0x0000019660000000|100%| O|  |TAMS 0x000001965e000000, 0x000001965e000000| Untracked 
|  13|0x0000019660000000, 0x0000019662000000, 0x0000019662000000|100%| O|  |TAMS 0x0000019660000000, 0x0000019660000000| Untracked 
|  14|0x0000019662000000, 0x0000019664000000, 0x0000019664000000|100%| O|  |TAMS 0x0000019662000000, 0x0000019662000000| Untracked 
|  15|0x0000019664000000, 0x0000019666000000, 0x0000019666000000|100%| O|  |TAMS 0x0000019664000000, 0x0000019664000000| Untracked 
|  16|0x0000019666000000, 0x0000019668000000, 0x0000019668000000|100%| O|  |TAMS 0x0000019666000000, 0x0000019666000000| Untracked 
|  17|0x0000019668000000, 0x000001966a000000, 0x000001966a000000|100%| O|  |TAMS 0x0000019668000000, 0x0000019668000000| Untracked 
|  18|0x000001966a000000, 0x000001966c000000, 0x000001966c000000|100%| O|  |TAMS 0x000001966a000000, 0x000001966a000000| Untracked 
|  19|0x000001966c000000, 0x000001966e000000, 0x000001966e000000|100%| O|  |TAMS 0x000001966c000000, 0x000001966c000000| Untracked 
|  20|0x000001966e000000, 0x0000019670000000, 0x0000019670000000|100%| O|  |TAMS 0x000001966e000000, 0x000001966e000000| Untracked 
|  21|0x0000019670000000, 0x0000019672000000, 0x0000019672000000|100%| O|  |TAMS 0x0000019670000000, 0x0000019670000000| Untracked 
|  22|0x0000019672000000, 0x0000019674000000, 0x0000019674000000|100%| O|  |TAMS 0x0000019672000000, 0x0000019672000000| Untracked 
|  23|0x0000019674000000, 0x0000019676000000, 0x0000019676000000|100%| O|  |TAMS 0x0000019674000000, 0x0000019674000000| Untracked 
|  24|0x0000019676000000, 0x0000019677603c00, 0x0000019678000000| 68%| O|  |TAMS 0x0000019676000000, 0x0000019676000000| Untracked 
|  25|0x0000019678000000, 0x0000019678000000, 0x000001967a000000|  0%| F|  |TAMS 0x0000019678000000, 0x0000019678000000| Untracked 
|  26|0x000001967a000000, 0x000001967a000000, 0x000001967c000000|  0%| F|  |TAMS 0x000001967a000000, 0x000001967a000000| Untracked 
|  27|0x000001967c000000, 0x000001967c000000, 0x000001967e000000|  0%| F|  |TAMS 0x000001967c000000, 0x000001967c000000| Untracked 
|  28|0x000001967e000000, 0x000001967e000000, 0x0000019680000000|  0%| F|  |TAMS 0x000001967e000000, 0x000001967e000000| Untracked 
|  29|0x0000019680000000, 0x0000019680000000, 0x0000019682000000|  0%| F|  |TAMS 0x0000019680000000, 0x0000019680000000| Untracked 
|  30|0x0000019682000000, 0x0000019682000000, 0x0000019684000000|  0%| F|  |TAMS 0x0000019682000000, 0x0000019682000000| Untracked 
|  31|0x0000019684000000, 0x0000019684000000, 0x0000019686000000|  0%| F|  |TAMS 0x0000019684000000, 0x0000019684000000| Untracked 
|  32|0x0000019686000000, 0x0000019686000000, 0x0000019688000000|  0%| F|  |TAMS 0x0000019686000000, 0x0000019686000000| Untracked 
|  33|0x0000019688000000, 0x0000019688000000, 0x000001968a000000|  0%| F|  |TAMS 0x0000019688000000, 0x0000019688000000| Untracked 
|  34|0x000001968a000000, 0x000001968a000000, 0x000001968c000000|  0%| F|  |TAMS 0x000001968a000000, 0x000001968a000000| Untracked 
|  35|0x000001968c000000, 0x000001968c000000, 0x000001968e000000|  0%| F|  |TAMS 0x000001968c000000, 0x000001968c000000| Untracked 
|  36|0x000001968e000000, 0x000001968e000000, 0x0000019690000000|  0%| F|  |TAMS 0x000001968e000000, 0x000001968e000000| Untracked 
|  37|0x0000019690000000, 0x0000019690000000, 0x0000019692000000|  0%| F|  |TAMS 0x0000019690000000, 0x0000019690000000| Untracked 
|  38|0x0000019692000000, 0x0000019692000000, 0x0000019694000000|  0%| F|  |TAMS 0x0000019692000000, 0x0000019692000000| Untracked 
|  39|0x0000019694000000, 0x0000019694000000, 0x0000019696000000|  0%| F|  |TAMS 0x0000019694000000, 0x0000019694000000| Untracked 
|  40|0x0000019696000000, 0x0000019696000000, 0x0000019698000000|  0%| F|  |TAMS 0x0000019696000000, 0x0000019696000000| Untracked 
|  41|0x0000019698000000, 0x0000019698000000, 0x000001969a000000|  0%| F|  |TAMS 0x0000019698000000, 0x0000019698000000| Untracked 
|  42|0x000001969a000000, 0x000001969a000000, 0x000001969c000000|  0%| F|  |TAMS 0x000001969a000000, 0x000001969a000000| Untracked 
|  43|0x000001969c000000, 0x000001969c000000, 0x000001969e000000|  0%| F|  |TAMS 0x000001969c000000, 0x000001969c000000| Untracked 
|  44|0x000001969e000000, 0x000001969e000000, 0x00000196a0000000|  0%| F|  |TAMS 0x000001969e000000, 0x000001969e000000| Untracked 
|  45|0x00000196a0000000, 0x00000196a0000000, 0x00000196a2000000|  0%| F|  |TAMS 0x00000196a0000000, 0x00000196a0000000| Untracked 
|  46|0x00000196a2000000, 0x00000196a2000000, 0x00000196a4000000|  0%| F|  |TAMS 0x00000196a2000000, 0x00000196a2000000| Untracked 
|  47|0x00000196a4000000, 0x00000196a4000000, 0x00000196a6000000|  0%| F|  |TAMS 0x00000196a4000000, 0x00000196a4000000| Untracked 
|  48|0x00000196a6000000, 0x00000196a6000000, 0x00000196a8000000|  0%| F|  |TAMS 0x00000196a6000000, 0x00000196a6000000| Untracked 
|  49|0x00000196a8000000, 0x00000196a8000000, 0x00000196aa000000|  0%| F|  |TAMS 0x00000196a8000000, 0x00000196a8000000| Untracked 
|  50|0x00000196aa000000, 0x00000196aa000000, 0x00000196ac000000|  0%| F|  |TAMS 0x00000196aa000000, 0x00000196aa000000| Untracked 
|  51|0x00000196ac000000, 0x00000196ac000000, 0x00000196ae000000|  0%| F|  |TAMS 0x00000196ac000000, 0x00000196ac000000| Untracked 
|  52|0x00000196ae000000, 0x00000196ae000000, 0x00000196b0000000|  0%| F|  |TAMS 0x00000196ae000000, 0x00000196ae000000| Untracked 
|  53|0x00000196b0000000, 0x00000196b0000000, 0x00000196b2000000|  0%| F|  |TAMS 0x00000196b0000000, 0x00000196b0000000| Untracked 
|  54|0x00000196b2000000, 0x00000196b2000000, 0x00000196b4000000|  0%| F|  |TAMS 0x00000196b2000000, 0x00000196b2000000| Untracked 
|  55|0x00000196b4000000, 0x00000196b4000000, 0x00000196b6000000|  0%| F|  |TAMS 0x00000196b4000000, 0x00000196b4000000| Untracked 
|  56|0x00000196b6000000, 0x00000196b6000000, 0x00000196b8000000|  0%| F|  |TAMS 0x00000196b6000000, 0x00000196b6000000| Untracked 
|  57|0x00000196b8000000, 0x00000196b8000000, 0x00000196ba000000|  0%| F|  |TAMS 0x00000196b8000000, 0x00000196b8000000| Untracked 
|  58|0x00000196ba000000, 0x00000196ba000000, 0x00000196bc000000|  0%| F|  |TAMS 0x00000196ba000000, 0x00000196ba000000| Untracked 
|  59|0x00000196bc000000, 0x00000196bc000000, 0x00000196be000000|  0%| F|  |TAMS 0x00000196bc000000, 0x00000196bc000000| Untracked 
|  60|0x00000196be000000, 0x00000196be000000, 0x00000196c0000000|  0%| F|  |TAMS 0x00000196be000000, 0x00000196be000000| Untracked 
|  61|0x00000196c0000000, 0x00000196c0000000, 0x00000196c2000000|  0%| F|  |TAMS 0x00000196c0000000, 0x00000196c0000000| Untracked 
|  62|0x00000196c2000000, 0x00000196c2000000, 0x00000196c4000000|  0%| F|  |TAMS 0x00000196c2000000, 0x00000196c2000000| Untracked 
|  63|0x00000196c4000000, 0x00000196c4000000, 0x00000196c6000000|  0%| F|  |TAMS 0x00000196c4000000, 0x00000196c4000000| Untracked 
|  64|0x00000196c6000000, 0x00000196c6000000, 0x00000196c8000000|  0%| F|  |TAMS 0x00000196c6000000, 0x00000196c6000000| Untracked 
|  65|0x00000196c8000000, 0x00000196c8000000, 0x00000196ca000000|  0%| F|  |TAMS 0x00000196c8000000, 0x00000196c8000000| Untracked 
|  66|0x00000196ca000000, 0x00000196ca000000, 0x00000196cc000000|  0%| F|  |TAMS 0x00000196ca000000, 0x00000196ca000000| Untracked 
|  67|0x00000196cc000000, 0x00000196cc000000, 0x00000196ce000000|  0%| F|  |TAMS 0x00000196cc000000, 0x00000196cc000000| Untracked 
|  68|0x00000196ce000000, 0x00000196ce000000, 0x00000196d0000000|  0%| F|  |TAMS 0x00000196ce000000, 0x00000196ce000000| Untracked 
|  69|0x00000196d0000000, 0x00000196d0000000, 0x00000196d2000000|  0%| F|  |TAMS 0x00000196d0000000, 0x00000196d0000000| Untracked 
|  70|0x00000196d2000000, 0x00000196d2000000, 0x00000196d4000000|  0%| F|  |TAMS 0x00000196d2000000, 0x00000196d2000000| Untracked 
|  71|0x00000196d4000000, 0x00000196d4000000, 0x00000196d6000000|  0%| F|  |TAMS 0x00000196d4000000, 0x00000196d4000000| Untracked 
|  72|0x00000196d6000000, 0x00000196d6000000, 0x00000196d8000000|  0%| F|  |TAMS 0x00000196d6000000, 0x00000196d6000000| Untracked 
|  73|0x00000196d8000000, 0x00000196d8000000, 0x00000196da000000|  0%| F|  |TAMS 0x00000196d8000000, 0x00000196d8000000| Untracked 
|  74|0x00000196da000000, 0x00000196da000000, 0x00000196dc000000|  0%| F|  |TAMS 0x00000196da000000, 0x00000196da000000| Untracked 
|  75|0x00000196dc000000, 0x00000196dc000000, 0x00000196de000000|  0%| F|  |TAMS 0x00000196dc000000, 0x00000196dc000000| Untracked 
|  76|0x00000196de000000, 0x00000196de000000, 0x00000196e0000000|  0%| F|  |TAMS 0x00000196de000000, 0x00000196de000000| Untracked 
|  77|0x00000196e0000000, 0x00000196e0000000, 0x00000196e2000000|  0%| F|  |TAMS 0x00000196e0000000, 0x00000196e0000000| Untracked 
|  78|0x00000196e2000000, 0x00000196e2000000, 0x00000196e4000000|  0%| F|  |TAMS 0x00000196e2000000, 0x00000196e2000000| Untracked 
|  79|0x00000196e4000000, 0x00000196e4000000, 0x00000196e6000000|  0%| F|  |TAMS 0x00000196e4000000, 0x00000196e4000000| Untracked 
|  80|0x00000196e6000000, 0x00000196e6000000, 0x00000196e8000000|  0%| F|  |TAMS 0x00000196e6000000, 0x00000196e6000000| Untracked 
|  81|0x00000196e8000000, 0x00000196e8000000, 0x00000196ea000000|  0%| F|  |TAMS 0x00000196e8000000, 0x00000196e8000000| Untracked 
|  82|0x00000196ea000000, 0x00000196ea000000, 0x00000196ec000000|  0%| F|  |TAMS 0x00000196ea000000, 0x00000196ea000000| Untracked 
|  83|0x00000196ec000000, 0x00000196ec000000, 0x00000196ee000000|  0%| F|  |TAMS 0x00000196ec000000, 0x00000196ec000000| Untracked 
|  84|0x00000196ee000000, 0x00000196ee000000, 0x00000196f0000000|  0%| F|  |TAMS 0x00000196ee000000, 0x00000196ee000000| Untracked 
|  85|0x00000196f0000000, 0x00000196f0000000, 0x00000196f2000000|  0%| F|  |TAMS 0x00000196f0000000, 0x00000196f0000000| Untracked 
|  86|0x00000196f2000000, 0x00000196f2000000, 0x00000196f4000000|  0%| F|  |TAMS 0x00000196f2000000, 0x00000196f2000000| Untracked 
|  87|0x00000196f4000000, 0x00000196f4000000, 0x00000196f6000000|  0%| F|  |TAMS 0x00000196f4000000, 0x00000196f4000000| Untracked 
|  88|0x00000196f6000000, 0x00000196f6000000, 0x00000196f8000000|  0%| F|  |TAMS 0x00000196f6000000, 0x00000196f6000000| Untracked 
|  89|0x00000196f8000000, 0x00000196f8000000, 0x00000196fa000000|  0%| F|  |TAMS 0x00000196f8000000, 0x00000196f8000000| Untracked 
|  90|0x00000196fa000000, 0x00000196fa000000, 0x00000196fc000000|  0%| F|  |TAMS 0x00000196fa000000, 0x00000196fa000000| Untracked 
|  91|0x00000196fc000000, 0x00000196fc000000, 0x00000196fe000000|  0%| F|  |TAMS 0x00000196fc000000, 0x00000196fc000000| Untracked 
|  92|0x00000196fe000000, 0x00000196fe000000, 0x0000019700000000|  0%| F|  |TAMS 0x00000196fe000000, 0x00000196fe000000| Untracked 
|  93|0x0000019700000000, 0x0000019700000000, 0x0000019702000000|  0%| F|  |TAMS 0x0000019700000000, 0x0000019700000000| Untracked 
|  94|0x0000019702000000, 0x0000019702000000, 0x0000019704000000|  0%| F|  |TAMS 0x0000019702000000, 0x0000019702000000| Untracked 
|  95|0x0000019704000000, 0x0000019704000000, 0x0000019706000000|  0%| F|  |TAMS 0x0000019704000000, 0x0000019704000000| Untracked 
|  96|0x0000019706000000, 0x0000019706000000, 0x0000019708000000|  0%| F|  |TAMS 0x0000019706000000, 0x0000019706000000| Untracked 
|  97|0x0000019708000000, 0x0000019708000000, 0x000001970a000000|  0%| F|  |TAMS 0x0000019708000000, 0x0000019708000000| Untracked 
|  98|0x000001970a000000, 0x000001970a000000, 0x000001970c000000|  0%| F|  |TAMS 0x000001970a000000, 0x000001970a000000| Untracked 
|  99|0x000001970c000000, 0x000001970c000000, 0x000001970e000000|  0%| F|  |TAMS 0x000001970c000000, 0x000001970c000000| Untracked 
| 100|0x000001970e000000, 0x000001970e000000, 0x0000019710000000|  0%| F|  |TAMS 0x000001970e000000, 0x000001970e000000| Untracked 
| 101|0x0000019710000000, 0x0000019710000000, 0x0000019712000000|  0%| F|  |TAMS 0x0000019710000000, 0x0000019710000000| Untracked 
| 102|0x0000019712000000, 0x0000019712000000, 0x0000019714000000|  0%| F|  |TAMS 0x0000019712000000, 0x0000019712000000| Untracked 
| 103|0x0000019714000000, 0x0000019714000000, 0x0000019716000000|  0%| F|  |TAMS 0x0000019714000000, 0x0000019714000000| Untracked 
| 104|0x0000019716000000, 0x0000019716000000, 0x0000019718000000|  0%| F|  |TAMS 0x0000019716000000, 0x0000019716000000| Untracked 
| 105|0x0000019718000000, 0x0000019718000000, 0x000001971a000000|  0%| F|  |TAMS 0x0000019718000000, 0x0000019718000000| Untracked 
| 106|0x000001971a000000, 0x000001971a000000, 0x000001971c000000|  0%| F|  |TAMS 0x000001971a000000, 0x000001971a000000| Untracked 
| 107|0x000001971c000000, 0x000001971c000000, 0x000001971e000000|  0%| F|  |TAMS 0x000001971c000000, 0x000001971c000000| Untracked 
| 108|0x000001971e000000, 0x000001971e000000, 0x0000019720000000|  0%| F|  |TAMS 0x000001971e000000, 0x000001971e000000| Untracked 
| 109|0x0000019720000000, 0x0000019720000000, 0x0000019722000000|  0%| F|  |TAMS 0x0000019720000000, 0x0000019720000000| Untracked 
| 110|0x0000019722000000, 0x0000019722000000, 0x0000019724000000|  0%| F|  |TAMS 0x0000019722000000, 0x0000019722000000| Untracked 
| 111|0x0000019724000000, 0x0000019724000000, 0x0000019726000000|  0%| F|  |TAMS 0x0000019724000000, 0x0000019724000000| Untracked 
| 112|0x0000019726000000, 0x0000019726000000, 0x0000019728000000|  0%| F|  |TAMS 0x0000019726000000, 0x0000019726000000| Untracked 
| 113|0x0000019728000000, 0x0000019728000000, 0x000001972a000000|  0%| F|  |TAMS 0x0000019728000000, 0x0000019728000000| Untracked 
| 114|0x000001972a000000, 0x000001972a000000, 0x000001972c000000|  0%| F|  |TAMS 0x000001972a000000, 0x000001972a000000| Untracked 
| 115|0x000001972c000000, 0x000001972c000000, 0x000001972e000000|  0%| F|  |TAMS 0x000001972c000000, 0x000001972c000000| Untracked 
| 116|0x000001972e000000, 0x000001972e000000, 0x0000019730000000|  0%| F|  |TAMS 0x000001972e000000, 0x000001972e000000| Untracked 
| 117|0x0000019730000000, 0x0000019730000000, 0x0000019732000000|  0%| F|  |TAMS 0x0000019730000000, 0x0000019730000000| Untracked 
| 118|0x0000019732000000, 0x0000019732000000, 0x0000019734000000|  0%| F|  |TAMS 0x0000019732000000, 0x0000019732000000| Untracked 
| 119|0x0000019734000000, 0x0000019734000000, 0x0000019736000000|  0%| F|  |TAMS 0x0000019734000000, 0x0000019734000000| Untracked 
| 120|0x0000019736000000, 0x0000019736000000, 0x0000019738000000|  0%| F|  |TAMS 0x0000019736000000, 0x0000019736000000| Untracked 
| 121|0x0000019738000000, 0x0000019738000000, 0x000001973a000000|  0%| F|  |TAMS 0x0000019738000000, 0x0000019738000000| Untracked 
| 122|0x000001973a000000, 0x000001973a000000, 0x000001973c000000|  0%| F|  |TAMS 0x000001973a000000, 0x000001973a000000| Untracked 
| 123|0x000001973c000000, 0x000001973c000000, 0x000001973e000000|  0%| F|  |TAMS 0x000001973c000000, 0x000001973c000000| Untracked 
| 124|0x000001973e000000, 0x000001973e000000, 0x0000019740000000|  0%| F|  |TAMS 0x000001973e000000, 0x000001973e000000| Untracked 
| 125|0x0000019740000000, 0x0000019740000000, 0x0000019742000000|  0%| F|  |TAMS 0x0000019740000000, 0x0000019740000000| Untracked 
| 126|0x0000019742000000, 0x0000019742000000, 0x0000019744000000|  0%| F|  |TAMS 0x0000019742000000, 0x0000019742000000| Untracked 
| 127|0x0000019744000000, 0x0000019744000000, 0x0000019746000000|  0%| F|  |TAMS 0x0000019744000000, 0x0000019744000000| Untracked 
| 128|0x0000019746000000, 0x0000019746000000, 0x0000019748000000|  0%| F|  |TAMS 0x0000019746000000, 0x0000019746000000| Untracked 
| 129|0x0000019748000000, 0x0000019748000000, 0x000001974a000000|  0%| F|  |TAMS 0x0000019748000000, 0x0000019748000000| Untracked 
| 130|0x000001974a000000, 0x000001974a000000, 0x000001974c000000|  0%| F|  |TAMS 0x000001974a000000, 0x000001974a000000| Untracked 
| 131|0x000001974c000000, 0x000001974c000000, 0x000001974e000000|  0%| F|  |TAMS 0x000001974c000000, 0x000001974c000000| Untracked 
| 132|0x000001974e000000, 0x000001974e000000, 0x0000019750000000|  0%| F|  |TAMS 0x000001974e000000, 0x000001974e000000| Untracked 
| 133|0x0000019750000000, 0x0000019750000000, 0x0000019752000000|  0%| F|  |TAMS 0x0000019750000000, 0x0000019750000000| Untracked 
| 134|0x0000019752000000, 0x0000019752000000, 0x0000019754000000|  0%| F|  |TAMS 0x0000019752000000, 0x0000019752000000| Untracked 
| 135|0x0000019754000000, 0x0000019754000000, 0x0000019756000000|  0%| F|  |TAMS 0x0000019754000000, 0x0000019754000000| Untracked 
| 136|0x0000019756000000, 0x0000019756000000, 0x0000019758000000|  0%| F|  |TAMS 0x0000019756000000, 0x0000019756000000| Untracked 
| 137|0x0000019758000000, 0x0000019758000000, 0x000001975a000000|  0%| F|  |TAMS 0x0000019758000000, 0x0000019758000000| Untracked 
| 138|0x000001975a000000, 0x000001975a000000, 0x000001975c000000|  0%| F|  |TAMS 0x000001975a000000, 0x000001975a000000| Untracked 
| 139|0x000001975c000000, 0x000001975c000000, 0x000001975e000000|  0%| F|  |TAMS 0x000001975c000000, 0x000001975c000000| Untracked 
| 140|0x000001975e000000, 0x000001975e000000, 0x0000019760000000|  0%| F|  |TAMS 0x000001975e000000, 0x000001975e000000| Untracked 
| 141|0x0000019760000000, 0x0000019760000000, 0x0000019762000000|  0%| F|  |TAMS 0x0000019760000000, 0x0000019760000000| Untracked 
| 142|0x0000019762000000, 0x0000019762000000, 0x0000019764000000|  0%| F|  |TAMS 0x0000019762000000, 0x0000019762000000| Untracked 
| 143|0x0000019764000000, 0x0000019764000000, 0x0000019766000000|  0%| F|  |TAMS 0x0000019764000000, 0x0000019764000000| Untracked 
| 144|0x0000019766000000, 0x0000019766000000, 0x0000019768000000|  0%| F|  |TAMS 0x0000019766000000, 0x0000019766000000| Untracked 
| 145|0x0000019768000000, 0x0000019768000000, 0x000001976a000000|  0%| F|  |TAMS 0x0000019768000000, 0x0000019768000000| Untracked 
| 146|0x000001976a000000, 0x000001976a000000, 0x000001976c000000|  0%| F|  |TAMS 0x000001976a000000, 0x000001976a000000| Untracked 
| 147|0x000001976c000000, 0x000001976c000000, 0x000001976e000000|  0%| F|  |TAMS 0x000001976c000000, 0x000001976c000000| Untracked 
| 148|0x000001976e000000, 0x000001976e000000, 0x0000019770000000|  0%| F|  |TAMS 0x000001976e000000, 0x000001976e000000| Untracked 
| 149|0x0000019770000000, 0x0000019770000000, 0x0000019772000000|  0%| F|  |TAMS 0x0000019770000000, 0x0000019770000000| Untracked 
| 150|0x0000019772000000, 0x0000019772000000, 0x0000019774000000|  0%| F|  |TAMS 0x0000019772000000, 0x0000019772000000| Untracked 
| 151|0x0000019774000000, 0x0000019774000000, 0x0000019776000000|  0%| F|  |TAMS 0x0000019774000000, 0x0000019774000000| Untracked 
| 152|0x0000019776000000, 0x0000019776000000, 0x0000019778000000|  0%| F|  |TAMS 0x0000019776000000, 0x0000019776000000| Untracked 
| 153|0x0000019778000000, 0x0000019778000000, 0x000001977a000000|  0%| F|  |TAMS 0x0000019778000000, 0x0000019778000000| Untracked 
| 154|0x000001977a000000, 0x000001977a000000, 0x000001977c000000|  0%| F|  |TAMS 0x000001977a000000, 0x000001977a000000| Untracked 
| 155|0x000001977c000000, 0x000001977c000000, 0x000001977e000000|  0%| F|  |TAMS 0x000001977c000000, 0x000001977c000000| Untracked 
| 156|0x000001977e000000, 0x000001977e000000, 0x0000019780000000|  0%| F|  |TAMS 0x000001977e000000, 0x000001977e000000| Untracked 
| 157|0x0000019780000000, 0x0000019780000000, 0x0000019782000000|  0%| F|  |TAMS 0x0000019780000000, 0x0000019780000000| Untracked 
| 158|0x0000019782000000, 0x0000019782000000, 0x0000019784000000|  0%| F|  |TAMS 0x0000019782000000, 0x0000019782000000| Untracked 
| 159|0x0000019784000000, 0x0000019784000000, 0x0000019786000000|  0%| F|  |TAMS 0x0000019784000000, 0x0000019784000000| Untracked 
| 160|0x0000019786000000, 0x0000019786000000, 0x0000019788000000|  0%| F|  |TAMS 0x0000019786000000, 0x0000019786000000| Untracked 
| 161|0x0000019788000000, 0x0000019788000000, 0x000001978a000000|  0%| F|  |TAMS 0x0000019788000000, 0x0000019788000000| Untracked 
| 162|0x000001978a000000, 0x000001978a000000, 0x000001978c000000|  0%| F|  |TAMS 0x000001978a000000, 0x000001978a000000| Untracked 
| 163|0x000001978c000000, 0x000001978c000000, 0x000001978e000000|  0%| F|  |TAMS 0x000001978c000000, 0x000001978c000000| Untracked 
| 164|0x000001978e000000, 0x000001978e000000, 0x0000019790000000|  0%| F|  |TAMS 0x000001978e000000, 0x000001978e000000| Untracked 
| 165|0x0000019790000000, 0x0000019790000000, 0x0000019792000000|  0%| F|  |TAMS 0x0000019790000000, 0x0000019790000000| Untracked 
| 166|0x0000019792000000, 0x0000019792000000, 0x0000019794000000|  0%| F|  |TAMS 0x0000019792000000, 0x0000019792000000| Untracked 
| 167|0x0000019794000000, 0x0000019794000000, 0x0000019796000000|  0%| F|  |TAMS 0x0000019794000000, 0x0000019794000000| Untracked 
| 168|0x0000019796000000, 0x0000019796000000, 0x0000019798000000|  0%| F|  |TAMS 0x0000019796000000, 0x0000019796000000| Untracked 
| 169|0x0000019798000000, 0x0000019798ce3fe0, 0x000001979a000000| 40%| S|CS|TAMS 0x0000019798000000, 0x0000019798000000| Complete 
| 170|0x000001979a000000, 0x000001979a000000, 0x000001979c000000|  0%| F|  |TAMS 0x000001979a000000, 0x000001979a000000| Untracked 
| 171|0x000001979c000000, 0x000001979c000000, 0x000001979e000000|  0%| F|  |TAMS 0x000001979c000000, 0x000001979c000000| Untracked 
| 172|0x000001979e000000, 0x000001979e000000, 0x00000197a0000000|  0%| F|  |TAMS 0x000001979e000000, 0x000001979e000000| Untracked 
| 173|0x00000197a0000000, 0x00000197a0000000, 0x00000197a2000000|  0%| F|  |TAMS 0x00000197a0000000, 0x00000197a0000000| Untracked 

Card table byte_map: [0x000001b656410000,0x000001b666410000] _byte_map_base: 0x000001b58b1e0000

Marking Bits (Prev, Next): (CMBitMap*) 0x000001962e844550, (CMBitMap*) 0x000001962e844518
 Prev Bits: [0x000001b6f6410000, 0x000001b776410000)
 Next Bits: [0x000001b676410000, 0x000001b6f6410000)

Polling page: 0x000001962c730000

Metaspace:

Usage:
   27.45 MB capacity,    27.22 MB (>99%) used,   171.75 KB ( <1%) free+waste,    66.00 KB ( <1%) overhead. 

Virtual space:
     28.00 MB reserved,      27.50 MB ( 98%) committed 

Chunk freelists:
6.25 KB

CodeHeap 'non-profiled nmethods': size=120000Kb used=5199Kb max_used=5199Kb free=114800Kb
 bounds [0x000001963e780000, 0x000001963eca0000, 0x0000019645cb0000]
CodeHeap 'profiled nmethods': size=120000Kb used=7077Kb max_used=7077Kb free=112922Kb
 bounds [0x0000019637250000, 0x0000019637940000, 0x000001963e780000]
CodeHeap 'non-nmethods': size=5760Kb used=1158Kb max_used=1268Kb free=4601Kb
 bounds [0x0000019636cb0000, 0x0000019636f20000, 0x0000019637250000]
 total_blobs=3575 nmethods=3074 adapters=412
 compilation: enabled
              stopped_count=0, restarted_count=0
 full_count=0

Compilation events (10 events):
Event: 101.539 Thread 0x000001b779737000 3084       3       algorithms.StoppUhr::Stoppen (8 bytes)
Event: 101.539 Thread 0x000001b779737000 nmethod 3084 0x0000019637936810 code [0x00000196379369a0, 0x0000019637936ad8]
Event: 102.403 Thread 0x000001b779737000 3085       3       algorithms.StoppUhr::Starten (8 bytes)
Event: 102.404 Thread 0x000001b779737000 nmethod 3085 0x0000019637936b90 code [0x0000019637936d20, 0x0000019637936e58]
Event: 104.534 Thread 0x000001b779737000 3086       3       jdk.internal.math.FDBigInteger::<init> (194 bytes)
Event: 104.534 Thread 0x000001b779737000 nmethod 3086 0x0000019637936f10 code [0x0000019637937120, 0x0000019637937888]
Event: 104.534 Thread 0x000001b779737000 3087       3       jdk.internal.math.FDBigInteger::multByPow52 (154 bytes)
Event: 104.535 Thread 0x000001b779737000 nmethod 3087 0x0000019637937c10 code [0x0000019637937e60, 0x0000019637938718]
Event: 107.386 Thread 0x000001b779737000 3088       3       org.aksw.limes.core.execution.engine.SimpleExecutionEngine::executeRun (68 bytes)
Event: 107.387 Thread 0x000001b779737000 nmethod 3088 0x0000019637938a90 code [0x0000019637938ca0, 0x0000019637939218]

GC Heap History (10 events):
Event: 94.309 GC heap after
{Heap after GC invocations=54 (full 0):
 garbage-first heap   total 4751360K, used 823608K [0x0000019646000000, 0x000001b646000000)
  region size 32768K, 5 young (163840K), 5 survivors (163840K)
 Metaspace       used 27856K, capacity 28110K, committed 28160K, reserved 28672K
}
Event: 97.051 GC heap before
{Heap before GC invocations=54 (full 0):
 garbage-first heap   total 4751360K, used 3510584K [0x0000019646000000, 0x000001b646000000)
  region size 32768K, 87 young (2850816K), 5 survivors (163840K)
 Metaspace       used 27868K, capacity 28110K, committed 28160K, reserved 28672K
}
Event: 97.093 GC heap after
{Heap after GC invocations=55 (full 0):
 garbage-first heap   total 5701632K, used 807667K [0x0000019646000000, 0x000001b646000000)
  region size 32768K, 4 young (131072K), 4 survivors (131072K)
 Metaspace       used 27868K, capacity 28110K, committed 28160K, reserved 28672K
}
Event: 105.283 GC heap before
{Heap before GC invocations=55 (full 0):
 garbage-first heap   total 5701632K, used 4084467K [0x0000019646000000, 0x000001b646000000)
  region size 32768K, 104 young (3407872K), 4 survivors (131072K)
 Metaspace       used 27872K, capacity 28110K, committed 28160K, reserved 28672K
}
Event: 105.344 GC heap after
{Heap after GC invocations=56 (full 0):
 garbage-first heap   total 5701632K, used 817186K [0x0000019646000000, 0x000001b646000000)
  region size 32768K, 5 young (163840K), 5 survivors (163840K)
 Metaspace       used 27872K, capacity 28110K, committed 28160K, reserved 28672K
}
Event: 116.783 GC heap before
{Heap before GC invocations=56 (full 0):
 garbage-first heap   total 5701632K, used 4061218K [0x0000019646000000, 0x000001b646000000)
  region size 32768K, 104 young (3407872K), 5 survivors (163840K)
 Metaspace       used 27872K, capacity 28110K, committed 28160K, reserved 28672K
}
Event: 116.850 GC heap after
{Heap after GC invocations=57 (full 0):
 garbage-first heap   total 5701632K, used 859625K [0x0000019646000000, 0x000001b646000000)
  region size 32768K, 6 young (196608K), 6 survivors (196608K)
 Metaspace       used 27872K, capacity 28110K, committed 28160K, reserved 28672K
}
Event: 135.053 GC heap before
{Heap before GC invocations=57 (full 0):
 garbage-first heap   total 5701632K, used 4070889K [0x0000019646000000, 0x000001b646000000)
  region size 32768K, 104 young (3407872K), 6 survivors (196608K)
 Metaspace       used 27872K, capacity 28110K, committed 28160K, reserved 28672K
}
Event: 138.773 GC heap after
{Heap after GC invocations=58 (full 0):
 garbage-first heap   total 5701632K, used 856809K [0x0000019646000000, 0x000001b646000000)
  region size 32768K, 4 young (131072K), 4 survivors (131072K)
 Metaspace       used 27872K, capacity 28110K, committed 28160K, reserved 28672K
}
Event: 139.282 GC heap before
{Heap before GC invocations=58 (full 0):
 garbage-first heap   total 5701632K, used 987881K [0x0000019646000000, 0x000001b646000000)
  region size 32768K, 8 young (262144K), 4 survivors (131072K)
 Metaspace       used 27872K, capacity 28110K, committed 28160K, reserved 28672K
}

Deoptimization events (10 events):
Event: 72.413 Thread 0x000001962e801000 Uncommon trap: reason=class_check action=maybe_recompile pc=0x000001963eb95724 method=org.aksw.limes.core.measures.mapper.string.PPJoinPlusPlus.verification(Lalgorithms/ppjoinplus/Record;Ljava/util/HashMap;Lorg/aksw/limes/core/io/mapping/AMapping;Ljava/ut
Event: 72.413 Thread 0x000001962e801000 Uncommon trap: reason=class_check action=maybe_recompile pc=0x000001963eb95724 method=org.aksw.limes.core.measures.mapper.string.PPJoinPlusPlus.verification(Lalgorithms/ppjoinplus/Record;Ljava/util/HashMap;Lorg/aksw/limes/core/io/mapping/AMapping;Ljava/ut
Event: 72.413 Thread 0x000001962e801000 Uncommon trap: reason=class_check action=maybe_recompile pc=0x000001963eb95724 method=org.aksw.limes.core.measures.mapper.string.PPJoinPlusPlus.verification(Lalgorithms/ppjoinplus/Record;Ljava/util/HashMap;Lorg/aksw/limes/core/io/mapping/AMapping;Ljava/ut
Event: 72.413 Thread 0x000001962e801000 Uncommon trap: reason=class_check action=maybe_recompile pc=0x000001963eb95724 method=org.aksw.limes.core.measures.mapper.string.PPJoinPlusPlus.verification(Lalgorithms/ppjoinplus/Record;Ljava/util/HashMap;Lorg/aksw/limes/core/io/mapping/AMapping;Ljava/ut
Event: 72.414 Thread 0x000001962e801000 Uncommon trap: reason=class_check action=maybe_recompile pc=0x000001963eaf0edc method=org.aksw.limes.core.measures.mapper.string.PPJoinPlusPlus.getMapping(Lorg/aksw/limes/core/io/cache/ACache;Lorg/aksw/limes/core/io/cache/ACache;Ljava/lang/String;Ljava/la
Event: 72.415 Thread 0x000001962e801000 Uncommon trap: reason=class_check action=maybe_recompile pc=0x000001963eaf0edc method=org.aksw.limes.core.measures.mapper.string.PPJoinPlusPlus.getMapping(Lorg/aksw/limes/core/io/cache/ACache;Lorg/aksw/limes/core/io/cache/ACache;Ljava/lang/String;Ljava/la
Event: 72.415 Thread 0x000001962e801000 Uncommon trap: reason=class_check action=maybe_recompile pc=0x000001963eaf0edc method=org.aksw.limes.core.measures.mapper.string.PPJoinPlusPlus.getMapping(Lorg/aksw/limes/core/io/cache/ACache;Lorg/aksw/limes/core/io/cache/ACache;Ljava/lang/String;Ljava/la
Event: 72.810 Thread 0x000001962e801000 Uncommon trap: reason=class_check action=maybe_recompile pc=0x000001963eb28e80 method=org.aksw.limes.core.measures.mapper.string.PPJoinPlusPlus.getMapping(Lorg/aksw/limes/core/io/cache/ACache;Lorg/aksw/limes/core/io/cache/ACache;Ljava/lang/String;Ljava/la
Event: 73.031 Thread 0x000001962e801000 Uncommon trap: reason=class_check action=maybe_recompile pc=0x000001963eb163e4 method=org.aksw.limes.core.measures.mapper.string.PPJoinPlusPlus.getMapping(Lorg/aksw/limes/core/io/cache/ACache;Lorg/aksw/limes/core/io/cache/ACache;Ljava/lang/String;Ljava/la
Event: 82.440 Thread 0x000001962e801000 Uncommon trap: reason=unstable_if action=reinterpret pc=0x000001963e8385a4 method=java.lang.String.indexOf([BBILjava/lang/String;I)I @ 21 c2

Classes redefined (0 events):
No events

Internal exceptions (10 events):
Event: 1.880 Thread 0x000001962e801000 Exception <a 'java/security/PrivilegedActionException'{0x0000019655a9cf98}> (0x0000019655a9cf98) thrown at [./open/src/hotspot/share/prims/jvm.cpp, line 1305]
Event: 1.893 Thread 0x000001962e801000 Exception <a 'java/io/FileNotFoundException'{0x0000019655b73ce0}> (0x0000019655b73ce0) thrown at [./open/src/hotspot/share/prims/jni.cpp, line 611]
Event: 2.233 Thread 0x000001962e801000 Exception <a 'java/io/FileNotFoundException'{0x000001965095e680}> (0x000001965095e680) thrown at [./open/src/hotspot/share/prims/jni.cpp, line 611]
Event: 2.264 Thread 0x000001962e801000 Implicit null exception at 0x000001963e8734e3 to 0x000001963e8737a0
Event: 2.264 Thread 0x000001962e801000 Implicit null exception at 0x000001963e874f43 to 0x000001963e877f18
Event: 2.981 Thread 0x000001962e801000 Implicit null exception at 0x000001963e8f16c2 to 0x000001963e8f267e
Event: 3.139 Thread 0x000001962e801000 Implicit null exception at 0x000001963e8ff25b to 0x000001963e8ffce2
Event: 3.139 Thread 0x000001962e801000 Implicit null exception at 0x000001963e8fbb1d to 0x000001963e8fc89e
Event: 3.300 Thread 0x000001962e801000 Exception <a 'java/lang/NoSuchMethodError'{0x000001965750abd0}: java.lang.invoke.DirectMethodHandle$Holder.invokeStatic(Ljava/lang/Object;Ljava/lang/Object;Ljava/lang/Object;Ljava/lang/Object;)V> (0x000001965750abd0) thrown at [./open/src/hotspot/share/in
Event: 60.299 Thread 0x000001962e801000 Implicit null exception at 0x000001963ebcfc34 to 0x000001963ebd0700

Events (10 events):
Event: 94.309 Executing VM operation: G1CollectForAllocation done
Event: 97.051 Executing VM operation: G1CollectForAllocation
Event: 97.093 Executing VM operation: G1CollectForAllocation done
Event: 105.277 Executing VM operation: G1CollectForAllocation
Event: 105.344 Executing VM operation: G1CollectForAllocation done
Event: 116.783 Executing VM operation: G1CollectForAllocation
Event: 116.850 Executing VM operation: G1CollectForAllocation done
Event: 135.053 Executing VM operation: G1CollectForAllocation
Event: 138.773 Executing VM operation: G1CollectForAllocation done
Event: 139.282 Executing VM operation: G1CollectForAllocation


Dynamic libraries:
0x00007ff698c90000 - 0x00007ff698c9f000 	C:\Program Files\Java\jdk-11.0.12\bin\java.exe
0x00007ffabd970000 - 0x00007ffabdb65000 	C:\WINDOWS\SYSTEM32\ntdll.dll
0x00007ffabbbc0000 - 0x00007ffabbc7e000 	C:\WINDOWS\System32\KERNEL32.DLL
0x00007ffabb3f0000 - 0x00007ffabb6b8000 	C:\WINDOWS\System32\KERNELBASE.dll
0x00007ffabb080000 - 0x00007ffabb180000 	C:\WINDOWS\System32\ucrtbase.dll
0x00007ffaa0560000 - 0x00007ffaa0578000 	C:\Program Files\Java\jdk-11.0.12\bin\jli.dll
0x00007ffa9b8a0000 - 0x00007ffa9b8b5000 	C:\Program Files\Java\jdk-11.0.12\bin\VCRUNTIME140.dll
0x00007ffabbf20000 - 0x00007ffabbfce000 	C:\WINDOWS\System32\ADVAPI32.dll
0x00007ffabd7b0000 - 0x00007ffabd84e000 	C:\WINDOWS\System32\msvcrt.dll
0x00007ffabc000000 - 0x00007ffabc09c000 	C:\WINDOWS\System32\sechost.dll
0x00007ffabbd70000 - 0x00007ffabbe95000 	C:\WINDOWS\System32\RPCRT4.dll
0x00007ffabb9b0000 - 0x00007ffabbb51000 	C:\WINDOWS\System32\USER32.dll
0x00007ffabb6c0000 - 0x00007ffabb6e2000 	C:\WINDOWS\System32\win32u.dll
0x00007ffa9af40000 - 0x00007ffa9b1da000 	C:\WINDOWS\WinSxS\amd64_microsoft.windows.common-controls_6595b64144ccf1df_6.0.19041.1110_none_60b5254171f9507e\COMCTL32.dll
0x00007ffabd410000 - 0x00007ffabd43b000 	C:\WINDOWS\System32\GDI32.dll
0x00007ffabb2e0000 - 0x00007ffabb3ed000 	C:\WINDOWS\System32\gdi32full.dll
0x00007ffabb830000 - 0x00007ffabb8cd000 	C:\WINDOWS\System32\msvcp_win.dll
0x00007ffab2f10000 - 0x00007ffab2f1a000 	C:\WINDOWS\SYSTEM32\VERSION.dll
0x00007ffabbfd0000 - 0x00007ffabc000000 	C:\WINDOWS\System32\IMM32.DLL
0x00007ffa799c0000 - 0x00007ffa79a5b000 	C:\Program Files\Java\jdk-11.0.12\bin\msvcp140.dll
0x00007ffa5c830000 - 0x00007ffa5d32f000 	C:\Program Files\Java\jdk-11.0.12\bin\server\jvm.dll
0x00007ffabc0a0000 - 0x00007ffabc0a8000 	C:\WINDOWS\System32\PSAPI.DLL
0x00007ffab3140000 - 0x00007ffab3149000 	C:\WINDOWS\SYSTEM32\WSOCK32.dll
0x00007ffa9b6d0000 - 0x00007ffa9b6f7000 	C:\WINDOWS\SYSTEM32\WINMM.dll
0x00007ffabc450000 - 0x00007ffabc4bb000 	C:\WINDOWS\System32\WS2_32.dll
0x00007ffab98c0000 - 0x00007ffab98d2000 	C:\WINDOWS\SYSTEM32\kernel.appcore.dll
0x00007ffaa06f0000 - 0x00007ffaa0700000 	C:\Program Files\Java\jdk-11.0.12\bin\verify.dll
0x00007ffab95e0000 - 0x00007ffab97c4000 	C:\WINDOWS\SYSTEM32\DBGHELP.DLL
0x00007ffa9b850000 - 0x00007ffa9b87c000 	C:\WINDOWS\SYSTEM32\dbgcore.DLL
0x00007ffabb6f0000 - 0x00007ffabb772000 	C:\WINDOWS\System32\bcryptPrimitives.dll
0x00007ffa950e0000 - 0x00007ffa95108000 	C:\Program Files\Java\jdk-11.0.12\bin\java.dll
0x00007ffa9edb0000 - 0x00007ffa9edba000 	C:\Program Files\Java\jdk-11.0.12\bin\jimage.dll
0x00007ffa9b880000 - 0x00007ffa9b896000 	C:\Program Files\Java\jdk-11.0.12\bin\zip.dll
0x00007ffabc790000 - 0x00007ffabced4000 	C:\WINDOWS\System32\SHELL32.dll
0x00007ffab8d70000 - 0x00007ffab9505000 	C:\WINDOWS\SYSTEM32\windows.storage.dll
0x00007ffabd450000 - 0x00007ffabd7a5000 	C:\WINDOWS\System32\combase.dll
0x00007ffaba9f0000 - 0x00007ffabaa1e000 	C:\WINDOWS\SYSTEM32\Wldp.dll
0x00007ffabc670000 - 0x00007ffabc71d000 	C:\WINDOWS\System32\SHCORE.dll
0x00007ffabbb60000 - 0x00007ffabbbb5000 	C:\WINDOWS\System32\shlwapi.dll
0x00007ffabafc0000 - 0x00007ffabafdf000 	C:\WINDOWS\SYSTEM32\profapi.dll
0x00007ffa95ad0000 - 0x00007ffa95ae9000 	C:\Program Files\Java\jdk-11.0.12\bin\net.dll
0x00007ffab2510000 - 0x00007ffab261c000 	C:\WINDOWS\SYSTEM32\WINHTTP.dll
0x00007ffaba7d0000 - 0x00007ffaba83a000 	C:\WINDOWS\system32\mswsock.dll
0x00007ffa94db0000 - 0x00007ffa94dc2000 	C:\Program Files\Java\jdk-11.0.12\bin\nio.dll
0x00007ffaa08f0000 - 0x00007ffaa08f9000 	C:\Program Files\Java\jdk-11.0.12\bin\management.dll
0x00007ffaa08e0000 - 0x00007ffaa08eb000 	C:\Program Files\Java\jdk-11.0.12\bin\management_ext.dll
0x00007ffabaa30000 - 0x00007ffabaa48000 	C:\WINDOWS\SYSTEM32\CRYPTSP.dll
0x00007ffaba100000 - 0x00007ffaba134000 	C:\WINDOWS\system32\rsaenh.dll
0x00007ffabb980000 - 0x00007ffabb9a7000 	C:\WINDOWS\System32\bcrypt.dll
0x00007ffabaf80000 - 0x00007ffabafae000 	C:\WINDOWS\SYSTEM32\USERENV.dll
0x00007ffaba960000 - 0x00007ffaba96c000 	C:\WINDOWS\SYSTEM32\CRYPTBASE.dll
0x00007ffaba490000 - 0x00007ffaba4cb000 	C:\WINDOWS\SYSTEM32\IPHLPAPI.DLL
0x00007ffabc720000 - 0x00007ffabc728000 	C:\WINDOWS\System32\NSI.dll
0x00007ffab8540000 - 0x00007ffab8557000 	C:\WINDOWS\SYSTEM32\dhcpcsvc6.DLL
0x00007ffab8520000 - 0x00007ffab853d000 	C:\WINDOWS\SYSTEM32\dhcpcsvc.DLL
0x00007ffaba4e0000 - 0x00007ffaba5ab000 	C:\WINDOWS\SYSTEM32\DNSAPI.dll
0x00007ffa9ec30000 - 0x00007ffa9ec3a000 	C:\Users\Hp\AppData\Local\Temp\jansi-64-1-10455711052096243900.11
0x00007ffaa0760000 - 0x00007ffaa0777000 	C:\WINDOWS\system32\napinsp.dll
0x00007ffaa0730000 - 0x00007ffaa074b000 	C:\WINDOWS\system32\pnrpnsp.dll
0x00007ffab59c0000 - 0x00007ffab59d5000 	C:\WINDOWS\system32\wshbth.dll
0x00007ffab6790000 - 0x00007ffab67ad000 	C:\WINDOWS\system32\NLAapi.dll
0x00007ffaa05d0000 - 0x00007ffaa05e2000 	C:\WINDOWS\System32\winrnr.dll
0x00007ffab2910000 - 0x00007ffab291a000 	C:\Windows\System32\rasadhlp.dll
0x00007ffab1150000 - 0x00007ffab11cf000 	C:\WINDOWS\System32\fwpuclnt.dll

dbghelp: loaded successfully - version: 4.0.5 - missing functions: none
symbol engine: initialized successfully - sym options: 0x614 - pdb path: .;C:\Program Files\Java\jdk-11.0.12\bin;C:\WINDOWS\SYSTEM32;C:\WINDOWS\WinSxS\amd64_microsoft.windows.common-controls_6595b64144ccf1df_6.0.19041.1110_none_60b5254171f9507e;C:\Program Files\Java\jdk-11.0.12\bin\server;C:\Users\Hp\AppData\Local\Temp

VM Arguments:
jvm_args: -Xms256m -Xmx128G 
java_command: org.apache.maven.surefire.booter.ForkedBooter C:\Users\Hp\AppData\Local\Temp\surefire4133201017090036394 2022-01-26T19-41-04_330-jvmRun1 surefire18249329864392845630tmp surefire_07260400313504904574tmp
java_class_path (initial): C:\Users\Hp\.m2\repository\org\apache\maven\surefire\surefire-booter\2.22.2\surefire-booter-2.22.2.jar;C:\Users\Hp\.m2\repository\org\apache\maven\surefire\surefire-api\2.22.2\surefire-api-2.22.2.jar;C:\Users\Hp\.m2\repository\org\apache\maven\surefire\surefire-logger-api\2.22.2\surefire-logger-api-2.22.2.jar;F:\FinalProject\Benchmarking\LIMES\limes-core\target\test-classes;F:\FinalProject\Benchmarking\LIMES\limes-core\target\classes;C:\Users\Hp\.m2\repository\org\slf4j\slf4j-api\1.7.21\slf4j-api-1.7.21.jar;C:\Users\Hp\.m2\repository\de\vandermeer\asciitable\0.3.2\asciitable-0.3.2.jar;C:\Users\Hp\.m2\repository\de\vandermeer\ascii-utf-themes\0.0.1\ascii-utf-themes-0.0.1.jar;C:\Users\Hp\.m2\repository\de\vandermeer\skb-interfaces\0.0.1\skb-interfaces-0.0.1.jar;C:\Users\Hp\.m2\repository\org\antlr\ST4\4.0.8\ST4-4.0.8.jar;C:\Users\Hp\.m2\repository\org\antlr\antlr-runtime\3.5.2\antlr-runtime-3.5.2.jar;C:\Users\Hp\.m2\repository\org\antlr\antlr4\4.5.1\antlr4-4.5.1.jar;C:\Users\Hp\.m2\repository\de\vandermeer\char-translation\0.0.2\char-translation-0.0.2.jar;C:\Users\Hp\.m2\repository\org\apache\commons\commons-math3\3.3\commons-math3-3.3.jar;C:\Users\Hp\.m2\repository\org\apache\logging\log4j\log4j-slf4j-impl\2.6.1\log4j-slf4j-impl-2.6.1.jar;C:\Users\Hp\.m2\repository\org\slf4j\log4j-over-slf4j\1.7.21\log4j-over-slf4j-1.7.21.jar;C:\Users\Hp\.m2\repository\org\slf4j\jcl-over-slf4j\1.7.21\jcl-over-slf4j-1.7.21.jar;C:\Users\Hp\.m2\repository\org\apache\logging\log4j\log4j-api\2.6.1\log4j-api-2.6.1.jar;C:\Users\Hp\.m2\repository\org\apache\logging\log4j\log4j-core\2.6.1\log4j-core-2.6.1.jar;C:\Users\Hp\.m2\repository\commons-codec\commons-codec\1.11\commons-codec-1.11.jar;C:\Users\Hp\.m2\repository\org\apache\jena\jena-tdb\3.9.0\jena-tdb-3.9.0.jar;C:\Users\Hp\.m2\repository\org\apache\jena\jena-tdb2\3.9.0\jena-tdb2-3.9.0.jar;C:\Users\Hp\.m2\repository\org\apache\jena\jena-dboe-trans-data\3.9.0\jena-dboe-trans-data-3.9.0.jar;C:\Users\Hp\.m2\repos
Launcher Type: SUN_STANDARD

[Global flags]
     intx CICompilerCount                          = 4                                         {product} {ergonomic}
     uint ConcGCThreads                            = 2                                         {product} {ergonomic}
     uint G1ConcRefinementThreads                  = 8                                         {product} {ergonomic}
   size_t G1HeapRegionSize                         = 33554432                                  {product} {ergonomic}
    uintx GCDrainStackTargetSize                   = 64                                        {product} {ergonomic}
   size_t InitialHeapSize                          = 268435456                                 {product} {command line}
   size_t MarkStackSize                            = 4194304                                   {product} {ergonomic}
   size_t MaxHeapSize                              = 137438953472                              {product} {command line}
   size_t MaxNewSize                               = 82443239424                               {product} {ergonomic}
   size_t MinHeapDeltaBytes                        = 33554432                                  {product} {ergonomic}
    uintx NonNMethodCodeHeapSize                   = 5836300                                {pd product} {ergonomic}
    uintx NonProfiledCodeHeapSize                  = 122910970                              {pd product} {ergonomic}
    uintx ProfiledCodeHeapSize                     = 122910970                              {pd product} {ergonomic}
    uintx ReservedCodeCacheSize                    = 251658240                              {pd product} {ergonomic}
     bool SegmentedCodeCache                       = true                                      {product} {ergonomic}
     bool UseG1GC                                  = true                                      {product} {ergonomic}
     bool UseLargePagesIndividualAllocation        = false                                  {pd product} {ergonomic}

Logging:
Log output configuration:
 #0: stdout all=warning uptime,level,tags
 #1: stderr all=off uptime,level,tags

Environment Variables:
JAVA_HOME=C:\Program Files\Java\jdk-11.0.12
CLASSPATH=C:\Users\Hp\.m2\repository\org\apache\maven\surefire\surefire-booter\2.22.2\surefire-booter-2.22.2.jar;C:\Users\Hp\.m2\repository\org\apache\maven\surefire\surefire-api\2.22.2\surefire-api-2.22.2.jar;C:\Users\Hp\.m2\repository\org\apache\maven\surefire\surefire-logger-api\2.22.2\surefire-logger-api-2.22.2.jar;F:\FinalProject\Benchmarking\LIMES\limes-core\target\test-classes;F:\FinalProject\Benchmarking\LIMES\limes-core\target\classes;C:\Users\Hp\.m2\repository\org\slf4j\slf4j-api\1.7.21\slf4j-api-1.7.21.jar;C:\Users\Hp\.m2\repository\de\vandermeer\asciitable\0.3.2\asciitable-0.3.2.jar;C:\Users\Hp\.m2\repository\de\vandermeer\ascii-utf-themes\0.0.1\ascii-utf-themes-0.0.1.jar;C:\Users\Hp\.m2\repository\de\vandermeer\skb-interfaces\0.0.1\skb-interfaces-0.0.1.jar;C:\Users\Hp\.m2\repository\org\antlr\ST4\4.0.8\ST4-4.0.8.jar;C:\Users\Hp\.m2\repository\org\antlr\antlr-runtime\3.5.2\antlr-runtime-3.5.2.jar;C:\Users\Hp\.m2\repository\org\antlr\antlr4\4.5.1\antlr4-4.5.1.jar;C:\Users\Hp\.m2\repository\de\vandermeer\char-translation\0.0.2\char-translation-0.0.2.jar;C:\Users\Hp\.m2\repository\org\apache\commons\commons-math3\3.3\commons-math3-3.3.jar;C:\Users\Hp\.m2\repository\org\apache\logging\log4j\log4j-slf4j-impl\2.6.1\log4j-slf4j-impl-2.6.1.jar;C:\Users\Hp\.m2\repository\org\slf4j\log4j-over-slf4j\1.7.21\log4j-over-slf4j-1.7.21.jar;C:\Users\Hp\.m2\repository\org\slf4j\jcl-over-slf4j\1.7.21\jcl-over-slf4j-1.7.21.jar;C:\Users\Hp\.m2\repository\org\apache\logging\log4j\log4j-api\2.6.1\log4j-api-2.6.1.jar;C:\Users\Hp\.m2\repository\org\apache\logging\log4j\log4j-core\2.6.1\log4j-core-2.6.1.jar;C:\Users\Hp\.m2\repository\commons-codec\commons-codec\1.11\commons-codec-1.11.jar;C:\Users\Hp\.m2\repository\org\apache\jena\jena-tdb\3.9.0\jena-tdb-3.9.0.jar;C:\Users\Hp\.m2\repository\org\apache\jena\jena-tdb2\3.9.0\jena-tdb2-3.9.0.jar;C:\Users\Hp\.m2\repository\org\apache\jena\jena-dboe-trans-data\3.9.0\jena-dboe-trans-data-3.9.0.jar;C:\Users\Hp\.m2\repository\org\apache\jena\jena-
PATH=C:\Program Files\Common Files\Oracle\Java\javapath;C:\WINDOWS\system32;C:\WINDOWS;C:\WINDOWS\System32\Wbem;C:\WINDOWS\System32\WindowsPowerShell\v1.0\;C:\WINDOWS\System32\OpenSSH\;C:\Program Files\swipl\bin;C:\Program Files\Git\cmd;C:\apache-maven-3.6.3\bin;C:\Program Files\nodejs\;C:\Users\Hp\AppData\Local\Microsoft\WindowsApps\python.exe;C:\Users\Hp\AppData\Local\Microsoft\WindowsApps\;;C:\Program Files\Docker\Docker\resources\bin;C:\ProgramData\DockerDesktop\version-bin;C:\Users\Hp\anaconda3;C:\Users\Hp\anaconda3\Library\mingw-w64\bin;C:\Users\Hp\anaconda3\Library\usr\bin;C:\Users\Hp\anaconda3\Library\bin;C:\Users\Hp\anaconda3\Scripts;C:\Users\Hp\AppData\Local\Microsoft\WindowsApps;C:\Users\Hp\AppData\Local\Programs\Microsoft VS Code\bin;C:\Program Files\JetBrains\PyCharm Community Edition 2020.3.3\bin;;C:\Users\Hp\AppData\Roaming\npm
USERNAME=Hp
OS=Windows_NT
PROCESSOR_IDENTIFIER=Intel64 Family 6 Model 142 Stepping 12, GenuineIntel



---------------  S Y S T E M  ---------------

OS: Windows 10 , 64 bit Build 19041 (10.0.19041.1466)
Hyper-V role detected

CPU:total 8 (initial active 8) (4 cores per cpu, 2 threads per core) family 6 model 142 stepping 12 microcode 0xde, cmov, cx8, fxsr, mmx, sse, sse2, sse3, ssse3, sse4.1, sse4.2, popcnt, avx, avx2, aes, clmul, erms, 3dnowpref, lzcnt, ht, tsc, tscinvbit, bmi1, bmi2, adx, fma

Memory: 4k page, system-wide physical 7995M (640M free)
TotalPageFile size 20460M (AvailPageFile size 5480M)
current process WorkingSet (physical memory assigned to process): 3783M, peak: 3783M
current process commit charge ("private bytes"): 5913M, peak: 13305M

vm_info: Java HotSpot(TM) 64-Bit Server VM (11.0.12+8-LTS-237) for windows-amd64 JRE (11.0.12+8-LTS-237), built on Jun  8 2021 11:25:59 by "mach5one" with MS VC++ 15.9 (VS2017)

END.
