#
# There is insufficient memory for the Java Runtime Environment to continue.
# Native memory allocation (mmap) failed to map 25031606272 bytes for Failed to commit area from 0x000002642c000000 to 0x0000026a00000000 of length 25031606272.
# Possible reasons:
#   The system is out of physical RAM or swap space
# Possible solutions:
#   Reduce memory load on the system
#   Increase physical memory or swap space
#   Check if swap backing store is full
#   Decrease Java heap size (-Xmx/-Xms)
#   Decrease number of Java threads
#   Decrease Java thread stack sizes (-Xss)
#   Set larger code cache with -XX:ReservedCodeCacheSize=
# This output file may be truncated or incomplete.
#
#  Out of Memory Error (./open/src/hotspot/os/windows/os_windows.cpp:3273), pid=328, tid=18900
#
# JRE version: Java(TM) SE Runtime Environment 18.9 (11.0.12+8) (build 11.0.12+8-LTS-237)
# Java VM: Java HotSpot(TM) 64-Bit Server VM 18.9 (11.0.12+8-LTS-237, mixed mode, tiered, g1 gc, windows-amd64)
# No core dump will be written. Minidumps are not enabled by default on client versions of Windows
#

---------------  S U M M A R Y ------------

Command Line: -Xms256m -Xmx128G org.apache.maven.surefire.booter.ForkedBooter C:\Users\Hp\AppData\Local\Temp\surefire10822751787169901312 2022-01-26T20-19-18_629-jvmRun1 surefire16268330444466729267tmp surefire_04985633970295765430tmp

Host: Intel(R) Core(TM) i5-10210U CPU @ 1.60GHz, 8 cores, 7G,  Windows 10 , 64 bit Build 19041 (10.0.19041.1466)
Time: Wed Jan 26 20:19:46 2022 W. Europe Standard Time elapsed time: 27.446272 seconds (0d 0h 0m 27s)

---------------  T H R E A D  ---------------

Current thread (0x0000026141c8f000):  VMThread "VM Thread" [stack: 0x000000eb3e800000,0x000000eb3e900000] [id=18900]

Stack: [0x000000eb3e800000,0x000000eb3e900000]
[error occurred during error reporting (printing stack bounds), id 0xc0000005, EXCEPTION_ACCESS_VIOLATION (0xc0000005) at pc=0x0000026131240f20]

Native frames: (J=compiled Java code, j=interpreted, Vv=VM code, C=native code)
V  [jvm.dll+0x617d9a]
V  [jvm.dll+0x74eeef]
V  [jvm.dll+0x750599]
V  [jvm.dll+0x750b85]
V  [jvm.dll+0x750b3b]
V  [jvm.dll+0x6175d3]
V  [jvm.dll+0x617998]
C  [ntdll.dll+0xa20cf]
C  [ntdll.dll+0x51454]
C  [ntdll.dll+0xa0bfe]
C  0x0000026131240f20

VM_Operation (0x000000eb3e2fd800): G1CollectForAllocation, mode: safepoint, requested by thread 0x0000026128d90000


---------------  P R O C E S S  ---------------

Threads class SMR info:
_java_thread_list=0x00000282787fb340, length=12, elements={
0x0000026128d90000, 0x0000026141c92800, 0x0000026141c94000, 0x0000026141cae000,
0x0000026141caf000, 0x0000026141cb0000, 0x0000026141cb4800, 0x0000026141cb7800,
0x0000026141cbe000, 0x0000028274164000, 0x00000282741a3800, 0x00000282743fe000
}

Java Threads: ( => current thread )
  0x0000026128d90000 JavaThread "main" [_thread_blocked, id=7964, stack(0x000000eb3e200000,0x000000eb3e300000)]
  0x0000026141c92800 JavaThread "Reference Handler" daemon [_thread_blocked, id=8312, stack(0x000000eb3e900000,0x000000eb3ea00000)]
  0x0000026141c94000 JavaThread "Finalizer" daemon [_thread_blocked, id=16276, stack(0x000000eb3ea00000,0x000000eb3eb00000)]
  0x0000026141cae000 JavaThread "Signal Dispatcher" daemon [_thread_blocked, id=12836, stack(0x000000eb3eb00000,0x000000eb3ec00000)]
  0x0000026141caf000 JavaThread "Attach Listener" daemon [_thread_blocked, id=16244, stack(0x000000eb3ec00000,0x000000eb3ed00000)]
  0x0000026141cb0000 JavaThread "Service Thread" daemon [_thread_blocked, id=14132, stack(0x000000eb3ed00000,0x000000eb3ee00000)]
  0x0000026141cb4800 JavaThread "C2 CompilerThread0" daemon [_thread_blocked, id=6188, stack(0x000000eb3ee00000,0x000000eb3ef00000)]
  0x0000026141cb7800 JavaThread "C1 CompilerThread0" daemon [_thread_blocked, id=7052, stack(0x000000eb3ef00000,0x000000eb3f000000)]
  0x0000026141cbe000 JavaThread "Sweeper thread" daemon [_thread_blocked, id=22976, stack(0x000000eb3f000000,0x000000eb3f100000)]
  0x0000028274164000 JavaThread "Common-Cleaner" daemon [_thread_blocked, id=19748, stack(0x000000eb3f200000,0x000000eb3f300000)]
  0x00000282741a3800 JavaThread "surefire-forkedjvm-command-thread" daemon [_thread_in_native, id=4092, stack(0x000000eb3f300000,0x000000eb3f400000)]
  0x00000282743fe000 JavaThread "surefire-forkedjvm-ping-30s" daemon [_thread_blocked, id=21464, stack(0x000000eb3f400000,0x000000eb3f500000)]

Other Threads:
=>0x0000026141c8f000 VMThread "VM Thread" [stack: 0x000000eb3e800000,0x000000eb3e900000] [id=18900]
  0x000002827419b000 WatcherThread [stack: 0x000000eb3f100000,0x000000eb3f200000] [id=13516]
  0x0000026128da4000 GCTaskThread "GC Thread#0" [stack: 0x000000eb3e300000,0x000000eb3e400000] [id=19644]
  0x0000028275503000 GCTaskThread "GC Thread#1" [stack: 0x000000eb3f700000,0x000000eb3f800000] [id=6124]
  0x00000282753fb000 GCTaskThread "GC Thread#2" [stack: 0x000000eb3f800000,0x000000eb3f900000] [id=19548]
  0x0000028274bb6000 GCTaskThread "GC Thread#3" [stack: 0x000000eb3f900000,0x000000eb3fa00000] [id=19696]
  0x0000028274bb7000 GCTaskThread "GC Thread#4" [stack: 0x000000eb3fa00000,0x000000eb3fb00000] [id=11700]
  0x00000282753ab000 GCTaskThread "GC Thread#5" [stack: 0x000000eb3fb00000,0x000000eb3fc00000] [id=18348]
  0x00000282754a3000 GCTaskThread "GC Thread#6" [stack: 0x000000eb3f500000,0x000000eb3f600000] [id=18708]
  0x0000028275b88000 GCTaskThread "GC Thread#7" [stack: 0x000000eb40400000,0x000000eb40500000] [id=1260]
  0x0000026128de2800 ConcurrentGCThread "G1 Main Marker" [stack: 0x000000eb3e400000,0x000000eb3e500000] [id=12440]
  0x0000026128de5000 ConcurrentGCThread "G1 Conc#0" [stack: 0x000000eb3e500000,0x000000eb3e600000] [id=8064]
  0x0000028276bab000 ConcurrentGCThread "G1 Conc#1" [stack: 0x000000eb3fc00000,0x000000eb3fd00000] [id=16916]
  0x0000026128e1f800 ConcurrentGCThread "G1 Refine#0" [stack: 0x000000eb3e600000,0x000000eb3e700000] [id=6604]
  0x0000028275bb8000 ConcurrentGCThread "G1 Refine#1" [stack: 0x000000eb3f600000,0x000000eb3f700000] [id=7860]
  0x0000028278d2f000 ConcurrentGCThread "G1 Refine#2" [stack: 0x000000eb3fd00000,0x000000eb3fe00000] [id=15288]
  0x00000282759f8000 ConcurrentGCThread "G1 Refine#3" [stack: 0x000000eb3fe00000,0x000000eb3ff00000] [id=18988]
  0x00000282783f4800 ConcurrentGCThread "G1 Refine#4" [stack: 0x000000eb3ff00000,0x000000eb40000000] [id=21928]
  0x0000028277719800 ConcurrentGCThread "G1 Refine#5" [stack: 0x000000eb40000000,0x000000eb40100000] [id=14096]
  0x000002827744a000 ConcurrentGCThread "G1 Refine#6" [stack: 0x000000eb40100000,0x000000eb40200000] [id=9576]
  0x000002827744b000 ConcurrentGCThread "G1 Refine#7" [stack: 0x000000eb40200000,0x000000eb40300000] [id=20528]
  0x0000026128e20800 ConcurrentGCThread "G1 Young RemSet Sampling" [stack: 0x000000eb3e700000,0x000000eb3e800000] [id=23072]

Threads with active compile tasks:

VM state:at safepoint (normal execution)

VM Mutex/Monitor currently owned by a thread:  ([mutex/lock_event])
[0x0000026128d8b0f0] Threads_lock - owner thread: 0x0000026141c8f000
[0x0000026128d8c530] Heap_lock - owner thread: 0x0000026128d90000

Heap:
 garbage-first heap   total 36667392K, used 1367801K [0x0000026142000000, 0x0000028142000000)
  region size 32768K, 3 young (98304K), 3 survivors (98304K)
 Metaspace       used 27304K, capacity 27588K, committed 27648K, reserved 28672K
Heap Regions: E=young(eden), S=young(survivor), O=old, HS=humongous(starts), HC=humongous(continues), CS=collection set, F=free, A=archive, TAMS=top-at-mark-start (previous, next)
|   0|0x0000026142000000, 0x0000026144000000, 0x0000026144000000|100%| O|  |TAMS 0x0000026142000000, 0x0000026142000000| Untracked 
|   1|0x0000026144000000, 0x0000026146000000, 0x0000026146000000|100%| O|  |TAMS 0x0000026144000000, 0x0000026144000000| Untracked 
|   2|0x0000026146000000, 0x0000026148000000, 0x0000026148000000|100%| O|  |TAMS 0x0000026146000000, 0x0000026146000000| Untracked 
|   3|0x0000026148000000, 0x000002614a000000, 0x000002614a000000|100%| O|  |TAMS 0x0000026148000000, 0x0000026148000000| Untracked 
|   4|0x000002614a000000, 0x000002614c000000, 0x000002614c000000|100%| O|  |TAMS 0x000002614a000000, 0x000002614a000000| Untracked 
|   5|0x000002614c000000, 0x000002614e000000, 0x000002614e000000|100%| O|  |TAMS 0x000002614c000000, 0x000002614c000000| Untracked 
|   6|0x000002614e000000, 0x0000026150000000, 0x0000026150000000|100%| O|  |TAMS 0x000002614e000000, 0x000002614e000000| Untracked 
|   7|0x0000026150000000, 0x0000026152000000, 0x0000026152000000|100%| O|  |TAMS 0x0000026150000000, 0x0000026150000000| Untracked 
|   8|0x0000026152000000, 0x0000026154000000, 0x0000026154000000|100%| O|  |TAMS 0x0000026152000000, 0x0000026152000000| Untracked 
|   9|0x0000026154000000, 0x0000026156000000, 0x0000026156000000|100%| O|  |TAMS 0x0000026154000000, 0x0000026154000000| Untracked 
|  10|0x0000026156000000, 0x0000026158000000, 0x0000026158000000|100%| O|  |TAMS 0x0000026156000000, 0x0000026156000000| Untracked 
|  11|0x0000026158000000, 0x000002615a000000, 0x000002615a000000|100%| O|  |TAMS 0x0000026158000000, 0x0000026158000000| Untracked 
|  12|0x000002615a000000, 0x000002615c000000, 0x000002615c000000|100%| O|  |TAMS 0x000002615a000000, 0x000002615a000000| Untracked 
|  13|0x000002615c000000, 0x000002615e000000, 0x000002615e000000|100%| O|  |TAMS 0x000002615c000000, 0x000002615c000000| Untracked 
|  14|0x000002615e000000, 0x0000026160000000, 0x0000026160000000|100%| O|  |TAMS 0x000002615e000000, 0x000002615e000000| Untracked 
|  15|0x0000026160000000, 0x0000026162000000, 0x0000026162000000|100%| O|  |TAMS 0x0000026160000000, 0x0000026160000000| Untracked 
|  16|0x0000026162000000, 0x0000026164000000, 0x0000026164000000|100%| O|  |TAMS 0x0000026162000000, 0x0000026162000000| Untracked 
|  17|0x0000026164000000, 0x0000026166000000, 0x0000026166000000|100%| O|  |TAMS 0x0000026164000000, 0x0000026164000000| Untracked 
|  18|0x0000026166000000, 0x0000026168000000, 0x0000026168000000|100%| O|  |TAMS 0x0000026166000000, 0x0000026166000000| Untracked 
|  19|0x0000026168000000, 0x000002616a000000, 0x000002616a000000|100%| O|  |TAMS 0x0000026168000000, 0x0000026168000000| Untracked 
|  20|0x000002616a000000, 0x000002616c000000, 0x000002616c000000|100%| O|  |TAMS 0x000002616a000000, 0x000002616a000000| Untracked 
|  21|0x000002616c000000, 0x000002616e000000, 0x000002616e000000|100%| O|  |TAMS 0x000002616c000000, 0x000002616c000000| Untracked 
|  22|0x000002616e000000, 0x0000026170000000, 0x0000026170000000|100%| O|  |TAMS 0x000002616e000000, 0x000002616e000000| Untracked 
|  23|0x0000026170000000, 0x0000026172000000, 0x0000026172000000|100%| O|  |TAMS 0x0000026170000000, 0x0000026170000000| Untracked 
|  24|0x0000026172000000, 0x0000026174000000, 0x0000026174000000|100%| O|  |TAMS 0x0000026172000000, 0x0000026172000000| Untracked 
|  25|0x0000026174000000, 0x0000026176000000, 0x0000026176000000|100%| O|  |TAMS 0x0000026174000000, 0x0000026174000000| Untracked 
|  26|0x0000026176000000, 0x0000026178000000, 0x0000026178000000|100%| O|  |TAMS 0x0000026176000000, 0x0000026176000000| Untracked 
|  27|0x0000026178000000, 0x000002617a000000, 0x000002617a000000|100%| O|  |TAMS 0x0000026178000000, 0x0000026178000000| Untracked 
|  28|0x000002617a000000, 0x000002617c000000, 0x000002617c000000|100%| O|  |TAMS 0x000002617a000000, 0x000002617a000000| Untracked 
|  29|0x000002617c000000, 0x000002617e000000, 0x000002617e000000|100%| O|  |TAMS 0x000002617c000000, 0x000002617c000000| Untracked 
|  30|0x000002617e000000, 0x0000026180000000, 0x0000026180000000|100%| O|  |TAMS 0x000002617e000000, 0x000002617e000000| Untracked 
|  31|0x0000026180000000, 0x0000026182000000, 0x0000026182000000|100%| O|  |TAMS 0x0000026180000000, 0x0000026180000000| Untracked 
|  32|0x0000026182000000, 0x0000026184000000, 0x0000026184000000|100%| O|  |TAMS 0x0000026182000000, 0x0000026182000000| Untracked 
|  33|0x0000026184000000, 0x0000026186000000, 0x0000026186000000|100%| O|  |TAMS 0x0000026184000000, 0x0000026184000000| Untracked 
|  34|0x0000026186000000, 0x0000026188000000, 0x0000026188000000|100%| O|  |TAMS 0x0000026186000000, 0x0000026186000000| Untracked 
|  35|0x0000026188000000, 0x000002618a000000, 0x000002618a000000|100%| O|  |TAMS 0x0000026188000000, 0x0000026188000000| Untracked 
|  36|0x000002618a000000, 0x000002618c000000, 0x000002618c000000|100%| O|  |TAMS 0x000002618a000000, 0x000002618a000000| Untracked 
|  37|0x000002618c000000, 0x000002618e000000, 0x000002618e000000|100%| O|  |TAMS 0x000002618c000000, 0x000002618c000000| Untracked 
|  38|0x000002618e000000, 0x0000026190000000, 0x0000026190000000|100%| O|  |TAMS 0x000002618e000000, 0x000002618e000000| Untracked 
|  39|0x0000026190000000, 0x0000026191577800, 0x0000026192000000| 67%| O|  |TAMS 0x0000026190000000, 0x0000026190000000| Untracked 
|  40|0x0000026192000000, 0x0000026192000000, 0x0000026194000000|  0%| F|  |TAMS 0x0000026192000000, 0x0000026192000000| Untracked 
|  41|0x0000026194000000, 0x0000026194000000, 0x0000026196000000|  0%| F|  |TAMS 0x0000026194000000, 0x0000026194000000| Untracked 
|  42|0x0000026196000000, 0x0000026196000000, 0x0000026198000000|  0%| F|  |TAMS 0x0000026196000000, 0x0000026196000000| Untracked 
|  43|0x0000026198000000, 0x0000026198000000, 0x000002619a000000|  0%| F|  |TAMS 0x0000026198000000, 0x0000026198000000| Untracked 
|  44|0x000002619a000000, 0x000002619a000000, 0x000002619c000000|  0%| F|  |TAMS 0x000002619a000000, 0x000002619a000000| Untracked 
|  45|0x000002619c000000, 0x000002619c000000, 0x000002619e000000|  0%| F|  |TAMS 0x000002619c000000, 0x000002619c000000| Untracked 
|  46|0x000002619e000000, 0x000002619e000000, 0x00000261a0000000|  0%| F|  |TAMS 0x000002619e000000, 0x000002619e000000| Untracked 
|  47|0x00000261a0000000, 0x00000261a0000000, 0x00000261a2000000|  0%| F|  |TAMS 0x00000261a0000000, 0x00000261a0000000| Untracked 
|  48|0x00000261a2000000, 0x00000261a2000000, 0x00000261a4000000|  0%| F|  |TAMS 0x00000261a2000000, 0x00000261a2000000| Untracked 
|  49|0x00000261a4000000, 0x00000261a4000000, 0x00000261a6000000|  0%| F|  |TAMS 0x00000261a4000000, 0x00000261a4000000| Untracked 
|  50|0x00000261a6000000, 0x00000261a6000000, 0x00000261a8000000|  0%| F|  |TAMS 0x00000261a6000000, 0x00000261a6000000| Untracked 
|  51|0x00000261a8000000, 0x00000261a8000000, 0x00000261aa000000|  0%| F|  |TAMS 0x00000261a8000000, 0x00000261a8000000| Untracked 
|  52|0x00000261aa000000, 0x00000261aa000000, 0x00000261ac000000|  0%| F|  |TAMS 0x00000261aa000000, 0x00000261aa000000| Untracked 
|  53|0x00000261ac000000, 0x00000261ac000000, 0x00000261ae000000|  0%| F|  |TAMS 0x00000261ac000000, 0x00000261ac000000| Untracked 
|  54|0x00000261ae000000, 0x00000261ae000000, 0x00000261b0000000|  0%| F|  |TAMS 0x00000261ae000000, 0x00000261ae000000| Untracked 
|  55|0x00000261b0000000, 0x00000261b0000000, 0x00000261b2000000|  0%| F|  |TAMS 0x00000261b0000000, 0x00000261b0000000| Untracked 
|  56|0x00000261b2000000, 0x00000261b2000000, 0x00000261b4000000|  0%| F|  |TAMS 0x00000261b2000000, 0x00000261b2000000| Untracked 
|  57|0x00000261b4000000, 0x00000261b4000000, 0x00000261b6000000|  0%| F|  |TAMS 0x00000261b4000000, 0x00000261b4000000| Untracked 
|  58|0x00000261b6000000, 0x00000261b6000000, 0x00000261b8000000|  0%| F|  |TAMS 0x00000261b6000000, 0x00000261b6000000| Untracked 
|  59|0x00000261b8000000, 0x00000261b8000000, 0x00000261ba000000|  0%| F|  |TAMS 0x00000261b8000000, 0x00000261b8000000| Untracked 
|  60|0x00000261ba000000, 0x00000261ba000000, 0x00000261bc000000|  0%| F|  |TAMS 0x00000261ba000000, 0x00000261ba000000| Untracked 
|  61|0x00000261bc000000, 0x00000261bc000000, 0x00000261be000000|  0%| F|  |TAMS 0x00000261bc000000, 0x00000261bc000000| Untracked 
|  62|0x00000261be000000, 0x00000261be000000, 0x00000261c0000000|  0%| F|  |TAMS 0x00000261be000000, 0x00000261be000000| Untracked 
|  63|0x00000261c0000000, 0x00000261c0000000, 0x00000261c2000000|  0%| F|  |TAMS 0x00000261c0000000, 0x00000261c0000000| Untracked 
|  64|0x00000261c2000000, 0x00000261c2000000, 0x00000261c4000000|  0%| F|  |TAMS 0x00000261c2000000, 0x00000261c2000000| Untracked 
|  65|0x00000261c4000000, 0x00000261c4000000, 0x00000261c6000000|  0%| F|  |TAMS 0x00000261c4000000, 0x00000261c4000000| Untracked 
|  66|0x00000261c6000000, 0x00000261c6000000, 0x00000261c8000000|  0%| F|  |TAMS 0x00000261c6000000, 0x00000261c6000000| Untracked 
|  67|0x00000261c8000000, 0x00000261c8000000, 0x00000261ca000000|  0%| F|  |TAMS 0x00000261c8000000, 0x00000261c8000000| Untracked 
|  68|0x00000261ca000000, 0x00000261ca000000, 0x00000261cc000000|  0%| F|  |TAMS 0x00000261ca000000, 0x00000261ca000000| Untracked 
|  69|0x00000261cc000000, 0x00000261cc000000, 0x00000261ce000000|  0%| F|  |TAMS 0x00000261cc000000, 0x00000261cc000000| Untracked 
|  70|0x00000261ce000000, 0x00000261ce000000, 0x00000261d0000000|  0%| F|  |TAMS 0x00000261ce000000, 0x00000261ce000000| Untracked 
|  71|0x00000261d0000000, 0x00000261d0000000, 0x00000261d2000000|  0%| F|  |TAMS 0x00000261d0000000, 0x00000261d0000000| Untracked 
|  72|0x00000261d2000000, 0x00000261d2000000, 0x00000261d4000000|  0%| F|  |TAMS 0x00000261d2000000, 0x00000261d2000000| Untracked 
|  73|0x00000261d4000000, 0x00000261d4000000, 0x00000261d6000000|  0%| F|  |TAMS 0x00000261d4000000, 0x00000261d4000000| Untracked 
|  74|0x00000261d6000000, 0x00000261d6000000, 0x00000261d8000000|  0%| F|  |TAMS 0x00000261d6000000, 0x00000261d6000000| Untracked 
|  75|0x00000261d8000000, 0x00000261d8000000, 0x00000261da000000|  0%| F|  |TAMS 0x00000261d8000000, 0x00000261d8000000| Untracked 
|  76|0x00000261da000000, 0x00000261da000000, 0x00000261dc000000|  0%| F|  |TAMS 0x00000261da000000, 0x00000261da000000| Untracked 
|  77|0x00000261dc000000, 0x00000261dc000000, 0x00000261de000000|  0%| F|  |TAMS 0x00000261dc000000, 0x00000261dc000000| Untracked 
|  78|0x00000261de000000, 0x00000261de000000, 0x00000261e0000000|  0%| F|  |TAMS 0x00000261de000000, 0x00000261de000000| Untracked 
|  79|0x00000261e0000000, 0x00000261e0000000, 0x00000261e2000000|  0%| F|  |TAMS 0x00000261e0000000, 0x00000261e0000000| Untracked 
|  80|0x00000261e2000000, 0x00000261e2000000, 0x00000261e4000000|  0%| F|  |TAMS 0x00000261e2000000, 0x00000261e2000000| Untracked 
|  81|0x00000261e4000000, 0x00000261e4000000, 0x00000261e6000000|  0%| F|  |TAMS 0x00000261e4000000, 0x00000261e4000000| Untracked 
|  82|0x00000261e6000000, 0x00000261e6000000, 0x00000261e8000000|  0%| F|  |TAMS 0x00000261e6000000, 0x00000261e6000000| Untracked 
|  83|0x00000261e8000000, 0x00000261e8000000, 0x00000261ea000000|  0%| F|  |TAMS 0x00000261e8000000, 0x00000261e8000000| Untracked 
|  84|0x00000261ea000000, 0x00000261ea000000, 0x00000261ec000000|  0%| F|  |TAMS 0x00000261ea000000, 0x00000261ea000000| Untracked 
|  85|0x00000261ec000000, 0x00000261ec000000, 0x00000261ee000000|  0%| F|  |TAMS 0x00000261ec000000, 0x00000261ec000000| Untracked 
|  86|0x00000261ee000000, 0x00000261ee000000, 0x00000261f0000000|  0%| F|  |TAMS 0x00000261ee000000, 0x00000261ee000000| Untracked 
|  87|0x00000261f0000000, 0x00000261f0000000, 0x00000261f2000000|  0%| F|  |TAMS 0x00000261f0000000, 0x00000261f0000000| Untracked 
|  88|0x00000261f2000000, 0x00000261f2000000, 0x00000261f4000000|  0%| F|  |TAMS 0x00000261f2000000, 0x00000261f2000000| Untracked 
|  89|0x00000261f4000000, 0x00000261f4000000, 0x00000261f6000000|  0%| F|  |TAMS 0x00000261f4000000, 0x00000261f4000000| Untracked 
|  90|0x00000261f6000000, 0x00000261f6000000, 0x00000261f8000000|  0%| F|  |TAMS 0x00000261f6000000, 0x00000261f6000000| Untracked 
|  91|0x00000261f8000000, 0x00000261f8000000, 0x00000261fa000000|  0%| F|  |TAMS 0x00000261f8000000, 0x00000261f8000000| Untracked 
|  92|0x00000261fa000000, 0x00000261fa000000, 0x00000261fc000000|  0%| F|  |TAMS 0x00000261fa000000, 0x00000261fa000000| Untracked 
|  93|0x00000261fc000000, 0x00000261fc000000, 0x00000261fe000000|  0%| F|  |TAMS 0x00000261fc000000, 0x00000261fc000000| Untracked 
|  94|0x00000261fe000000, 0x00000261fe000000, 0x0000026200000000|  0%| F|  |TAMS 0x00000261fe000000, 0x00000261fe000000| Untracked 
|  95|0x0000026200000000, 0x0000026200000000, 0x0000026202000000|  0%| F|  |TAMS 0x0000026200000000, 0x0000026200000000| Untracked 
|  96|0x0000026202000000, 0x0000026202000000, 0x0000026204000000|  0%| F|  |TAMS 0x0000026202000000, 0x0000026202000000| Untracked 
|  97|0x0000026204000000, 0x0000026204000000, 0x0000026206000000|  0%| F|  |TAMS 0x0000026204000000, 0x0000026204000000| Untracked 
|  98|0x0000026206000000, 0x0000026206000000, 0x0000026208000000|  0%| F|  |TAMS 0x0000026206000000, 0x0000026206000000| Untracked 
|  99|0x0000026208000000, 0x0000026208000000, 0x000002620a000000|  0%| F|  |TAMS 0x0000026208000000, 0x0000026208000000| Untracked 
| 100|0x000002620a000000, 0x000002620a000000, 0x000002620c000000|  0%| F|  |TAMS 0x000002620a000000, 0x000002620a000000| Untracked 
| 101|0x000002620c000000, 0x000002620c000000, 0x000002620e000000|  0%| F|  |TAMS 0x000002620c000000, 0x000002620c000000| Untracked 
| 102|0x000002620e000000, 0x000002620e000000, 0x0000026210000000|  0%| F|  |TAMS 0x000002620e000000, 0x000002620e000000| Untracked 
| 103|0x0000026210000000, 0x0000026210000000, 0x0000026212000000|  0%| F|  |TAMS 0x0000026210000000, 0x0000026210000000| Untracked 
| 104|0x0000026212000000, 0x0000026212000000, 0x0000026214000000|  0%| F|  |TAMS 0x0000026212000000, 0x0000026212000000| Untracked 
| 105|0x0000026214000000, 0x0000026214000000, 0x0000026216000000|  0%| F|  |TAMS 0x0000026214000000, 0x0000026214000000| Untracked 
| 106|0x0000026216000000, 0x0000026216000000, 0x0000026218000000|  0%| F|  |TAMS 0x0000026216000000, 0x0000026216000000| Untracked 
| 107|0x0000026218000000, 0x0000026218000000, 0x000002621a000000|  0%| F|  |TAMS 0x0000026218000000, 0x0000026218000000| Untracked 
| 108|0x000002621a000000, 0x000002621a000000, 0x000002621c000000|  0%| F|  |TAMS 0x000002621a000000, 0x000002621a000000| Untracked 
| 109|0x000002621c000000, 0x000002621c000000, 0x000002621e000000|  0%| F|  |TAMS 0x000002621c000000, 0x000002621c000000| Untracked 
| 110|0x000002621e000000, 0x000002621e000000, 0x0000026220000000|  0%| F|  |TAMS 0x000002621e000000, 0x000002621e000000| Untracked 
| 111|0x0000026220000000, 0x0000026220000000, 0x0000026222000000|  0%| F|  |TAMS 0x0000026220000000, 0x0000026220000000| Untracked 
| 112|0x0000026222000000, 0x0000026222000000, 0x0000026224000000|  0%| F|  |TAMS 0x0000026222000000, 0x0000026222000000| Untracked 
| 113|0x0000026224000000, 0x0000026224000000, 0x0000026226000000|  0%| F|  |TAMS 0x0000026224000000, 0x0000026224000000| Untracked 
| 114|0x0000026226000000, 0x0000026226000000, 0x0000026228000000|  0%| F|  |TAMS 0x0000026226000000, 0x0000026226000000| Untracked 
| 115|0x0000026228000000, 0x0000026228000000, 0x000002622a000000|  0%| F|  |TAMS 0x0000026228000000, 0x0000026228000000| Untracked 
| 116|0x000002622a000000, 0x000002622a000000, 0x000002622c000000|  0%| F|  |TAMS 0x000002622a000000, 0x000002622a000000| Untracked 
| 117|0x000002622c000000, 0x000002622c000000, 0x000002622e000000|  0%| F|  |TAMS 0x000002622c000000, 0x000002622c000000| Untracked 
| 118|0x000002622e000000, 0x000002622e000000, 0x0000026230000000|  0%| F|  |TAMS 0x000002622e000000, 0x000002622e000000| Untracked 
| 119|0x0000026230000000, 0x0000026230000000, 0x0000026232000000|  0%| F|  |TAMS 0x0000026230000000, 0x0000026230000000| Untracked 
| 120|0x0000026232000000, 0x0000026232000000, 0x0000026234000000|  0%| F|  |TAMS 0x0000026232000000, 0x0000026232000000| Untracked 
| 121|0x0000026234000000, 0x0000026234000000, 0x0000026236000000|  0%| F|  |TAMS 0x0000026234000000, 0x0000026234000000| Untracked 
| 122|0x0000026236000000, 0x0000026236000000, 0x0000026238000000|  0%| F|  |TAMS 0x0000026236000000, 0x0000026236000000| Untracked 
| 123|0x0000026238000000, 0x0000026238000000, 0x000002623a000000|  0%| F|  |TAMS 0x0000026238000000, 0x0000026238000000| Untracked 
| 124|0x000002623a000000, 0x000002623a000000, 0x000002623c000000|  0%| F|  |TAMS 0x000002623a000000, 0x000002623a000000| Untracked 
| 125|0x000002623c000000, 0x000002623c000000, 0x000002623e000000|  0%| F|  |TAMS 0x000002623c000000, 0x000002623c000000| Untracked 
| 126|0x000002623e000000, 0x000002623e000000, 0x0000026240000000|  0%| F|  |TAMS 0x000002623e000000, 0x000002623e000000| Untracked 
| 127|0x0000026240000000, 0x0000026240000000, 0x0000026242000000|  0%| F|  |TAMS 0x0000026240000000, 0x0000026240000000| Untracked 
| 128|0x0000026242000000, 0x0000026242000000, 0x0000026244000000|  0%| F|  |TAMS 0x0000026242000000, 0x0000026242000000| Untracked 
| 129|0x0000026244000000, 0x0000026244000000, 0x0000026246000000|  0%| F|  |TAMS 0x0000026244000000, 0x0000026244000000| Untracked 
| 130|0x0000026246000000, 0x0000026246000000, 0x0000026248000000|  0%| F|  |TAMS 0x0000026246000000, 0x0000026246000000| Untracked 
| 131|0x0000026248000000, 0x0000026248000000, 0x000002624a000000|  0%| F|  |TAMS 0x0000026248000000, 0x0000026248000000| Untracked 
| 132|0x000002624a000000, 0x000002624a000000, 0x000002624c000000|  0%| F|  |TAMS 0x000002624a000000, 0x000002624a000000| Untracked 
| 133|0x000002624c000000, 0x000002624c000000, 0x000002624e000000|  0%| F|  |TAMS 0x000002624c000000, 0x000002624c000000| Untracked 
| 134|0x000002624e000000, 0x000002624e000000, 0x0000026250000000|  0%| F|  |TAMS 0x000002624e000000, 0x000002624e000000| Untracked 
| 135|0x0000026250000000, 0x0000026250000000, 0x0000026252000000|  0%| F|  |TAMS 0x0000026250000000, 0x0000026250000000| Untracked 
| 136|0x0000026252000000, 0x0000026252000000, 0x0000026254000000|  0%| F|  |TAMS 0x0000026252000000, 0x0000026252000000| Untracked 
| 137|0x0000026254000000, 0x0000026254000000, 0x0000026256000000|  0%| F|  |TAMS 0x0000026254000000, 0x0000026254000000| Untracked 
| 138|0x0000026256000000, 0x0000026256000000, 0x0000026258000000|  0%| F|  |TAMS 0x0000026256000000, 0x0000026256000000| Untracked 
| 139|0x0000026258000000, 0x0000026258000000, 0x000002625a000000|  0%| F|  |TAMS 0x0000026258000000, 0x0000026258000000| Untracked 
| 140|0x000002625a000000, 0x000002625a000000, 0x000002625c000000|  0%| F|  |TAMS 0x000002625a000000, 0x000002625a000000| Untracked 
| 141|0x000002625c000000, 0x000002625c000000, 0x000002625e000000|  0%| F|  |TAMS 0x000002625c000000, 0x000002625c000000| Untracked 
| 142|0x000002625e000000, 0x000002625e000000, 0x0000026260000000|  0%| F|  |TAMS 0x000002625e000000, 0x000002625e000000| Untracked 
| 143|0x0000026260000000, 0x0000026260000000, 0x0000026262000000|  0%| F|  |TAMS 0x0000026260000000, 0x0000026260000000| Untracked 
| 144|0x0000026262000000, 0x0000026262000000, 0x0000026264000000|  0%| F|  |TAMS 0x0000026262000000, 0x0000026262000000| Untracked 
| 145|0x0000026264000000, 0x0000026264000000, 0x0000026266000000|  0%| F|  |TAMS 0x0000026264000000, 0x0000026264000000| Untracked 
| 146|0x0000026266000000, 0x0000026266000000, 0x0000026268000000|  0%| F|  |TAMS 0x0000026266000000, 0x0000026266000000| Untracked 
| 147|0x0000026268000000, 0x0000026268000000, 0x000002626a000000|  0%| F|  |TAMS 0x0000026268000000, 0x0000026268000000| Untracked 
| 148|0x000002626a000000, 0x000002626a000000, 0x000002626c000000|  0%| F|  |TAMS 0x000002626a000000, 0x000002626a000000| Untracked 
| 149|0x000002626c000000, 0x000002626c000000, 0x000002626e000000|  0%| F|  |TAMS 0x000002626c000000, 0x000002626c000000| Untracked 
| 150|0x000002626e000000, 0x000002626e000000, 0x0000026270000000|  0%| F|  |TAMS 0x000002626e000000, 0x000002626e000000| Untracked 
| 151|0x0000026270000000, 0x0000026270000000, 0x0000026272000000|  0%| F|  |TAMS 0x0000026270000000, 0x0000026270000000| Untracked 
| 152|0x0000026272000000, 0x0000026272000000, 0x0000026274000000|  0%| F|  |TAMS 0x0000026272000000, 0x0000026272000000| Untracked 
| 153|0x0000026274000000, 0x0000026274000000, 0x0000026276000000|  0%| F|  |TAMS 0x0000026274000000, 0x0000026274000000| Untracked 
| 154|0x0000026276000000, 0x0000026276000000, 0x0000026278000000|  0%| F|  |TAMS 0x0000026276000000, 0x0000026276000000| Untracked 
| 155|0x0000026278000000, 0x0000026278000000, 0x000002627a000000|  0%| F|  |TAMS 0x0000026278000000, 0x0000026278000000| Untracked 
| 156|0x000002627a000000, 0x000002627a000000, 0x000002627c000000|  0%| F|  |TAMS 0x000002627a000000, 0x000002627a000000| Untracked 
| 157|0x000002627c000000, 0x000002627c000000, 0x000002627e000000|  0%| F|  |TAMS 0x000002627c000000, 0x000002627c000000| Untracked 
| 158|0x000002627e000000, 0x000002627e000000, 0x0000026280000000|  0%| F|  |TAMS 0x000002627e000000, 0x000002627e000000| Untracked 
| 159|0x0000026280000000, 0x0000026280000000, 0x0000026282000000|  0%| F|  |TAMS 0x0000026280000000, 0x0000026280000000| Untracked 
| 160|0x0000026282000000, 0x0000026282000000, 0x0000026284000000|  0%| F|  |TAMS 0x0000026282000000, 0x0000026282000000| Untracked 
| 161|0x0000026284000000, 0x0000026284000000, 0x0000026286000000|  0%| F|  |TAMS 0x0000026284000000, 0x0000026284000000| Untracked 
| 162|0x0000026286000000, 0x0000026286000000, 0x0000026288000000|  0%| F|  |TAMS 0x0000026286000000, 0x0000026286000000| Untracked 
| 163|0x0000026288000000, 0x0000026288000000, 0x000002628a000000|  0%| F|  |TAMS 0x0000026288000000, 0x0000026288000000| Untracked 
| 164|0x000002628a000000, 0x000002628a000000, 0x000002628c000000|  0%| F|  |TAMS 0x000002628a000000, 0x000002628a000000| Untracked 
| 165|0x000002628c000000, 0x000002628c000000, 0x000002628e000000|  0%| F|  |TAMS 0x000002628c000000, 0x000002628c000000| Untracked 
| 166|0x000002628e000000, 0x000002628e000000, 0x0000026290000000|  0%| F|  |TAMS 0x000002628e000000, 0x000002628e000000| Untracked 
| 167|0x0000026290000000, 0x0000026290000000, 0x0000026292000000|  0%| F|  |TAMS 0x0000026290000000, 0x0000026290000000| Untracked 
| 168|0x0000026292000000, 0x0000026292000000, 0x0000026294000000|  0%| F|  |TAMS 0x0000026292000000, 0x0000026292000000| Untracked 
| 169|0x0000026294000000, 0x0000026294000000, 0x0000026296000000|  0%| F|  |TAMS 0x0000026294000000, 0x0000026294000000| Untracked 
| 170|0x0000026296000000, 0x0000026296000000, 0x0000026298000000|  0%| F|  |TAMS 0x0000026296000000, 0x0000026296000000| Untracked 
| 171|0x0000026298000000, 0x0000026298000000, 0x000002629a000000|  0%| F|  |TAMS 0x0000026298000000, 0x0000026298000000| Untracked 
| 172|0x000002629a000000, 0x000002629a000000, 0x000002629c000000|  0%| F|  |TAMS 0x000002629a000000, 0x000002629a000000| Untracked 
| 173|0x000002629c000000, 0x000002629c000000, 0x000002629e000000|  0%| F|  |TAMS 0x000002629c000000, 0x000002629c000000| Untracked 
| 174|0x000002629e000000, 0x000002629e000000, 0x00000262a0000000|  0%| F|  |TAMS 0x000002629e000000, 0x000002629e000000| Untracked 
| 175|0x00000262a0000000, 0x00000262a0000000, 0x00000262a2000000|  0%| F|  |TAMS 0x00000262a0000000, 0x00000262a0000000| Untracked 
| 176|0x00000262a2000000, 0x00000262a2000000, 0x00000262a4000000|  0%| F|  |TAMS 0x00000262a2000000, 0x00000262a2000000| Untracked 
| 177|0x00000262a4000000, 0x00000262a4000000, 0x00000262a6000000|  0%| F|  |TAMS 0x00000262a4000000, 0x00000262a4000000| Untracked 
| 178|0x00000262a6000000, 0x00000262a6000000, 0x00000262a8000000|  0%| F|  |TAMS 0x00000262a6000000, 0x00000262a6000000| Untracked 
| 179|0x00000262a8000000, 0x00000262a8000000, 0x00000262aa000000|  0%| F|  |TAMS 0x00000262a8000000, 0x00000262a8000000| Untracked 
| 180|0x00000262aa000000, 0x00000262aa000000, 0x00000262ac000000|  0%| F|  |TAMS 0x00000262aa000000, 0x00000262aa000000| Untracked 
| 181|0x00000262ac000000, 0x00000262ac000000, 0x00000262ae000000|  0%| F|  |TAMS 0x00000262ac000000, 0x00000262ac000000| Untracked 
| 182|0x00000262ae000000, 0x00000262ae000000, 0x00000262b0000000|  0%| F|  |TAMS 0x00000262ae000000, 0x00000262ae000000| Untracked 
| 183|0x00000262b0000000, 0x00000262b0000000, 0x00000262b2000000|  0%| F|  |TAMS 0x00000262b0000000, 0x00000262b0000000| Untracked 
| 184|0x00000262b2000000, 0x00000262b2000000, 0x00000262b4000000|  0%| F|  |TAMS 0x00000262b2000000, 0x00000262b2000000| Untracked 
| 185|0x00000262b4000000, 0x00000262b4000000, 0x00000262b6000000|  0%| F|  |TAMS 0x00000262b4000000, 0x00000262b4000000| Untracked 
| 186|0x00000262b6000000, 0x00000262b6000000, 0x00000262b8000000|  0%| F|  |TAMS 0x00000262b6000000, 0x00000262b6000000| Untracked 
| 187|0x00000262b8000000, 0x00000262b8000000, 0x00000262ba000000|  0%| F|  |TAMS 0x00000262b8000000, 0x00000262b8000000| Untracked 
| 188|0x00000262ba000000, 0x00000262ba000000, 0x00000262bc000000|  0%| F|  |TAMS 0x00000262ba000000, 0x00000262ba000000| Untracked 
| 189|0x00000262bc000000, 0x00000262bc000000, 0x00000262be000000|  0%| F|  |TAMS 0x00000262bc000000, 0x00000262bc000000| Untracked 
| 190|0x00000262be000000, 0x00000262be000000, 0x00000262c0000000|  0%| F|  |TAMS 0x00000262be000000, 0x00000262be000000| Untracked 
| 191|0x00000262c0000000, 0x00000262c0000000, 0x00000262c2000000|  0%| F|  |TAMS 0x00000262c0000000, 0x00000262c0000000| Untracked 
| 192|0x00000262c2000000, 0x00000262c2000000, 0x00000262c4000000|  0%| F|  |TAMS 0x00000262c2000000, 0x00000262c2000000| Untracked 
| 193|0x00000262c4000000, 0x00000262c4000000, 0x00000262c6000000|  0%| F|  |TAMS 0x00000262c4000000, 0x00000262c4000000| Untracked 
| 194|0x00000262c6000000, 0x00000262c6000000, 0x00000262c8000000|  0%| F|  |TAMS 0x00000262c6000000, 0x00000262c6000000| Untracked 
| 195|0x00000262c8000000, 0x00000262c8000000, 0x00000262ca000000|  0%| F|  |TAMS 0x00000262c8000000, 0x00000262c8000000| Untracked 
| 196|0x00000262ca000000, 0x00000262ca000000, 0x00000262cc000000|  0%| F|  |TAMS 0x00000262ca000000, 0x00000262ca000000| Untracked 
| 197|0x00000262cc000000, 0x00000262cc000000, 0x00000262ce000000|  0%| F|  |TAMS 0x00000262cc000000, 0x00000262cc000000| Untracked 
| 198|0x00000262ce000000, 0x00000262ce000000, 0x00000262d0000000|  0%| F|  |TAMS 0x00000262ce000000, 0x00000262ce000000| Untracked 
| 199|0x00000262d0000000, 0x00000262d0000000, 0x00000262d2000000|  0%| F|  |TAMS 0x00000262d0000000, 0x00000262d0000000| Untracked 
| 200|0x00000262d2000000, 0x00000262d2000000, 0x00000262d4000000|  0%| F|  |TAMS 0x00000262d2000000, 0x00000262d2000000| Untracked 
| 201|0x00000262d4000000, 0x00000262d4000000, 0x00000262d6000000|  0%| F|  |TAMS 0x00000262d4000000, 0x00000262d4000000| Untracked 
| 202|0x00000262d6000000, 0x00000262d6000000, 0x00000262d8000000|  0%| F|  |TAMS 0x00000262d6000000, 0x00000262d6000000| Untracked 
| 203|0x00000262d8000000, 0x00000262d8000000, 0x00000262da000000|  0%| F|  |TAMS 0x00000262d8000000, 0x00000262d8000000| Untracked 
| 204|0x00000262da000000, 0x00000262da000000, 0x00000262dc000000|  0%| F|  |TAMS 0x00000262da000000, 0x00000262da000000| Untracked 
| 205|0x00000262dc000000, 0x00000262dc000000, 0x00000262de000000|  0%| F|  |TAMS 0x00000262dc000000, 0x00000262dc000000| Untracked 
| 206|0x00000262de000000, 0x00000262de000000, 0x00000262e0000000|  0%| F|  |TAMS 0x00000262de000000, 0x00000262de000000| Untracked 
| 207|0x00000262e0000000, 0x00000262e0000000, 0x00000262e2000000|  0%| F|  |TAMS 0x00000262e0000000, 0x00000262e0000000| Untracked 
| 208|0x00000262e2000000, 0x00000262e2000000, 0x00000262e4000000|  0%| F|  |TAMS 0x00000262e2000000, 0x00000262e2000000| Untracked 
| 209|0x00000262e4000000, 0x00000262e4000000, 0x00000262e6000000|  0%| F|  |TAMS 0x00000262e4000000, 0x00000262e4000000| Untracked 
| 210|0x00000262e6000000, 0x00000262e6000000, 0x00000262e8000000|  0%| F|  |TAMS 0x00000262e6000000, 0x00000262e6000000| Untracked 
| 211|0x00000262e8000000, 0x00000262e8000000, 0x00000262ea000000|  0%| F|  |TAMS 0x00000262e8000000, 0x00000262e8000000| Untracked 
| 212|0x00000262ea000000, 0x00000262ea000000, 0x00000262ec000000|  0%| F|  |TAMS 0x00000262ea000000, 0x00000262ea000000| Untracked 
| 213|0x00000262ec000000, 0x00000262ec000000, 0x00000262ee000000|  0%| F|  |TAMS 0x00000262ec000000, 0x00000262ec000000| Untracked 
| 214|0x00000262ee000000, 0x00000262ee000000, 0x00000262f0000000|  0%| F|  |TAMS 0x00000262ee000000, 0x00000262ee000000| Untracked 
| 215|0x00000262f0000000, 0x00000262f0000000, 0x00000262f2000000|  0%| F|  |TAMS 0x00000262f0000000, 0x00000262f0000000| Untracked 
| 216|0x00000262f2000000, 0x00000262f2000000, 0x00000262f4000000|  0%| F|  |TAMS 0x00000262f2000000, 0x00000262f2000000| Untracked 
| 217|0x00000262f4000000, 0x00000262f4000000, 0x00000262f6000000|  0%| F|  |TAMS 0x00000262f4000000, 0x00000262f4000000| Untracked 
| 218|0x00000262f6000000, 0x00000262f6000000, 0x00000262f8000000|  0%| F|  |TAMS 0x00000262f6000000, 0x00000262f6000000| Untracked 
| 219|0x00000262f8000000, 0x00000262f8000000, 0x00000262fa000000|  0%| F|  |TAMS 0x00000262f8000000, 0x00000262f8000000| Untracked 
| 220|0x00000262fa000000, 0x00000262fa000000, 0x00000262fc000000|  0%| F|  |TAMS 0x00000262fa000000, 0x00000262fa000000| Untracked 
| 221|0x00000262fc000000, 0x00000262fc000000, 0x00000262fe000000|  0%| F|  |TAMS 0x00000262fc000000, 0x00000262fc000000| Untracked 
| 222|0x00000262fe000000, 0x00000262fe000000, 0x0000026300000000|  0%| F|  |TAMS 0x00000262fe000000, 0x00000262fe000000| Untracked 
| 223|0x0000026300000000, 0x0000026300000000, 0x0000026302000000|  0%| F|  |TAMS 0x0000026300000000, 0x0000026300000000| Untracked 
| 224|0x0000026302000000, 0x0000026302000000, 0x0000026304000000|  0%| F|  |TAMS 0x0000026302000000, 0x0000026302000000| Untracked 
| 225|0x0000026304000000, 0x0000026304000000, 0x0000026306000000|  0%| F|  |TAMS 0x0000026304000000, 0x0000026304000000| Untracked 
| 226|0x0000026306000000, 0x0000026306000000, 0x0000026308000000|  0%| F|  |TAMS 0x0000026306000000, 0x0000026306000000| Untracked 
| 227|0x0000026308000000, 0x0000026308000000, 0x000002630a000000|  0%| F|  |TAMS 0x0000026308000000, 0x0000026308000000| Untracked 
| 228|0x000002630a000000, 0x000002630a000000, 0x000002630c000000|  0%| F|  |TAMS 0x000002630a000000, 0x000002630a000000| Untracked 
| 229|0x000002630c000000, 0x000002630c000000, 0x000002630e000000|  0%| F|  |TAMS 0x000002630c000000, 0x000002630c000000| Untracked 
| 230|0x000002630e000000, 0x000002630e000000, 0x0000026310000000|  0%| F|  |TAMS 0x000002630e000000, 0x000002630e000000| Untracked 
| 231|0x0000026310000000, 0x0000026310000000, 0x0000026312000000|  0%| F|  |TAMS 0x0000026310000000, 0x0000026310000000| Untracked 
| 232|0x0000026312000000, 0x0000026312000000, 0x0000026314000000|  0%| F|  |TAMS 0x0000026312000000, 0x0000026312000000| Untracked 
| 233|0x0000026314000000, 0x0000026314000000, 0x0000026316000000|  0%| F|  |TAMS 0x0000026314000000, 0x0000026314000000| Untracked 
| 234|0x0000026316000000, 0x0000026316000000, 0x0000026318000000|  0%| F|  |TAMS 0x0000026316000000, 0x0000026316000000| Untracked 
| 235|0x0000026318000000, 0x0000026318000000, 0x000002631a000000|  0%| F|  |TAMS 0x0000026318000000, 0x0000026318000000| Untracked 
| 236|0x000002631a000000, 0x000002631a000000, 0x000002631c000000|  0%| F|  |TAMS 0x000002631a000000, 0x000002631a000000| Untracked 
| 237|0x000002631c000000, 0x000002631c000000, 0x000002631e000000|  0%| F|  |TAMS 0x000002631c000000, 0x000002631c000000| Untracked 
| 238|0x000002631e000000, 0x000002631e000000, 0x0000026320000000|  0%| F|  |TAMS 0x000002631e000000, 0x000002631e000000| Untracked 
| 239|0x0000026320000000, 0x0000026320000000, 0x0000026322000000|  0%| F|  |TAMS 0x0000026320000000, 0x0000026320000000| Untracked 
| 240|0x0000026322000000, 0x0000026322000000, 0x0000026324000000|  0%| F|  |TAMS 0x0000026322000000, 0x0000026322000000| Untracked 
| 241|0x0000026324000000, 0x0000026324000000, 0x0000026326000000|  0%| F|  |TAMS 0x0000026324000000, 0x0000026324000000| Untracked 
| 242|0x0000026326000000, 0x0000026326000000, 0x0000026328000000|  0%| F|  |TAMS 0x0000026326000000, 0x0000026326000000| Untracked 
| 243|0x0000026328000000, 0x0000026328000000, 0x000002632a000000|  0%| F|  |TAMS 0x0000026328000000, 0x0000026328000000| Untracked 
| 244|0x000002632a000000, 0x000002632a000000, 0x000002632c000000|  0%| F|  |TAMS 0x000002632a000000, 0x000002632a000000| Untracked 
| 245|0x000002632c000000, 0x000002632c000000, 0x000002632e000000|  0%| F|  |TAMS 0x000002632c000000, 0x000002632c000000| Untracked 
| 246|0x000002632e000000, 0x000002632e000000, 0x0000026330000000|  0%| F|  |TAMS 0x000002632e000000, 0x000002632e000000| Untracked 
| 247|0x0000026330000000, 0x0000026330000000, 0x0000026332000000|  0%| F|  |TAMS 0x0000026330000000, 0x0000026330000000| Untracked 
| 248|0x0000026332000000, 0x0000026332000000, 0x0000026334000000|  0%| F|  |TAMS 0x0000026332000000, 0x0000026332000000| Untracked 
| 249|0x0000026334000000, 0x0000026334000000, 0x0000026336000000|  0%| F|  |TAMS 0x0000026334000000, 0x0000026334000000| Untracked 
| 250|0x0000026336000000, 0x0000026336000000, 0x0000026338000000|  0%| F|  |TAMS 0x0000026336000000, 0x0000026336000000| Untracked 
| 251|0x0000026338000000, 0x0000026338000000, 0x000002633a000000|  0%| F|  |TAMS 0x0000026338000000, 0x0000026338000000| Untracked 
| 252|0x000002633a000000, 0x000002633a000000, 0x000002633c000000|  0%| F|  |TAMS 0x000002633a000000, 0x000002633a000000| Untracked 
| 253|0x000002633c000000, 0x000002633c000000, 0x000002633e000000|  0%| F|  |TAMS 0x000002633c000000, 0x000002633c000000| Untracked 
| 254|0x000002633e000000, 0x000002633e000000, 0x0000026340000000|  0%| F|  |TAMS 0x000002633e000000, 0x000002633e000000| Untracked 
| 255|0x0000026340000000, 0x0000026340000000, 0x0000026342000000|  0%| F|  |TAMS 0x0000026340000000, 0x0000026340000000| Untracked 
| 256|0x0000026342000000, 0x0000026342000000, 0x0000026344000000|  0%| F|  |TAMS 0x0000026342000000, 0x0000026342000000| Untracked 
| 257|0x0000026344000000, 0x0000026344000000, 0x0000026346000000|  0%| F|  |TAMS 0x0000026344000000, 0x0000026344000000| Untracked 
| 258|0x0000026346000000, 0x0000026346000000, 0x0000026348000000|  0%| F|  |TAMS 0x0000026346000000, 0x0000026346000000| Untracked 
| 259|0x0000026348000000, 0x0000026348000000, 0x000002634a000000|  0%| F|  |TAMS 0x0000026348000000, 0x0000026348000000| Untracked 
| 260|0x000002634a000000, 0x000002634a000000, 0x000002634c000000|  0%| F|  |TAMS 0x000002634a000000, 0x000002634a000000| Untracked 
| 261|0x000002634c000000, 0x000002634c000000, 0x000002634e000000|  0%| F|  |TAMS 0x000002634c000000, 0x000002634c000000| Untracked 
| 262|0x000002634e000000, 0x000002634e000000, 0x0000026350000000|  0%| F|  |TAMS 0x000002634e000000, 0x000002634e000000| Untracked 
| 263|0x0000026350000000, 0x0000026350000000, 0x0000026352000000|  0%| F|  |TAMS 0x0000026350000000, 0x0000026350000000| Untracked 
| 264|0x0000026352000000, 0x0000026352000000, 0x0000026354000000|  0%| F|  |TAMS 0x0000026352000000, 0x0000026352000000| Untracked 
| 265|0x0000026354000000, 0x0000026354000000, 0x0000026356000000|  0%| F|  |TAMS 0x0000026354000000, 0x0000026354000000| Untracked 
| 266|0x0000026356000000, 0x0000026356000000, 0x0000026358000000|  0%| F|  |TAMS 0x0000026356000000, 0x0000026356000000| Untracked 
| 267|0x0000026358000000, 0x0000026358000000, 0x000002635a000000|  0%| F|  |TAMS 0x0000026358000000, 0x0000026358000000| Untracked 
| 268|0x000002635a000000, 0x000002635a000000, 0x000002635c000000|  0%| F|  |TAMS 0x000002635a000000, 0x000002635a000000| Untracked 
| 269|0x000002635c000000, 0x000002635c000000, 0x000002635e000000|  0%| F|  |TAMS 0x000002635c000000, 0x000002635c000000| Untracked 
| 270|0x000002635e000000, 0x000002635e000000, 0x0000026360000000|  0%| F|  |TAMS 0x000002635e000000, 0x000002635e000000| Untracked 
| 271|0x0000026360000000, 0x0000026360000000, 0x0000026362000000|  0%| F|  |TAMS 0x0000026360000000, 0x0000026360000000| Untracked 
| 272|0x0000026362000000, 0x0000026362000000, 0x0000026364000000|  0%| F|  |TAMS 0x0000026362000000, 0x0000026362000000| Untracked 
| 273|0x0000026364000000, 0x0000026364000000, 0x0000026366000000|  0%| F|  |TAMS 0x0000026364000000, 0x0000026364000000| Untracked 
| 274|0x0000026366000000, 0x0000026366000000, 0x0000026368000000|  0%| F|  |TAMS 0x0000026366000000, 0x0000026366000000| Untracked 
| 275|0x0000026368000000, 0x0000026368000000, 0x000002636a000000|  0%| F|  |TAMS 0x0000026368000000, 0x0000026368000000| Untracked 
| 276|0x000002636a000000, 0x000002636a000000, 0x000002636c000000|  0%| F|  |TAMS 0x000002636a000000, 0x000002636a000000| Untracked 
| 277|0x000002636c000000, 0x000002636c000000, 0x000002636e000000|  0%| F|  |TAMS 0x000002636c000000, 0x000002636c000000| Untracked 
| 278|0x000002636e000000, 0x000002636e000000, 0x0000026370000000|  0%| F|  |TAMS 0x000002636e000000, 0x000002636e000000| Untracked 
| 279|0x0000026370000000, 0x0000026370000000, 0x0000026372000000|  0%| F|  |TAMS 0x0000026370000000, 0x0000026370000000| Untracked 
| 280|0x0000026372000000, 0x0000026372000000, 0x0000026374000000|  0%| F|  |TAMS 0x0000026372000000, 0x0000026372000000| Untracked 
| 281|0x0000026374000000, 0x0000026374000000, 0x0000026376000000|  0%| F|  |TAMS 0x0000026374000000, 0x0000026374000000| Untracked 
| 282|0x0000026376000000, 0x0000026376000000, 0x0000026378000000|  0%| F|  |TAMS 0x0000026376000000, 0x0000026376000000| Untracked 
| 283|0x0000026378000000, 0x0000026378000000, 0x000002637a000000|  0%| F|  |TAMS 0x0000026378000000, 0x0000026378000000| Untracked 
| 284|0x000002637a000000, 0x000002637a000000, 0x000002637c000000|  0%| F|  |TAMS 0x000002637a000000, 0x000002637a000000| Untracked 
| 285|0x000002637c000000, 0x000002637c000000, 0x000002637e000000|  0%| F|  |TAMS 0x000002637c000000, 0x000002637c000000| Untracked 
| 286|0x000002637e000000, 0x000002637e000000, 0x0000026380000000|  0%| F|  |TAMS 0x000002637e000000, 0x000002637e000000| Untracked 
| 287|0x0000026380000000, 0x0000026380000000, 0x0000026382000000|  0%| F|  |TAMS 0x0000026380000000, 0x0000026380000000| Untracked 
| 288|0x0000026382000000, 0x0000026382000000, 0x0000026384000000|  0%| F|  |TAMS 0x0000026382000000, 0x0000026382000000| Untracked 
| 289|0x0000026384000000, 0x0000026384000000, 0x0000026386000000|  0%| F|  |TAMS 0x0000026384000000, 0x0000026384000000| Untracked 
| 290|0x0000026386000000, 0x0000026386000000, 0x0000026388000000|  0%| F|  |TAMS 0x0000026386000000, 0x0000026386000000| Untracked 
| 291|0x0000026388000000, 0x0000026388000000, 0x000002638a000000|  0%| F|  |TAMS 0x0000026388000000, 0x0000026388000000| Untracked 
| 292|0x000002638a000000, 0x000002638a000000, 0x000002638c000000|  0%| F|  |TAMS 0x000002638a000000, 0x000002638a000000| Untracked 
| 293|0x000002638c000000, 0x000002638c000000, 0x000002638e000000|  0%| F|  |TAMS 0x000002638c000000, 0x000002638c000000| Untracked 
| 294|0x000002638e000000, 0x000002638e000000, 0x0000026390000000|  0%| F|  |TAMS 0x000002638e000000, 0x000002638e000000| Untracked 
| 295|0x0000026390000000, 0x0000026390000000, 0x0000026392000000|  0%| F|  |TAMS 0x0000026390000000, 0x0000026390000000| Untracked 
| 296|0x0000026392000000, 0x0000026392000000, 0x0000026394000000|  0%| F|  |TAMS 0x0000026392000000, 0x0000026392000000| Untracked 
| 297|0x0000026394000000, 0x0000026394000000, 0x0000026396000000|  0%| F|  |TAMS 0x0000026394000000, 0x0000026394000000| Untracked 
| 298|0x0000026396000000, 0x0000026396000000, 0x0000026398000000|  0%| F|  |TAMS 0x0000026396000000, 0x0000026396000000| Untracked 
| 299|0x0000026398000000, 0x0000026398000000, 0x000002639a000000|  0%| F|  |TAMS 0x0000026398000000, 0x0000026398000000| Untracked 
| 300|0x000002639a000000, 0x000002639a000000, 0x000002639c000000|  0%| F|  |TAMS 0x000002639a000000, 0x000002639a000000| Untracked 
| 301|0x000002639c000000, 0x000002639c000000, 0x000002639e000000|  0%| F|  |TAMS 0x000002639c000000, 0x000002639c000000| Untracked 
| 302|0x000002639e000000, 0x000002639e000000, 0x00000263a0000000|  0%| F|  |TAMS 0x000002639e000000, 0x000002639e000000| Untracked 
| 303|0x00000263a0000000, 0x00000263a0000000, 0x00000263a2000000|  0%| F|  |TAMS 0x00000263a0000000, 0x00000263a0000000| Untracked 
| 304|0x00000263a2000000, 0x00000263a2000000, 0x00000263a4000000|  0%| F|  |TAMS 0x00000263a2000000, 0x00000263a2000000| Untracked 
| 305|0x00000263a4000000, 0x00000263a4000000, 0x00000263a6000000|  0%| F|  |TAMS 0x00000263a4000000, 0x00000263a4000000| Untracked 
| 306|0x00000263a6000000, 0x00000263a6000000, 0x00000263a8000000|  0%| F|  |TAMS 0x00000263a6000000, 0x00000263a6000000| Untracked 
| 307|0x00000263a8000000, 0x00000263a8000000, 0x00000263aa000000|  0%| F|  |TAMS 0x00000263a8000000, 0x00000263a8000000| Untracked 
| 308|0x00000263aa000000, 0x00000263aa000000, 0x00000263ac000000|  0%| F|  |TAMS 0x00000263aa000000, 0x00000263aa000000| Untracked 
| 309|0x00000263ac000000, 0x00000263ac000000, 0x00000263ae000000|  0%| F|  |TAMS 0x00000263ac000000, 0x00000263ac000000| Untracked 
| 310|0x00000263ae000000, 0x00000263ae000000, 0x00000263b0000000|  0%| F|  |TAMS 0x00000263ae000000, 0x00000263ae000000| Untracked 
| 311|0x00000263b0000000, 0x00000263b0000000, 0x00000263b2000000|  0%| F|  |TAMS 0x00000263b0000000, 0x00000263b0000000| Untracked 
| 312|0x00000263b2000000, 0x00000263b2000000, 0x00000263b4000000|  0%| F|  |TAMS 0x00000263b2000000, 0x00000263b2000000| Untracked 
| 313|0x00000263b4000000, 0x00000263b4000000, 0x00000263b6000000|  0%| F|  |TAMS 0x00000263b4000000, 0x00000263b4000000| Untracked 
| 314|0x00000263b6000000, 0x00000263b6000000, 0x00000263b8000000|  0%| F|  |TAMS 0x00000263b6000000, 0x00000263b6000000| Untracked 
| 315|0x00000263b8000000, 0x00000263b8000000, 0x00000263ba000000|  0%| F|  |TAMS 0x00000263b8000000, 0x00000263b8000000| Untracked 
| 316|0x00000263ba000000, 0x00000263ba000000, 0x00000263bc000000|  0%| F|  |TAMS 0x00000263ba000000, 0x00000263ba000000| Untracked 
| 317|0x00000263bc000000, 0x00000263bc000000, 0x00000263be000000|  0%| F|  |TAMS 0x00000263bc000000, 0x00000263bc000000| Untracked 
| 318|0x00000263be000000, 0x00000263be000000, 0x00000263c0000000|  0%| F|  |TAMS 0x00000263be000000, 0x00000263be000000| Untracked 
| 319|0x00000263c0000000, 0x00000263c0000000, 0x00000263c2000000|  0%| F|  |TAMS 0x00000263c0000000, 0x00000263c0000000| Untracked 
| 320|0x00000263c2000000, 0x00000263c2000000, 0x00000263c4000000|  0%| F|  |TAMS 0x00000263c2000000, 0x00000263c2000000| Untracked 
| 321|0x00000263c4000000, 0x00000263c4000000, 0x00000263c6000000|  0%| F|  |TAMS 0x00000263c4000000, 0x00000263c4000000| Untracked 
| 322|0x00000263c6000000, 0x00000263c6000000, 0x00000263c8000000|  0%| F|  |TAMS 0x00000263c6000000, 0x00000263c6000000| Untracked 
| 323|0x00000263c8000000, 0x00000263c8000000, 0x00000263ca000000|  0%| F|  |TAMS 0x00000263c8000000, 0x00000263c8000000| Untracked 
| 324|0x00000263ca000000, 0x00000263ca000000, 0x00000263cc000000|  0%| F|  |TAMS 0x00000263ca000000, 0x00000263ca000000| Untracked 
| 325|0x00000263cc000000, 0x00000263cc000000, 0x00000263ce000000|  0%| F|  |TAMS 0x00000263cc000000, 0x00000263cc000000| Untracked 
| 326|0x00000263ce000000, 0x00000263ce000000, 0x00000263d0000000|  0%| F|  |TAMS 0x00000263ce000000, 0x00000263ce000000| Untracked 
| 327|0x00000263d0000000, 0x00000263d0000000, 0x00000263d2000000|  0%| F|  |TAMS 0x00000263d0000000, 0x00000263d0000000| Untracked 
| 328|0x00000263d2000000, 0x00000263d2000000, 0x00000263d4000000|  0%| F|  |TAMS 0x00000263d2000000, 0x00000263d2000000| Untracked 
| 329|0x00000263d4000000, 0x00000263d4000000, 0x00000263d6000000|  0%| F|  |TAMS 0x00000263d4000000, 0x00000263d4000000| Untracked 
| 330|0x00000263d6000000, 0x00000263d6000000, 0x00000263d8000000|  0%| F|  |TAMS 0x00000263d6000000, 0x00000263d6000000| Untracked 
| 331|0x00000263d8000000, 0x00000263d8000000, 0x00000263da000000|  0%| F|  |TAMS 0x00000263d8000000, 0x00000263d8000000| Untracked 
| 332|0x00000263da000000, 0x00000263da000000, 0x00000263dc000000|  0%| F|  |TAMS 0x00000263da000000, 0x00000263da000000| Untracked 
| 333|0x00000263dc000000, 0x00000263dc000000, 0x00000263de000000|  0%| F|  |TAMS 0x00000263dc000000, 0x00000263dc000000| Untracked 
| 334|0x00000263de000000, 0x00000263de000000, 0x00000263e0000000|  0%| F|  |TAMS 0x00000263de000000, 0x00000263de000000| Untracked 
| 335|0x00000263e0000000, 0x00000263e0000000, 0x00000263e2000000|  0%| F|  |TAMS 0x00000263e0000000, 0x00000263e0000000| Untracked 
| 336|0x00000263e2000000, 0x00000263e2000000, 0x00000263e4000000|  0%| F|  |TAMS 0x00000263e2000000, 0x00000263e2000000| Untracked 
| 337|0x00000263e4000000, 0x00000263e4000000, 0x00000263e6000000|  0%| F|  |TAMS 0x00000263e4000000, 0x00000263e4000000| Untracked 
| 338|0x00000263e6000000, 0x00000263e6000000, 0x00000263e8000000|  0%| F|  |TAMS 0x00000263e6000000, 0x00000263e6000000| Untracked 
| 339|0x00000263e8000000, 0x00000263e8000000, 0x00000263ea000000|  0%| F|  |TAMS 0x00000263e8000000, 0x00000263e8000000| Untracked 
| 340|0x00000263ea000000, 0x00000263ea000000, 0x00000263ec000000|  0%| F|  |TAMS 0x00000263ea000000, 0x00000263ea000000| Untracked 
| 341|0x00000263ec000000, 0x00000263ec000000, 0x00000263ee000000|  0%| F|  |TAMS 0x00000263ec000000, 0x00000263ec000000| Untracked 
| 342|0x00000263ee000000, 0x00000263ee000000, 0x00000263f0000000|  0%| F|  |TAMS 0x00000263ee000000, 0x00000263ee000000| Untracked 
| 343|0x00000263f0000000, 0x00000263f0000000, 0x00000263f2000000|  0%| F|  |TAMS 0x00000263f0000000, 0x00000263f0000000| Untracked 
| 344|0x00000263f2000000, 0x00000263f2000000, 0x00000263f4000000|  0%| F|  |TAMS 0x00000263f2000000, 0x00000263f2000000| Untracked 
| 345|0x00000263f4000000, 0x00000263f4000000, 0x00000263f6000000|  0%| F|  |TAMS 0x00000263f4000000, 0x00000263f4000000| Untracked 
| 346|0x00000263f6000000, 0x00000263f6000000, 0x00000263f8000000|  0%| F|  |TAMS 0x00000263f6000000, 0x00000263f6000000| Untracked 
| 347|0x00000263f8000000, 0x00000263f8000000, 0x00000263fa000000|  0%| F|  |TAMS 0x00000263f8000000, 0x00000263f8000000| Untracked 
| 348|0x00000263fa000000, 0x00000263fa000000, 0x00000263fc000000|  0%| F|  |TAMS 0x00000263fa000000, 0x00000263fa000000| Untracked 
| 349|0x00000263fc000000, 0x00000263fc000000, 0x00000263fe000000|  0%| F|  |TAMS 0x00000263fc000000, 0x00000263fc000000| Untracked 
| 350|0x00000263fe000000, 0x00000263fe000000, 0x0000026400000000|  0%| F|  |TAMS 0x00000263fe000000, 0x00000263fe000000| Untracked 
| 351|0x0000026400000000, 0x0000026400000000, 0x0000026402000000|  0%| F|  |TAMS 0x0000026400000000, 0x0000026400000000| Untracked 
| 352|0x0000026402000000, 0x0000026402246d68, 0x0000026404000000|  7%| S|CS|TAMS 0x0000026402000000, 0x0000026402000000| Complete 
| 353|0x0000026404000000, 0x0000026406000000, 0x0000026406000000|100%| S|CS|TAMS 0x0000026404000000, 0x0000026404000000| Complete 
| 354|0x0000026406000000, 0x0000026406000000, 0x0000026408000000|  0%| F|  |TAMS 0x0000026406000000, 0x0000026406000000| Untracked 
| 355|0x0000026408000000, 0x000002640a000000, 0x000002640a000000|100%| S|CS|TAMS 0x0000026408000000, 0x0000026408000000| Complete 
| 356|0x000002640a000000, 0x000002640a000000, 0x000002640c000000|  0%| F|  |TAMS 0x000002640a000000, 0x000002640a000000| Untracked 
| 357|0x000002640c000000, 0x000002640c000000, 0x000002640e000000|  0%| F|  |TAMS 0x000002640c000000, 0x000002640c000000| Untracked 
| 358|0x000002640e000000, 0x000002640e000000, 0x0000026410000000|  0%| F|  |TAMS 0x000002640e000000, 0x000002640e000000| Untracked 
| 359|0x0000026410000000, 0x0000026410000000, 0x0000026412000000|  0%| F|  |TAMS 0x0000026410000000, 0x0000026410000000| Untracked 
| 360|0x0000026412000000, 0x0000026412000000, 0x0000026414000000|  0%| F|  |TAMS 0x0000026412000000, 0x0000026412000000| Untracked 
| 361|0x0000026414000000, 0x0000026414000000, 0x0000026416000000|  0%| F|  |TAMS 0x0000026414000000, 0x0000026414000000| Untracked 
| 362|0x0000026416000000, 0x0000026416000000, 0x0000026418000000|  0%| F|  |TAMS 0x0000026416000000, 0x0000026416000000| Untracked 
| 363|0x0000026418000000, 0x0000026418000000, 0x000002641a000000|  0%| F|  |TAMS 0x0000026418000000, 0x0000026418000000| Untracked 
| 364|0x000002641a000000, 0x000002641a000000, 0x000002641c000000|  0%| F|  |TAMS 0x000002641a000000, 0x000002641a000000| Untracked 
| 365|0x000002641c000000, 0x000002641c000000, 0x000002641e000000|  0%| F|  |TAMS 0x000002641c000000, 0x000002641c000000| Untracked 
| 366|0x000002641e000000, 0x000002641e000000, 0x0000026420000000|  0%| F|  |TAMS 0x000002641e000000, 0x000002641e000000| Untracked 
| 367|0x0000026420000000, 0x0000026420000000, 0x0000026422000000|  0%| F|  |TAMS 0x0000026420000000, 0x0000026420000000| Untracked 
| 368|0x0000026422000000, 0x0000026422000000, 0x0000026424000000|  0%| F|  |TAMS 0x0000026422000000, 0x0000026422000000| Untracked 
| 369|0x0000026424000000, 0x0000026424000000, 0x0000026426000000|  0%| F|  |TAMS 0x0000026424000000, 0x0000026424000000| Untracked 
| 370|0x0000026426000000, 0x0000026426000000, 0x0000026428000000|  0%| F|  |TAMS 0x0000026426000000, 0x0000026426000000| Untracked 
| 371|0x0000026428000000, 0x0000026428000000, 0x000002642a000000|  0%| F|  |TAMS 0x0000026428000000, 0x0000026428000000| Untracked 
| 372|0x000002642a000000, 0x000002642a000000, 0x000002642c000000|  0%| F|  |TAMS 0x000002642a000000, 0x000002642a000000| Untracked 

Card table byte_map: [0x0000028152000000,0x0000028162000000] _byte_map_base: 0x00000280215f0000

Marking Bits (Prev, Next): (CMBitMap*) 0x0000026128dd1a00, (CMBitMap*) 0x0000026128dd19c8
 Prev Bits: [0x00000281f2000000, 0x0000028272000000)
 Next Bits: [0x0000028172000000, 0x00000281f2000000)

Polling page: 0x0000026126d00000

Metaspace:

Usage:
   26.94 MB capacity,    26.66 MB ( 99%) used,   218.21 KB ( <1%) free+waste,    65.25 KB ( <1%) overhead. 

Virtual space:
     28.00 MB reserved,      27.00 MB ( 96%) committed 

Chunk freelists:
7.50 KB

CodeHeap 'non-profiled nmethods': size=120000Kb used=3359Kb max_used=3359Kb free=116640Kb
 bounds [0x0000026138d10000, 0x0000026139060000, 0x0000026140240000]
CodeHeap 'profiled nmethods': size=120000Kb used=5893Kb max_used=5893Kb free=114106Kb
 bounds [0x00000261317e0000, 0x0000026131db0000, 0x0000026138d10000]
CodeHeap 'non-nmethods': size=5760Kb used=1153Kb max_used=1225Kb free=4606Kb
 bounds [0x0000026131240000, 0x00000261314b0000, 0x00000261317e0000]
 total_blobs=3081 nmethods=2586 adapters=406
 compilation: enabled
              stopped_count=0, restarted_count=0
 full_count=0

Compilation events (10 events):
Event: 23.225 Thread 0x0000026141cb7800 2594       3       java.lang.ProcessEnvironment$NameComparator::compare (90 bytes)
Event: 23.226 Thread 0x0000026141cb7800 nmethod 2594 0x0000026131d9f390 code [0x0000026131d9f6a0, 0x0000026131da0938]
Event: 23.706 Thread 0x0000026141cb4800 2595       4       java.util.LinkedList::<init> (10 bytes)
Event: 23.706 Thread 0x0000026141cb4800 nmethod 2595 0x0000026139052c90 code [0x0000026139052e20, 0x0000026139052e78]
Event: 24.469 Thread 0x0000026141cb7800 2596       3       java.util.Scanner::linePattern (20 bytes)
Event: 24.469 Thread 0x0000026141cb7800 nmethod 2596 0x0000026131da1210 code [0x0000026131da13c0, 0x0000026131da1668]
Event: 26.425 Thread 0x0000026141cb4800 2597 %     4       java.util.ComparableTimSort::mergeLo @ 147 (656 bytes)
Event: 26.447 Thread 0x0000026141cb4800 nmethod 2597% 0x0000026139052f10 code [0x0000026139053100, 0x0000026139054658]
Event: 26.447 Thread 0x0000026141cb4800 2598       4       java.util.ComparableTimSort::mergeHi (729 bytes)
Event: 26.484 Thread 0x0000026141cb4800 nmethod 2598 0x0000026139055090 code [0x00000261390552a0, 0x0000026139057058]

GC Heap History (10 events):
Event: 19.740 GC heap after
{Heap after GC invocations=30 (full 0):
 garbage-first heap   total 12222464K, used 1001435K [0x0000026142000000, 0x0000028142000000)
  region size 32768K, 4 young (131072K), 4 survivors (131072K)
 Metaspace       used 27301K, capacity 27588K, committed 27648K, reserved 28672K
}
Event: 21.496 GC heap before
{Heap before GC invocations=30 (full 0):
 garbage-first heap   total 12222464K, used 1460187K [0x0000026142000000, 0x0000028142000000)
  region size 32768K, 18 young (589824K), 4 survivors (131072K)
 Metaspace       used 27303K, capacity 27588K, committed 27648K, reserved 28672K
}
Event: 23.222 GC heap after
{Heap after GC invocations=31 (full 0):
 garbage-first heap   total 12222464K, used 1023653K [0x0000026142000000, 0x0000028142000000)
  region size 32768K, 2 young (65536K), 2 survivors (65536K)
 Metaspace       used 27303K, capacity 27588K, committed 27648K, reserved 28672K
}
Event: 23.785 GC heap before
{Heap before GC invocations=31 (full 0):
 garbage-first heap   total 12222464K, used 1547941K [0x0000026142000000, 0x0000028142000000)
  region size 32768K, 18 young (589824K), 2 survivors (65536K)
 Metaspace       used 27304K, capacity 27588K, committed 27648K, reserved 28672K
}
Event: 23.799 GC heap after
{Heap after GC invocations=32 (full 0):
 garbage-first heap   total 12222464K, used 1018619K [0x0000026142000000, 0x0000028142000000)
  region size 32768K, 1 young (32768K), 1 survivors (32768K)
 Metaspace       used 27304K, capacity 27588K, committed 27648K, reserved 28672K
}
Event: 24.494 GC heap before
{Heap before GC invocations=32 (full 0):
 garbage-first heap   total 12222464K, used 1575675K [0x0000026142000000, 0x0000028142000000)
  region size 32768K, 18 young (589824K), 1 survivors (32768K)
 Metaspace       used 27304K, capacity 27588K, committed 27648K, reserved 28672K
}
Event: 26.160 GC heap after
{Heap after GC invocations=33 (full 0):
 garbage-first heap   total 12222464K, used 1226511K [0x0000026142000000, 0x0000028142000000)
  region size 32768K, 3 young (98304K), 3 survivors (98304K)
 Metaspace       used 27304K, capacity 27588K, committed 27648K, reserved 28672K
}
Event: 26.734 GC heap before
{Heap before GC invocations=33 (full 0):
 garbage-first heap   total 12222464K, used 1718031K [0x0000026142000000, 0x0000028142000000)
  region size 32768K, 18 young (589824K), 3 survivors (98304K)
 Metaspace       used 27304K, capacity 27588K, committed 27648K, reserved 28672K
}
Event: 26.818 GC heap after
{Heap after GC invocations=34 (full 0):
 garbage-first heap   total 12222464K, used 1294024K [0x0000026142000000, 0x0000028142000000)
  region size 32768K, 3 young (98304K), 3 survivors (98304K)
 Metaspace       used 27304K, capacity 27588K, committed 27648K, reserved 28672K
}
Event: 27.286 GC heap before
{Heap before GC invocations=34 (full 0):
 garbage-first heap   total 12222464K, used 1785544K [0x0000026142000000, 0x0000028142000000)
  region size 32768K, 18 young (589824K), 3 survivors (98304K)
 Metaspace       used 27304K, capacity 27588K, committed 27648K, reserved 28672K
}

Deoptimization events (10 events):
Event: 18.338 Thread 0x0000026128d90000 Uncommon trap: reason=array_check action=maybe_recompile pc=0x000002613902a45c method=java.util.ComparableTimSort.mergeHi(IIII)V @ 101 c2
Event: 18.338 Thread 0x0000026128d90000 Uncommon trap: reason=array_check action=maybe_recompile pc=0x000002613902a45c method=java.util.ComparableTimSort.mergeHi(IIII)V @ 101 c2
Event: 18.338 Thread 0x0000026128d90000 Uncommon trap: reason=array_check action=maybe_recompile pc=0x000002613902a45c method=java.util.ComparableTimSort.mergeHi(IIII)V @ 101 c2
Event: 18.339 Thread 0x0000026128d90000 Uncommon trap: reason=intrinsic_or_type_checked_inlining action=make_not_entrant pc=0x0000026139027564 method=java.util.ComparableTimSort.mergeLo(IIII)V @ 326 c2
Event: 24.203 Thread 0x0000026128d90000 Uncommon trap: reason=unstable_if action=reinterpret pc=0x0000026138fdd384 method=org.aksw.limes.core.measures.mapper.string.PPJoinPlusPlus.getMapping(Lorg/aksw/limes/core/io/cache/ACache;Lorg/aksw/limes/core/io/cache/ACache;Ljava/lang/String;Ljava/lang/S
Event: 26.425 Thread 0x0000026128d90000 Uncommon trap: reason=array_check action=maybe_recompile pc=0x0000026139051318 method=java.util.ComparableTimSort.mergeHi(IIII)V @ 245 c2
Event: 26.425 Thread 0x0000026128d90000 Uncommon trap: reason=array_check action=maybe_recompile pc=0x0000026139051318 method=java.util.ComparableTimSort.mergeHi(IIII)V @ 245 c2
Event: 26.425 Thread 0x0000026128d90000 Uncommon trap: reason=array_check action=maybe_recompile pc=0x000002613904e47c method=java.util.ComparableTimSort.mergeLo(IIII)V @ 371 c2
Event: 26.425 Thread 0x0000026128d90000 Uncommon trap: reason=array_check action=maybe_recompile pc=0x000002613904e2f8 method=java.util.ComparableTimSort.mergeLo(IIII)V @ 207 c2
Event: 26.425 Thread 0x0000026128d90000 Uncommon trap: reason=array_check action=maybe_recompile pc=0x000002613904e47c method=java.util.ComparableTimSort.mergeLo(IIII)V @ 371 c2

Classes redefined (0 events):
No events

Internal exceptions (10 events):
Event: 1.591 Thread 0x0000026128d90000 Exception <a 'java/security/PrivilegedActionException'{0x0000026151b4d528}> (0x0000026151b4d528) thrown at [./open/src/hotspot/share/prims/jvm.cpp, line 1305]
Event: 1.591 Thread 0x0000026128d90000 Exception <a 'java/security/PrivilegedActionException'{0x0000026151b4df90}> (0x0000026151b4df90) thrown at [./open/src/hotspot/share/prims/jvm.cpp, line 1305]
Event: 1.603 Thread 0x0000026128d90000 Exception <a 'java/io/FileNotFoundException'{0x0000026151c24ee8}> (0x0000026151c24ee8) thrown at [./open/src/hotspot/share/prims/jni.cpp, line 611]
Event: 2.127 Thread 0x0000026128d90000 Exception <a 'java/io/FileNotFoundException'{0x000002614cb52058}> (0x000002614cb52058) thrown at [./open/src/hotspot/share/prims/jni.cpp, line 611]
Event: 2.481 Thread 0x0000026128d90000 Implicit null exception at 0x0000026138e158e6 to 0x0000026138e15bbc
Event: 2.482 Thread 0x0000026128d90000 Implicit null exception at 0x0000026138e2ff0d to 0x0000026138e36700
Event: 5.226 Thread 0x0000026128d90000 Implicit null exception at 0x0000026138ebb087 to 0x0000026138ebc51a
Event: 5.229 Thread 0x0000026128d90000 Implicit null exception at 0x0000026138ec1700 to 0x0000026138ec23fe
Event: 5.230 Thread 0x0000026128d90000 Implicit null exception at 0x0000026138eb648a to 0x0000026138eb71ca
Event: 6.942 Thread 0x0000026128d90000 Exception <a 'java/lang/NoSuchMethodError'{0x0000026173c982a0}: java.lang.invoke.DirectMethodHandle$Holder.invokeStatic(Ljava/lang/Object;Ljava/lang/Object;Ljava/lang/Object;Ljava/lang/Object;)V> (0x0000026173c982a0) thrown at [./open/src/hotspot/share/in

Events (10 events):
Event: 26.425 Thread 0x0000026128d90000 DEOPT UNPACKING pc=0x00000261312664af sp=0x000000eb3e2fd948 mode 2
Event: 26.425 Thread 0x0000026128d90000 Uncommon trap: trap_request=0xffffffd6 fr.pc=0x000002613904e2f8 relative=0x00000000000013d8
Event: 26.425 Thread 0x0000026128d90000 DEOPT PACKING pc=0x000002613904e2f8 sp=0x000000eb3e2fd990
Event: 26.425 Thread 0x0000026128d90000 DEOPT UNPACKING pc=0x00000261312664af sp=0x000000eb3e2fd948 mode 2
Event: 26.425 Thread 0x0000026128d90000 Uncommon trap: trap_request=0xffffffd6 fr.pc=0x000002613904e47c relative=0x000000000000155c
Event: 26.425 Thread 0x0000026128d90000 DEOPT PACKING pc=0x000002613904e47c sp=0x000000eb3e2fd990
Event: 26.425 Thread 0x0000026128d90000 DEOPT UNPACKING pc=0x00000261312664af sp=0x000000eb3e2fd948 mode 2
Event: 26.734 Executing VM operation: G1CollectForAllocation
Event: 26.818 Executing VM operation: G1CollectForAllocation done
Event: 27.286 Executing VM operation: G1CollectForAllocation


Dynamic libraries:
0x00007ff698c90000 - 0x00007ff698c9f000 	C:\Program Files\Java\jdk-11.0.12\bin\java.exe
0x00007ffabd970000 - 0x00007ffabdb65000 	C:\WINDOWS\SYSTEM32\ntdll.dll
0x00007ffabbbc0000 - 0x00007ffabbc7e000 	C:\WINDOWS\System32\KERNEL32.DLL
0x00007ffabb3f0000 - 0x00007ffabb6b8000 	C:\WINDOWS\System32\KERNELBASE.dll
0x00007ffabb080000 - 0x00007ffabb180000 	C:\WINDOWS\System32\ucrtbase.dll
0x00007ffaa0560000 - 0x00007ffaa0575000 	C:\Program Files\Java\jdk-11.0.12\bin\VCRUNTIME140.dll
0x00007ffaa08e0000 - 0x00007ffaa08f8000 	C:\Program Files\Java\jdk-11.0.12\bin\jli.dll
0x00007ffabbf20000 - 0x00007ffabbfce000 	C:\WINDOWS\System32\ADVAPI32.dll
0x00007ffabd7b0000 - 0x00007ffabd84e000 	C:\WINDOWS\System32\msvcrt.dll
0x00007ffabc000000 - 0x00007ffabc09c000 	C:\WINDOWS\System32\sechost.dll
0x00007ffabbd70000 - 0x00007ffabbe95000 	C:\WINDOWS\System32\RPCRT4.dll
0x00007ffabb9b0000 - 0x00007ffabbb51000 	C:\WINDOWS\System32\USER32.dll
0x00007ffa9af40000 - 0x00007ffa9b1da000 	C:\WINDOWS\WinSxS\amd64_microsoft.windows.common-controls_6595b64144ccf1df_6.0.19041.1110_none_60b5254171f9507e\COMCTL32.dll
0x00007ffabb6c0000 - 0x00007ffabb6e2000 	C:\WINDOWS\System32\win32u.dll
0x00007ffabd410000 - 0x00007ffabd43b000 	C:\WINDOWS\System32\GDI32.dll
0x00007ffabb2e0000 - 0x00007ffabb3ed000 	C:\WINDOWS\System32\gdi32full.dll
0x00007ffabb830000 - 0x00007ffabb8cd000 	C:\WINDOWS\System32\msvcp_win.dll
0x00007ffab2f10000 - 0x00007ffab2f1a000 	C:\WINDOWS\SYSTEM32\VERSION.dll
0x00007ffabbfd0000 - 0x00007ffabc000000 	C:\WINDOWS\System32\IMM32.DLL
0x00007ffa78fa0000 - 0x00007ffa7903b000 	C:\Program Files\Java\jdk-11.0.12\bin\msvcp140.dll
0x00007ffa5c830000 - 0x00007ffa5d32f000 	C:\Program Files\Java\jdk-11.0.12\bin\server\jvm.dll
0x00007ffabc0a0000 - 0x00007ffabc0a8000 	C:\WINDOWS\System32\PSAPI.DLL
0x00007ffab3140000 - 0x00007ffab3149000 	C:\WINDOWS\SYSTEM32\WSOCK32.dll
0x00007ffa9b6d0000 - 0x00007ffa9b6f7000 	C:\WINDOWS\SYSTEM32\WINMM.dll
0x00007ffabc450000 - 0x00007ffabc4bb000 	C:\WINDOWS\System32\WS2_32.dll
0x00007ffab98c0000 - 0x00007ffab98d2000 	C:\WINDOWS\SYSTEM32\kernel.appcore.dll
0x00007ffab4990000 - 0x00007ffab49a0000 	C:\Program Files\Java\jdk-11.0.12\bin\verify.dll
0x00007ffab95e0000 - 0x00007ffab97c4000 	C:\WINDOWS\SYSTEM32\DBGHELP.DLL
0x00007ffa9b850000 - 0x00007ffa9b87c000 	C:\WINDOWS\SYSTEM32\dbgcore.DLL
0x00007ffabb6f0000 - 0x00007ffabb772000 	C:\WINDOWS\System32\bcryptPrimitives.dll
0x00007ffa950e0000 - 0x00007ffa95108000 	C:\Program Files\Java\jdk-11.0.12\bin\java.dll
0x00007ffaa0750000 - 0x00007ffaa075a000 	C:\Program Files\Java\jdk-11.0.12\bin\jimage.dll
0x00007ffa95ad0000 - 0x00007ffa95ae6000 	C:\Program Files\Java\jdk-11.0.12\bin\zip.dll
0x00007ffabc790000 - 0x00007ffabced4000 	C:\WINDOWS\System32\SHELL32.dll
0x00007ffab8d70000 - 0x00007ffab9505000 	C:\WINDOWS\SYSTEM32\windows.storage.dll
0x00007ffabd450000 - 0x00007ffabd7a5000 	C:\WINDOWS\System32\combase.dll
0x00007ffaba9f0000 - 0x00007ffabaa1e000 	C:\WINDOWS\SYSTEM32\Wldp.dll
0x00007ffabc670000 - 0x00007ffabc71d000 	C:\WINDOWS\System32\SHCORE.dll
0x00007ffabbb60000 - 0x00007ffabbbb5000 	C:\WINDOWS\System32\shlwapi.dll
0x00007ffabafc0000 - 0x00007ffabafdf000 	C:\WINDOWS\SYSTEM32\profapi.dll
0x00007ffa94db0000 - 0x00007ffa94dc9000 	C:\Program Files\Java\jdk-11.0.12\bin\net.dll
0x00007ffab2510000 - 0x00007ffab261c000 	C:\WINDOWS\SYSTEM32\WINHTTP.dll
0x00007ffaba7d0000 - 0x00007ffaba83a000 	C:\WINDOWS\system32\mswsock.dll
0x00007ffa94d90000 - 0x00007ffa94da2000 	C:\Program Files\Java\jdk-11.0.12\bin\nio.dll
0x00007ffa9edb0000 - 0x00007ffa9edb9000 	C:\Program Files\Java\jdk-11.0.12\bin\management.dll
0x00007ffa9ed90000 - 0x00007ffa9ed9b000 	C:\Program Files\Java\jdk-11.0.12\bin\management_ext.dll
0x00007ffabaa30000 - 0x00007ffabaa48000 	C:\WINDOWS\SYSTEM32\CRYPTSP.dll
0x00007ffaba100000 - 0x00007ffaba134000 	C:\WINDOWS\system32\rsaenh.dll
0x00007ffabb980000 - 0x00007ffabb9a7000 	C:\WINDOWS\System32\bcrypt.dll
0x00007ffabaf80000 - 0x00007ffabafae000 	C:\WINDOWS\SYSTEM32\USERENV.dll
0x00007ffaba960000 - 0x00007ffaba96c000 	C:\WINDOWS\SYSTEM32\CRYPTBASE.dll
0x00007ffaba490000 - 0x00007ffaba4cb000 	C:\WINDOWS\SYSTEM32\IPHLPAPI.DLL
0x00007ffabc720000 - 0x00007ffabc728000 	C:\WINDOWS\System32\NSI.dll
0x00007ffab8540000 - 0x00007ffab8557000 	C:\WINDOWS\SYSTEM32\dhcpcsvc6.DLL
0x00007ffab8520000 - 0x00007ffab853d000 	C:\WINDOWS\SYSTEM32\dhcpcsvc.DLL
0x00007ffaba4e0000 - 0x00007ffaba5ab000 	C:\WINDOWS\SYSTEM32\DNSAPI.dll
0x00007ffa9ec30000 - 0x00007ffa9ec3a000 	C:\Users\Hp\AppData\Local\Temp\jansi-64-1-9230366278089435083.11
0x00007ffaa0760000 - 0x00007ffaa0777000 	C:\WINDOWS\system32\napinsp.dll
0x00007ffaa0730000 - 0x00007ffaa074b000 	C:\WINDOWS\system32\pnrpnsp.dll
0x00007ffab59c0000 - 0x00007ffab59d5000 	C:\WINDOWS\system32\wshbth.dll
0x00007ffab6790000 - 0x00007ffab67ad000 	C:\WINDOWS\system32\NLAapi.dll
0x00007ffaa05d0000 - 0x00007ffaa05e2000 	C:\WINDOWS\System32\winrnr.dll
0x00007ffab2910000 - 0x00007ffab291a000 	C:\Windows\System32\rasadhlp.dll
0x00007ffab1150000 - 0x00007ffab11cf000 	C:\WINDOWS\System32\fwpuclnt.dll

dbghelp: loaded successfully - version: 4.0.5 - missing functions: none
symbol engine: initialized successfully - sym options: 0x614 - pdb path: .;C:\Program Files\Java\jdk-11.0.12\bin;C:\WINDOWS\SYSTEM32;C:\WINDOWS\WinSxS\amd64_microsoft.windows.common-controls_6595b64144ccf1df_6.0.19041.1110_none_60b5254171f9507e;C:\Program Files\Java\jdk-11.0.12\bin\server;C:\Users\Hp\AppData\Local\Temp

VM Arguments:
jvm_args: -Xms256m -Xmx128G 
java_command: org.apache.maven.surefire.booter.ForkedBooter C:\Users\Hp\AppData\Local\Temp\surefire10822751787169901312 2022-01-26T20-19-18_629-jvmRun1 surefire16268330444466729267tmp surefire_04985633970295765430tmp
java_class_path (initial): C:\Users\Hp\.m2\repository\org\apache\maven\surefire\surefire-booter\2.22.2\surefire-booter-2.22.2.jar;C:\Users\Hp\.m2\repository\org\apache\maven\surefire\surefire-api\2.22.2\surefire-api-2.22.2.jar;C:\Users\Hp\.m2\repository\org\apache\maven\surefire\surefire-logger-api\2.22.2\surefire-logger-api-2.22.2.jar;F:\FinalProject\Benchmarking\LIMES\limes-core\target\test-classes;F:\FinalProject\Benchmarking\LIMES\limes-core\target\classes;C:\Users\Hp\.m2\repository\org\slf4j\slf4j-api\1.7.21\slf4j-api-1.7.21.jar;C:\Users\Hp\.m2\repository\de\vandermeer\asciitable\0.3.2\asciitable-0.3.2.jar;C:\Users\Hp\.m2\repository\de\vandermeer\ascii-utf-themes\0.0.1\ascii-utf-themes-0.0.1.jar;C:\Users\Hp\.m2\repository\de\vandermeer\skb-interfaces\0.0.1\skb-interfaces-0.0.1.jar;C:\Users\Hp\.m2\repository\org\antlr\ST4\4.0.8\ST4-4.0.8.jar;C:\Users\Hp\.m2\repository\org\antlr\antlr-runtime\3.5.2\antlr-runtime-3.5.2.jar;C:\Users\Hp\.m2\repository\org\antlr\antlr4\4.5.1\antlr4-4.5.1.jar;C:\Users\Hp\.m2\repository\de\vandermeer\char-translation\0.0.2\char-translation-0.0.2.jar;C:\Users\Hp\.m2\repository\org\apache\commons\commons-math3\3.3\commons-math3-3.3.jar;C:\Users\Hp\.m2\repository\org\apache\logging\log4j\log4j-slf4j-impl\2.6.1\log4j-slf4j-impl-2.6.1.jar;C:\Users\Hp\.m2\repository\org\slf4j\log4j-over-slf4j\1.7.21\log4j-over-slf4j-1.7.21.jar;C:\Users\Hp\.m2\repository\org\slf4j\jcl-over-slf4j\1.7.21\jcl-over-slf4j-1.7.21.jar;C:\Users\Hp\.m2\repository\org\apache\logging\log4j\log4j-api\2.6.1\log4j-api-2.6.1.jar;C:\Users\Hp\.m2\repository\org\apache\logging\log4j\log4j-core\2.6.1\log4j-core-2.6.1.jar;C:\Users\Hp\.m2\repository\commons-codec\commons-codec\1.11\commons-codec-1.11.jar;C:\Users\Hp\.m2\repository\org\apache\jena\jena-tdb\3.9.0\jena-tdb-3.9.0.jar;C:\Users\Hp\.m2\repository\org\apache\jena\jena-tdb2\3.9.0\jena-tdb2-3.9.0.jar;C:\Users\Hp\.m2\repository\org\apache\jena\jena-dboe-trans-data\3.9.0\jena-dboe-trans-data-3.9.0.jar;C:\Users\Hp\.m2\repos
Launcher Type: SUN_STANDARD

[Global flags]
     intx CICompilerCount                          = 4                                         {product} {ergonomic}
     uint ConcGCThreads                            = 2                                         {product} {ergonomic}
     uint G1ConcRefinementThreads                  = 8                                         {product} {ergonomic}
   size_t G1HeapRegionSize                         = 33554432                                  {product} {ergonomic}
    uintx GCDrainStackTargetSize                   = 64                                        {product} {ergonomic}
   size_t InitialHeapSize                          = 268435456                                 {product} {command line}
   size_t MarkStackSize                            = 4194304                                   {product} {ergonomic}
   size_t MaxHeapSize                              = 137438953472                              {product} {command line}
   size_t MaxNewSize                               = 82443239424                               {product} {ergonomic}
   size_t MinHeapDeltaBytes                        = 33554432                                  {product} {ergonomic}
    uintx NonNMethodCodeHeapSize                   = 5836300                                {pd product} {ergonomic}
    uintx NonProfiledCodeHeapSize                  = 122910970                              {pd product} {ergonomic}
    uintx ProfiledCodeHeapSize                     = 122910970                              {pd product} {ergonomic}
    uintx ReservedCodeCacheSize                    = 251658240                              {pd product} {ergonomic}
     bool SegmentedCodeCache                       = true                                      {product} {ergonomic}
     bool UseG1GC                                  = true                                      {product} {ergonomic}
     bool UseLargePagesIndividualAllocation        = false                                  {pd product} {ergonomic}

Logging:
Log output configuration:
 #0: stdout all=warning uptime,level,tags
 #1: stderr all=off uptime,level,tags

Environment Variables:
JAVA_HOME=C:\Program Files\Java\jdk-11.0.12
CLASSPATH=C:\Users\Hp\.m2\repository\org\apache\maven\surefire\surefire-booter\2.22.2\surefire-booter-2.22.2.jar;C:\Users\Hp\.m2\repository\org\apache\maven\surefire\surefire-api\2.22.2\surefire-api-2.22.2.jar;C:\Users\Hp\.m2\repository\org\apache\maven\surefire\surefire-logger-api\2.22.2\surefire-logger-api-2.22.2.jar;F:\FinalProject\Benchmarking\LIMES\limes-core\target\test-classes;F:\FinalProject\Benchmarking\LIMES\limes-core\target\classes;C:\Users\Hp\.m2\repository\org\slf4j\slf4j-api\1.7.21\slf4j-api-1.7.21.jar;C:\Users\Hp\.m2\repository\de\vandermeer\asciitable\0.3.2\asciitable-0.3.2.jar;C:\Users\Hp\.m2\repository\de\vandermeer\ascii-utf-themes\0.0.1\ascii-utf-themes-0.0.1.jar;C:\Users\Hp\.m2\repository\de\vandermeer\skb-interfaces\0.0.1\skb-interfaces-0.0.1.jar;C:\Users\Hp\.m2\repository\org\antlr\ST4\4.0.8\ST4-4.0.8.jar;C:\Users\Hp\.m2\repository\org\antlr\antlr-runtime\3.5.2\antlr-runtime-3.5.2.jar;C:\Users\Hp\.m2\repository\org\antlr\antlr4\4.5.1\antlr4-4.5.1.jar;C:\Users\Hp\.m2\repository\de\vandermeer\char-translation\0.0.2\char-translation-0.0.2.jar;C:\Users\Hp\.m2\repository\org\apache\commons\commons-math3\3.3\commons-math3-3.3.jar;C:\Users\Hp\.m2\repository\org\apache\logging\log4j\log4j-slf4j-impl\2.6.1\log4j-slf4j-impl-2.6.1.jar;C:\Users\Hp\.m2\repository\org\slf4j\log4j-over-slf4j\1.7.21\log4j-over-slf4j-1.7.21.jar;C:\Users\Hp\.m2\repository\org\slf4j\jcl-over-slf4j\1.7.21\jcl-over-slf4j-1.7.21.jar;C:\Users\Hp\.m2\repository\org\apache\logging\log4j\log4j-api\2.6.1\log4j-api-2.6.1.jar;C:\Users\Hp\.m2\repository\org\apache\logging\log4j\log4j-core\2.6.1\log4j-core-2.6.1.jar;C:\Users\Hp\.m2\repository\commons-codec\commons-codec\1.11\commons-codec-1.11.jar;C:\Users\Hp\.m2\repository\org\apache\jena\jena-tdb\3.9.0\jena-tdb-3.9.0.jar;C:\Users\Hp\.m2\repository\org\apache\jena\jena-tdb2\3.9.0\jena-tdb2-3.9.0.jar;C:\Users\Hp\.m2\repository\org\apache\jena\jena-dboe-trans-data\3.9.0\jena-dboe-trans-data-3.9.0.jar;C:\Users\Hp\.m2\repository\org\apache\jena\jena-
PATH=C:\Program Files\Common Files\Oracle\Java\javapath;C:\WINDOWS\system32;C:\WINDOWS;C:\WINDOWS\System32\Wbem;C:\WINDOWS\System32\WindowsPowerShell\v1.0\;C:\WINDOWS\System32\OpenSSH\;C:\Program Files\swipl\bin;C:\Program Files\Git\cmd;C:\apache-maven-3.6.3\bin;C:\Program Files\nodejs\;C:\Users\Hp\AppData\Local\Microsoft\WindowsApps\python.exe;C:\Users\Hp\AppData\Local\Microsoft\WindowsApps\;;C:\Program Files\Docker\Docker\resources\bin;C:\ProgramData\DockerDesktop\version-bin;C:\Users\Hp\anaconda3;C:\Users\Hp\anaconda3\Library\mingw-w64\bin;C:\Users\Hp\anaconda3\Library\usr\bin;C:\Users\Hp\anaconda3\Library\bin;C:\Users\Hp\anaconda3\Scripts;C:\Users\Hp\AppData\Local\Microsoft\WindowsApps;C:\Users\Hp\AppData\Local\Programs\Microsoft VS Code\bin;C:\Program Files\JetBrains\PyCharm Community Edition 2020.3.3\bin;;C:\Users\Hp\AppData\Roaming\npm
USERNAME=Hp
OS=Windows_NT
PROCESSOR_IDENTIFIER=Intel64 Family 6 Model 142 Stepping 12, GenuineIntel



---------------  S Y S T E M  ---------------

OS: Windows 10 , 64 bit Build 19041 (10.0.19041.1466)
Hyper-V role detected

CPU:total 8 (initial active 8) (4 cores per cpu, 2 threads per core) family 6 model 142 stepping 12 microcode 0xde, cmov, cx8, fxsr, mmx, sse, sse2, sse3, ssse3, sse4.1, sse4.2, popcnt, avx, avx2, aes, clmul, erms, 3dnowpref, lzcnt, ht, tsc, tscinvbit, bmi1, bmi2, adx, fma

Memory: 4k page, system-wide physical 7995M (980M free)
TotalPageFile size 24720M (AvailPageFile size 2897M)
current process WorkingSet (physical memory assigned to process): 2734M, peak: 2895M
current process commit charge ("private bytes"): 12540M, peak: 36412M

vm_info: Java HotSpot(TM) 64-Bit Server VM (11.0.12+8-LTS-237) for windows-amd64 JRE (11.0.12+8-LTS-237), built on Jun  8 2021 11:25:59 by "mach5one" with MS VC++ 15.9 (VS2017)

END.
