#
# There is insufficient memory for the Java Runtime Environment to continue.
# Native memory allocation (mmap) failed to map 17716740096 bytes for Failed to commit area from 0x000002553a000000 to 0x000002595a000000 of length 17716740096.
# Possible reasons:
#   The system is out of physical RAM or swap space
# Possible solutions:
#   Reduce memory load on the system
#   Increase physical memory or swap space
#   Check if swap backing store is full
#   Decrease Java heap size (-Xmx/-Xms)
#   Decrease number of Java threads
#   Decrease Java thread stack sizes (-Xss)
#   Set larger code cache with -XX:ReservedCodeCacheSize=
# This output file may be truncated or incomplete.
#
#  Out of Memory Error (./open/src/hotspot/os/windows/os_windows.cpp:3273), pid=20584, tid=10824
#
# JRE version: Java(TM) SE Runtime Environment 18.9 (11.0.12+8) (build 11.0.12+8-LTS-237)
# Java VM: Java HotSpot(TM) 64-Bit Server VM 18.9 (11.0.12+8-LTS-237, mixed mode, tiered, g1 gc, windows-amd64)
# No core dump will be written. Minidumps are not enabled by default on client versions of Windows
#

---------------  S U M M A R Y ------------

Command Line: -Xms256m -Xmx128G org.apache.maven.surefire.booter.ForkedBooter C:\Users\Hp\AppData\Local\Temp\surefire8988923894797262537 2022-01-26T20-22-05_307-jvmRun1 surefire1341119089520678426tmp surefire_09227478967008810697tmp

Host: Intel(R) Core(TM) i5-10210U CPU @ 1.60GHz, 8 cores, 7G,  Windows 10 , 64 bit Build 19041 (10.0.19041.1466)
Time: Wed Jan 26 20:22:33 2022 W. Europe Standard Time elapsed time: 27.585752 seconds (0d 0h 0m 27s)

---------------  T H R E A D  ---------------

Current thread (0x0000025257f5d000):  VMThread "VM Thread" [stack: 0x00000090bad00000,0x00000090bae00000] [id=10824]

Stack: [0x00000090bad00000,0x00000090bae00000]
[error occurred during error reporting (printing stack bounds), id 0xc0000005, EXCEPTION_ACCESS_VIOLATION (0xc0000005) at pc=0x0000025247510f20]

Native frames: (J=compiled Java code, j=interpreted, Vv=VM code, C=native code)
V  [jvm.dll+0x617d9a]
V  [jvm.dll+0x74eeef]
V  [jvm.dll+0x750599]
V  [jvm.dll+0x750b85]
V  [jvm.dll+0x750b3b]
V  [jvm.dll+0x6175d3]
V  [jvm.dll+0x617998]
C  [ntdll.dll+0xa20cf]
C  [ntdll.dll+0x51454]
C  [ntdll.dll+0xa0bfe]
C  0x0000025247510f20

VM_Operation (0x00000090ba7fd3e0): G1CollectForAllocation, mode: safepoint, requested by thread 0x000002523f05e800


---------------  P R O C E S S  ---------------

Threads class SMR info:
_java_thread_list=0x000002737d2c91c0, length=12, elements={
0x000002523f05e800, 0x0000025257f5f000, 0x0000025257f68000, 0x0000025257f7c000,
0x0000025257f7d000, 0x0000025257f7e000, 0x0000025257f82000, 0x0000025257f8b800,
0x0000025257f92000, 0x000002737a31b800, 0x000002737a34f800, 0x000002737a411000
}

Java Threads: ( => current thread )
  0x000002523f05e800 JavaThread "main" [_thread_blocked, id=4344, stack(0x00000090ba700000,0x00000090ba800000)]
  0x0000025257f5f000 JavaThread "Reference Handler" daemon [_thread_blocked, id=13836, stack(0x00000090bae00000,0x00000090baf00000)]
  0x0000025257f68000 JavaThread "Finalizer" daemon [_thread_blocked, id=9256, stack(0x00000090baf00000,0x00000090bb000000)]
  0x0000025257f7c000 JavaThread "Signal Dispatcher" daemon [_thread_blocked, id=20568, stack(0x00000090bb000000,0x00000090bb100000)]
  0x0000025257f7d000 JavaThread "Attach Listener" daemon [_thread_blocked, id=13428, stack(0x00000090bb100000,0x00000090bb200000)]
  0x0000025257f7e000 JavaThread "Service Thread" daemon [_thread_blocked, id=23236, stack(0x00000090bb200000,0x00000090bb300000)]
  0x0000025257f82000 JavaThread "C2 CompilerThread0" daemon [_thread_blocked, id=9704, stack(0x00000090bb300000,0x00000090bb400000)]
  0x0000025257f8b800 JavaThread "C1 CompilerThread0" daemon [_thread_blocked, id=12560, stack(0x00000090bb400000,0x00000090bb500000)]
  0x0000025257f92000 JavaThread "Sweeper thread" daemon [_thread_blocked, id=10984, stack(0x00000090bb500000,0x00000090bb600000)]
  0x000002737a31b800 JavaThread "Common-Cleaner" daemon [_thread_blocked, id=1372, stack(0x00000090bb700000,0x00000090bb800000)]
  0x000002737a34f800 JavaThread "surefire-forkedjvm-command-thread" daemon [_thread_in_native, id=21536, stack(0x00000090bb800000,0x00000090bb900000)]
  0x000002737a411000 JavaThread "surefire-forkedjvm-ping-30s" daemon [_thread_blocked, id=22644, stack(0x00000090bb900000,0x00000090bba00000)]

Other Threads:
=>0x0000025257f5d000 VMThread "VM Thread" [stack: 0x00000090bad00000,0x00000090bae00000] [id=10824]
  0x000002737a177800 WatcherThread [stack: 0x00000090bb600000,0x00000090bb700000] [id=20812]
  0x000002523f073800 GCTaskThread "GC Thread#0" [stack: 0x00000090ba800000,0x00000090ba900000] [id=17532]
  0x000002737adff000 GCTaskThread "GC Thread#1" [stack: 0x00000090bbc00000,0x00000090bbd00000] [id=1092]
  0x000002737b382800 GCTaskThread "GC Thread#2" [stack: 0x00000090bbd00000,0x00000090bbe00000] [id=13848]
  0x000002737ae17800 GCTaskThread "GC Thread#3" [stack: 0x00000090bbe00000,0x00000090bbf00000] [id=3288]
  0x000002737b6b1000 GCTaskThread "GC Thread#4" [stack: 0x00000090bbf00000,0x00000090bc000000] [id=19540]
  0x000002737afd8000 GCTaskThread "GC Thread#5" [stack: 0x00000090bc000000,0x00000090bc100000] [id=19592]
  0x000002737f359800 GCTaskThread "GC Thread#6" [stack: 0x00000090bc200000,0x00000090bc300000] [id=9424]
  0x000002737b5a4000 GCTaskThread "GC Thread#7" [stack: 0x00000090bca00000,0x00000090bcb00000] [id=14240]
  0x000002523f0b2000 ConcurrentGCThread "G1 Main Marker" [stack: 0x00000090ba900000,0x00000090baa00000] [id=4456]
  0x000002523f0b4800 ConcurrentGCThread "G1 Conc#0" [stack: 0x00000090baa00000,0x00000090bab00000] [id=12568]
  0x000002737cf62800 ConcurrentGCThread "G1 Conc#1" [stack: 0x00000090bbb00000,0x00000090bbc00000] [id=21700]
  0x000002523f0f1000 ConcurrentGCThread "G1 Refine#0" [stack: 0x00000090bab00000,0x00000090bac00000] [id=16344]
  0x000002737cf54000 ConcurrentGCThread "G1 Refine#1" [stack: 0x00000090bc100000,0x00000090bc200000] [id=14772]
  0x000002737d0b9000 ConcurrentGCThread "G1 Refine#2" [stack: 0x00000090bc300000,0x00000090bc400000] [id=1408]
  0x000002737d0b9800 ConcurrentGCThread "G1 Refine#3" [stack: 0x00000090bc400000,0x00000090bc500000] [id=23300]
  0x000002737a23a800 ConcurrentGCThread "G1 Refine#4" [stack: 0x00000090bc500000,0x00000090bc600000] [id=20484]
  0x000002737a23b800 ConcurrentGCThread "G1 Refine#5" [stack: 0x00000090bc600000,0x00000090bc700000] [id=17416]
  0x000002737ba43000 ConcurrentGCThread "G1 Refine#6" [stack: 0x00000090bc800000,0x00000090bc900000] [id=21776]
  0x000002737bca2800 ConcurrentGCThread "G1 Refine#7" [stack: 0x00000090bc900000,0x00000090bca00000] [id=15408]
  0x000002523f0f2000 ConcurrentGCThread "G1 Young RemSet Sampling" [stack: 0x00000090bac00000,0x00000090bad00000] [id=18932]

Threads with active compile tasks:

VM state:at safepoint (normal execution)

VM Mutex/Monitor currently owned by a thread:  ([mutex/lock_event])
[0x000002523f05a770] Threads_lock - owner thread: 0x0000025257f5d000
[0x000002523f05a9b0] Heap_lock - owner thread: 0x000002523f05e800

Heap:
 garbage-first heap   total 29392896K, used 1507194K [0x0000025258000000, 0x0000027258000000)
  region size 32768K, 2 young (65536K), 2 survivors (65536K)
 Metaspace       used 27368K, capacity 27670K, committed 27904K, reserved 28672K
Heap Regions: E=young(eden), S=young(survivor), O=old, HS=humongous(starts), HC=humongous(continues), CS=collection set, F=free, A=archive, TAMS=top-at-mark-start (previous, next)
|   0|0x0000025258000000, 0x000002525a000000, 0x000002525a000000|100%| O|  |TAMS 0x0000025258000000, 0x0000025258000000| Untracked 
|   1|0x000002525a000000, 0x000002525c000000, 0x000002525c000000|100%| O|  |TAMS 0x000002525a000000, 0x000002525a000000| Untracked 
|   2|0x000002525c000000, 0x000002525e000000, 0x000002525e000000|100%| O|  |TAMS 0x000002525c000000, 0x000002525c000000| Untracked 
|   3|0x000002525e000000, 0x0000025260000000, 0x0000025260000000|100%| O|  |TAMS 0x000002525e000000, 0x000002525e000000| Untracked 
|   4|0x0000025260000000, 0x0000025262000000, 0x0000025262000000|100%| O|  |TAMS 0x0000025260000000, 0x0000025260000000| Untracked 
|   5|0x0000025262000000, 0x0000025264000000, 0x0000025264000000|100%| O|  |TAMS 0x0000025262000000, 0x0000025262000000| Untracked 
|   6|0x0000025264000000, 0x0000025266000000, 0x0000025266000000|100%| O|  |TAMS 0x0000025264000000, 0x0000025264000000| Untracked 
|   7|0x0000025266000000, 0x0000025268000000, 0x0000025268000000|100%| O|  |TAMS 0x0000025266000000, 0x0000025266000000| Untracked 
|   8|0x0000025268000000, 0x000002526a000000, 0x000002526a000000|100%| O|  |TAMS 0x0000025268000000, 0x0000025268000000| Untracked 
|   9|0x000002526a000000, 0x000002526c000000, 0x000002526c000000|100%| O|  |TAMS 0x000002526a000000, 0x000002526a000000| Untracked 
|  10|0x000002526c000000, 0x000002526e000000, 0x000002526e000000|100%| O|  |TAMS 0x000002526c000000, 0x000002526c000000| Untracked 
|  11|0x000002526e000000, 0x0000025270000000, 0x0000025270000000|100%| O|  |TAMS 0x000002526e000000, 0x000002526e000000| Untracked 
|  12|0x0000025270000000, 0x0000025272000000, 0x0000025272000000|100%| O|  |TAMS 0x0000025270000000, 0x0000025270000000| Untracked 
|  13|0x0000025272000000, 0x0000025274000000, 0x0000025274000000|100%| O|  |TAMS 0x0000025272000000, 0x0000025272000000| Untracked 
|  14|0x0000025274000000, 0x0000025276000000, 0x0000025276000000|100%| O|  |TAMS 0x0000025274000000, 0x0000025274000000| Untracked 
|  15|0x0000025276000000, 0x0000025278000000, 0x0000025278000000|100%| O|  |TAMS 0x0000025276000000, 0x0000025276000000| Untracked 
|  16|0x0000025278000000, 0x000002527a000000, 0x000002527a000000|100%| O|  |TAMS 0x0000025278000000, 0x0000025278000000| Untracked 
|  17|0x000002527a000000, 0x000002527c000000, 0x000002527c000000|100%| O|  |TAMS 0x000002527a000000, 0x000002527a000000| Untracked 
|  18|0x000002527c000000, 0x000002527e000000, 0x000002527e000000|100%| O|  |TAMS 0x000002527c000000, 0x000002527c000000| Untracked 
|  19|0x000002527e000000, 0x0000025280000000, 0x0000025280000000|100%| O|  |TAMS 0x000002527e000000, 0x000002527e000000| Untracked 
|  20|0x0000025280000000, 0x0000025282000000, 0x0000025282000000|100%| O|  |TAMS 0x0000025280000000, 0x0000025280000000| Untracked 
|  21|0x0000025282000000, 0x0000025284000000, 0x0000025284000000|100%| O|  |TAMS 0x0000025282000000, 0x0000025282000000| Untracked 
|  22|0x0000025284000000, 0x0000025286000000, 0x0000025286000000|100%| O|  |TAMS 0x0000025284000000, 0x0000025284000000| Untracked 
|  23|0x0000025286000000, 0x0000025288000000, 0x0000025288000000|100%| O|  |TAMS 0x0000025286000000, 0x0000025286000000| Untracked 
|  24|0x0000025288000000, 0x000002528a000000, 0x000002528a000000|100%| O|  |TAMS 0x0000025288000000, 0x0000025288000000| Untracked 
|  25|0x000002528a000000, 0x000002528c000000, 0x000002528c000000|100%| O|  |TAMS 0x000002528a000000, 0x000002528a000000| Untracked 
|  26|0x000002528c000000, 0x000002528e000000, 0x000002528e000000|100%| O|  |TAMS 0x000002528c000000, 0x000002528c000000| Untracked 
|  27|0x000002528e000000, 0x0000025290000000, 0x0000025290000000|100%| O|  |TAMS 0x000002528e000000, 0x000002528e000000| Untracked 
|  28|0x0000025290000000, 0x0000025292000000, 0x0000025292000000|100%| O|  |TAMS 0x0000025290000000, 0x0000025290000000| Untracked 
|  29|0x0000025292000000, 0x0000025294000000, 0x0000025294000000|100%| O|  |TAMS 0x0000025292000000, 0x0000025292000000| Untracked 
|  30|0x0000025294000000, 0x0000025296000000, 0x0000025296000000|100%| O|  |TAMS 0x0000025294000000, 0x0000025294000000| Untracked 
|  31|0x0000025296000000, 0x0000025298000000, 0x0000025298000000|100%| O|  |TAMS 0x0000025296000000, 0x0000025296000000| Untracked 
|  32|0x0000025298000000, 0x000002529a000000, 0x000002529a000000|100%| O|  |TAMS 0x0000025298000000, 0x0000025298000000| Untracked 
|  33|0x000002529a000000, 0x000002529c000000, 0x000002529c000000|100%| O|  |TAMS 0x000002529a000000, 0x000002529a000000| Untracked 
|  34|0x000002529c000000, 0x000002529e000000, 0x000002529e000000|100%| O|  |TAMS 0x000002529c000000, 0x000002529c000000| Untracked 
|  35|0x000002529e000000, 0x00000252a0000000, 0x00000252a0000000|100%| O|  |TAMS 0x000002529e000000, 0x000002529e000000| Untracked 
|  36|0x00000252a0000000, 0x00000252a2000000, 0x00000252a2000000|100%| O|  |TAMS 0x00000252a0000000, 0x00000252a0000000| Untracked 
|  37|0x00000252a2000000, 0x00000252a4000000, 0x00000252a4000000|100%| O|  |TAMS 0x00000252a2000000, 0x00000252a2000000| Untracked 
|  38|0x00000252a4000000, 0x00000252a6000000, 0x00000252a6000000|100%| O|  |TAMS 0x00000252a4000000, 0x00000252a4000000| Untracked 
|  39|0x00000252a6000000, 0x00000252a8000000, 0x00000252a8000000|100%| O|  |TAMS 0x00000252a6000000, 0x00000252a6000000| Untracked 
|  40|0x00000252a8000000, 0x00000252aa000000, 0x00000252aa000000|100%| O|  |TAMS 0x00000252a8000000, 0x00000252a8000000| Untracked 
|  41|0x00000252aa000000, 0x00000252ac000000, 0x00000252ac000000|100%| O|  |TAMS 0x00000252aa000000, 0x00000252aa000000| Untracked 
|  42|0x00000252ac000000, 0x00000252ae000000, 0x00000252ae000000|100%| O|  |TAMS 0x00000252ac000000, 0x00000252ac000000| Untracked 
|  43|0x00000252ae000000, 0x00000252b0000000, 0x00000252b0000000|100%| O|  |TAMS 0x00000252ae000000, 0x00000252ae000000| Untracked 
|  44|0x00000252b0000000, 0x00000252b05d3600, 0x00000252b2000000| 18%| O|  |TAMS 0x00000252b0000000, 0x00000252b0000000| Untracked 
|  45|0x00000252b2000000, 0x00000252b2000000, 0x00000252b4000000|  0%| F|  |TAMS 0x00000252b2000000, 0x00000252b2000000| Untracked 
|  46|0x00000252b4000000, 0x00000252b4000000, 0x00000252b6000000|  0%| F|  |TAMS 0x00000252b4000000, 0x00000252b4000000| Untracked 
|  47|0x00000252b6000000, 0x00000252b6000000, 0x00000252b8000000|  0%| F|  |TAMS 0x00000252b6000000, 0x00000252b6000000| Untracked 
|  48|0x00000252b8000000, 0x00000252b8000000, 0x00000252ba000000|  0%| F|  |TAMS 0x00000252b8000000, 0x00000252b8000000| Untracked 
|  49|0x00000252ba000000, 0x00000252ba000000, 0x00000252bc000000|  0%| F|  |TAMS 0x00000252ba000000, 0x00000252ba000000| Untracked 
|  50|0x00000252bc000000, 0x00000252bc000000, 0x00000252be000000|  0%| F|  |TAMS 0x00000252bc000000, 0x00000252bc000000| Untracked 
|  51|0x00000252be000000, 0x00000252be000000, 0x00000252c0000000|  0%| F|  |TAMS 0x00000252be000000, 0x00000252be000000| Untracked 
|  52|0x00000252c0000000, 0x00000252c0000000, 0x00000252c2000000|  0%| F|  |TAMS 0x00000252c0000000, 0x00000252c0000000| Untracked 
|  53|0x00000252c2000000, 0x00000252c2000000, 0x00000252c4000000|  0%| F|  |TAMS 0x00000252c2000000, 0x00000252c2000000| Untracked 
|  54|0x00000252c4000000, 0x00000252c4000000, 0x00000252c6000000|  0%| F|  |TAMS 0x00000252c4000000, 0x00000252c4000000| Untracked 
|  55|0x00000252c6000000, 0x00000252c6000000, 0x00000252c8000000|  0%| F|  |TAMS 0x00000252c6000000, 0x00000252c6000000| Untracked 
|  56|0x00000252c8000000, 0x00000252c8000000, 0x00000252ca000000|  0%| F|  |TAMS 0x00000252c8000000, 0x00000252c8000000| Untracked 
|  57|0x00000252ca000000, 0x00000252ca000000, 0x00000252cc000000|  0%| F|  |TAMS 0x00000252ca000000, 0x00000252ca000000| Untracked 
|  58|0x00000252cc000000, 0x00000252cc000000, 0x00000252ce000000|  0%| F|  |TAMS 0x00000252cc000000, 0x00000252cc000000| Untracked 
|  59|0x00000252ce000000, 0x00000252ce000000, 0x00000252d0000000|  0%| F|  |TAMS 0x00000252ce000000, 0x00000252ce000000| Untracked 
|  60|0x00000252d0000000, 0x00000252d0000000, 0x00000252d2000000|  0%| F|  |TAMS 0x00000252d0000000, 0x00000252d0000000| Untracked 
|  61|0x00000252d2000000, 0x00000252d2000000, 0x00000252d4000000|  0%| F|  |TAMS 0x00000252d2000000, 0x00000252d2000000| Untracked 
|  62|0x00000252d4000000, 0x00000252d4000000, 0x00000252d6000000|  0%| F|  |TAMS 0x00000252d4000000, 0x00000252d4000000| Untracked 
|  63|0x00000252d6000000, 0x00000252d6000000, 0x00000252d8000000|  0%| F|  |TAMS 0x00000252d6000000, 0x00000252d6000000| Untracked 
|  64|0x00000252d8000000, 0x00000252d8000000, 0x00000252da000000|  0%| F|  |TAMS 0x00000252d8000000, 0x00000252d8000000| Untracked 
|  65|0x00000252da000000, 0x00000252da000000, 0x00000252dc000000|  0%| F|  |TAMS 0x00000252da000000, 0x00000252da000000| Untracked 
|  66|0x00000252dc000000, 0x00000252dc000000, 0x00000252de000000|  0%| F|  |TAMS 0x00000252dc000000, 0x00000252dc000000| Untracked 
|  67|0x00000252de000000, 0x00000252de000000, 0x00000252e0000000|  0%| F|  |TAMS 0x00000252de000000, 0x00000252de000000| Untracked 
|  68|0x00000252e0000000, 0x00000252e0000000, 0x00000252e2000000|  0%| F|  |TAMS 0x00000252e0000000, 0x00000252e0000000| Untracked 
|  69|0x00000252e2000000, 0x00000252e2000000, 0x00000252e4000000|  0%| F|  |TAMS 0x00000252e2000000, 0x00000252e2000000| Untracked 
|  70|0x00000252e4000000, 0x00000252e4000000, 0x00000252e6000000|  0%| F|  |TAMS 0x00000252e4000000, 0x00000252e4000000| Untracked 
|  71|0x00000252e6000000, 0x00000252e6000000, 0x00000252e8000000|  0%| F|  |TAMS 0x00000252e6000000, 0x00000252e6000000| Untracked 
|  72|0x00000252e8000000, 0x00000252e8000000, 0x00000252ea000000|  0%| F|  |TAMS 0x00000252e8000000, 0x00000252e8000000| Untracked 
|  73|0x00000252ea000000, 0x00000252ea000000, 0x00000252ec000000|  0%| F|  |TAMS 0x00000252ea000000, 0x00000252ea000000| Untracked 
|  74|0x00000252ec000000, 0x00000252ec000000, 0x00000252ee000000|  0%| F|  |TAMS 0x00000252ec000000, 0x00000252ec000000| Untracked 
|  75|0x00000252ee000000, 0x00000252ee000000, 0x00000252f0000000|  0%| F|  |TAMS 0x00000252ee000000, 0x00000252ee000000| Untracked 
|  76|0x00000252f0000000, 0x00000252f0000000, 0x00000252f2000000|  0%| F|  |TAMS 0x00000252f0000000, 0x00000252f0000000| Untracked 
|  77|0x00000252f2000000, 0x00000252f2000000, 0x00000252f4000000|  0%| F|  |TAMS 0x00000252f2000000, 0x00000252f2000000| Untracked 
|  78|0x00000252f4000000, 0x00000252f4000000, 0x00000252f6000000|  0%| F|  |TAMS 0x00000252f4000000, 0x00000252f4000000| Untracked 
|  79|0x00000252f6000000, 0x00000252f6000000, 0x00000252f8000000|  0%| F|  |TAMS 0x00000252f6000000, 0x00000252f6000000| Untracked 
|  80|0x00000252f8000000, 0x00000252f8000000, 0x00000252fa000000|  0%| F|  |TAMS 0x00000252f8000000, 0x00000252f8000000| Untracked 
|  81|0x00000252fa000000, 0x00000252fa000000, 0x00000252fc000000|  0%| F|  |TAMS 0x00000252fa000000, 0x00000252fa000000| Untracked 
|  82|0x00000252fc000000, 0x00000252fc000000, 0x00000252fe000000|  0%| F|  |TAMS 0x00000252fc000000, 0x00000252fc000000| Untracked 
|  83|0x00000252fe000000, 0x00000252fe000000, 0x0000025300000000|  0%| F|  |TAMS 0x00000252fe000000, 0x00000252fe000000| Untracked 
|  84|0x0000025300000000, 0x0000025300000000, 0x0000025302000000|  0%| F|  |TAMS 0x0000025300000000, 0x0000025300000000| Untracked 
|  85|0x0000025302000000, 0x0000025302000000, 0x0000025304000000|  0%| F|  |TAMS 0x0000025302000000, 0x0000025302000000| Untracked 
|  86|0x0000025304000000, 0x0000025304000000, 0x0000025306000000|  0%| F|  |TAMS 0x0000025304000000, 0x0000025304000000| Untracked 
|  87|0x0000025306000000, 0x0000025306000000, 0x0000025308000000|  0%| F|  |TAMS 0x0000025306000000, 0x0000025306000000| Untracked 
|  88|0x0000025308000000, 0x0000025308000000, 0x000002530a000000|  0%| F|  |TAMS 0x0000025308000000, 0x0000025308000000| Untracked 
|  89|0x000002530a000000, 0x000002530a000000, 0x000002530c000000|  0%| F|  |TAMS 0x000002530a000000, 0x000002530a000000| Untracked 
|  90|0x000002530c000000, 0x000002530c000000, 0x000002530e000000|  0%| F|  |TAMS 0x000002530c000000, 0x000002530c000000| Untracked 
|  91|0x000002530e000000, 0x000002530e000000, 0x0000025310000000|  0%| F|  |TAMS 0x000002530e000000, 0x000002530e000000| Untracked 
|  92|0x0000025310000000, 0x0000025310000000, 0x0000025312000000|  0%| F|  |TAMS 0x0000025310000000, 0x0000025310000000| Untracked 
|  93|0x0000025312000000, 0x0000025312000000, 0x0000025314000000|  0%| F|  |TAMS 0x0000025312000000, 0x0000025312000000| Untracked 
|  94|0x0000025314000000, 0x0000025314000000, 0x0000025316000000|  0%| F|  |TAMS 0x0000025314000000, 0x0000025314000000| Untracked 
|  95|0x0000025316000000, 0x0000025316000000, 0x0000025318000000|  0%| F|  |TAMS 0x0000025316000000, 0x0000025316000000| Untracked 
|  96|0x0000025318000000, 0x0000025318000000, 0x000002531a000000|  0%| F|  |TAMS 0x0000025318000000, 0x0000025318000000| Untracked 
|  97|0x000002531a000000, 0x000002531a000000, 0x000002531c000000|  0%| F|  |TAMS 0x000002531a000000, 0x000002531a000000| Untracked 
|  98|0x000002531c000000, 0x000002531c000000, 0x000002531e000000|  0%| F|  |TAMS 0x000002531c000000, 0x000002531c000000| Untracked 
|  99|0x000002531e000000, 0x000002531e000000, 0x0000025320000000|  0%| F|  |TAMS 0x000002531e000000, 0x000002531e000000| Untracked 
| 100|0x0000025320000000, 0x0000025320000000, 0x0000025322000000|  0%| F|  |TAMS 0x0000025320000000, 0x0000025320000000| Untracked 
| 101|0x0000025322000000, 0x0000025322000000, 0x0000025324000000|  0%| F|  |TAMS 0x0000025322000000, 0x0000025322000000| Untracked 
| 102|0x0000025324000000, 0x0000025324000000, 0x0000025326000000|  0%| F|  |TAMS 0x0000025324000000, 0x0000025324000000| Untracked 
| 103|0x0000025326000000, 0x0000025326000000, 0x0000025328000000|  0%| F|  |TAMS 0x0000025326000000, 0x0000025326000000| Untracked 
| 104|0x0000025328000000, 0x0000025328000000, 0x000002532a000000|  0%| F|  |TAMS 0x0000025328000000, 0x0000025328000000| Untracked 
| 105|0x000002532a000000, 0x000002532a000000, 0x000002532c000000|  0%| F|  |TAMS 0x000002532a000000, 0x000002532a000000| Untracked 
| 106|0x000002532c000000, 0x000002532c000000, 0x000002532e000000|  0%| F|  |TAMS 0x000002532c000000, 0x000002532c000000| Untracked 
| 107|0x000002532e000000, 0x000002532e000000, 0x0000025330000000|  0%| F|  |TAMS 0x000002532e000000, 0x000002532e000000| Untracked 
| 108|0x0000025330000000, 0x0000025330000000, 0x0000025332000000|  0%| F|  |TAMS 0x0000025330000000, 0x0000025330000000| Untracked 
| 109|0x0000025332000000, 0x0000025332000000, 0x0000025334000000|  0%| F|  |TAMS 0x0000025332000000, 0x0000025332000000| Untracked 
| 110|0x0000025334000000, 0x0000025334000000, 0x0000025336000000|  0%| F|  |TAMS 0x0000025334000000, 0x0000025334000000| Untracked 
| 111|0x0000025336000000, 0x0000025336000000, 0x0000025338000000|  0%| F|  |TAMS 0x0000025336000000, 0x0000025336000000| Untracked 
| 112|0x0000025338000000, 0x0000025338000000, 0x000002533a000000|  0%| F|  |TAMS 0x0000025338000000, 0x0000025338000000| Untracked 
| 113|0x000002533a000000, 0x000002533a000000, 0x000002533c000000|  0%| F|  |TAMS 0x000002533a000000, 0x000002533a000000| Untracked 
| 114|0x000002533c000000, 0x000002533c000000, 0x000002533e000000|  0%| F|  |TAMS 0x000002533c000000, 0x000002533c000000| Untracked 
| 115|0x000002533e000000, 0x000002533e000000, 0x0000025340000000|  0%| F|  |TAMS 0x000002533e000000, 0x000002533e000000| Untracked 
| 116|0x0000025340000000, 0x0000025340000000, 0x0000025342000000|  0%| F|  |TAMS 0x0000025340000000, 0x0000025340000000| Untracked 
| 117|0x0000025342000000, 0x0000025342000000, 0x0000025344000000|  0%| F|  |TAMS 0x0000025342000000, 0x0000025342000000| Untracked 
| 118|0x0000025344000000, 0x0000025344000000, 0x0000025346000000|  0%| F|  |TAMS 0x0000025344000000, 0x0000025344000000| Untracked 
| 119|0x0000025346000000, 0x0000025346000000, 0x0000025348000000|  0%| F|  |TAMS 0x0000025346000000, 0x0000025346000000| Untracked 
| 120|0x0000025348000000, 0x0000025348000000, 0x000002534a000000|  0%| F|  |TAMS 0x0000025348000000, 0x0000025348000000| Untracked 
| 121|0x000002534a000000, 0x000002534a000000, 0x000002534c000000|  0%| F|  |TAMS 0x000002534a000000, 0x000002534a000000| Untracked 
| 122|0x000002534c000000, 0x000002534c000000, 0x000002534e000000|  0%| F|  |TAMS 0x000002534c000000, 0x000002534c000000| Untracked 
| 123|0x000002534e000000, 0x000002534e000000, 0x0000025350000000|  0%| F|  |TAMS 0x000002534e000000, 0x000002534e000000| Untracked 
| 124|0x0000025350000000, 0x0000025350000000, 0x0000025352000000|  0%| F|  |TAMS 0x0000025350000000, 0x0000025350000000| Untracked 
| 125|0x0000025352000000, 0x0000025352000000, 0x0000025354000000|  0%| F|  |TAMS 0x0000025352000000, 0x0000025352000000| Untracked 
| 126|0x0000025354000000, 0x0000025354000000, 0x0000025356000000|  0%| F|  |TAMS 0x0000025354000000, 0x0000025354000000| Untracked 
| 127|0x0000025356000000, 0x0000025356000000, 0x0000025358000000|  0%| F|  |TAMS 0x0000025356000000, 0x0000025356000000| Untracked 
| 128|0x0000025358000000, 0x0000025358000000, 0x000002535a000000|  0%| F|  |TAMS 0x0000025358000000, 0x0000025358000000| Untracked 
| 129|0x000002535a000000, 0x000002535a000000, 0x000002535c000000|  0%| F|  |TAMS 0x000002535a000000, 0x000002535a000000| Untracked 
| 130|0x000002535c000000, 0x000002535c000000, 0x000002535e000000|  0%| F|  |TAMS 0x000002535c000000, 0x000002535c000000| Untracked 
| 131|0x000002535e000000, 0x000002535e000000, 0x0000025360000000|  0%| F|  |TAMS 0x000002535e000000, 0x000002535e000000| Untracked 
| 132|0x0000025360000000, 0x0000025360000000, 0x0000025362000000|  0%| F|  |TAMS 0x0000025360000000, 0x0000025360000000| Untracked 
| 133|0x0000025362000000, 0x0000025362000000, 0x0000025364000000|  0%| F|  |TAMS 0x0000025362000000, 0x0000025362000000| Untracked 
| 134|0x0000025364000000, 0x0000025364000000, 0x0000025366000000|  0%| F|  |TAMS 0x0000025364000000, 0x0000025364000000| Untracked 
| 135|0x0000025366000000, 0x0000025366000000, 0x0000025368000000|  0%| F|  |TAMS 0x0000025366000000, 0x0000025366000000| Untracked 
| 136|0x0000025368000000, 0x0000025368000000, 0x000002536a000000|  0%| F|  |TAMS 0x0000025368000000, 0x0000025368000000| Untracked 
| 137|0x000002536a000000, 0x000002536a000000, 0x000002536c000000|  0%| F|  |TAMS 0x000002536a000000, 0x000002536a000000| Untracked 
| 138|0x000002536c000000, 0x000002536c000000, 0x000002536e000000|  0%| F|  |TAMS 0x000002536c000000, 0x000002536c000000| Untracked 
| 139|0x000002536e000000, 0x000002536e000000, 0x0000025370000000|  0%| F|  |TAMS 0x000002536e000000, 0x000002536e000000| Untracked 
| 140|0x0000025370000000, 0x0000025370000000, 0x0000025372000000|  0%| F|  |TAMS 0x0000025370000000, 0x0000025370000000| Untracked 
| 141|0x0000025372000000, 0x0000025372000000, 0x0000025374000000|  0%| F|  |TAMS 0x0000025372000000, 0x0000025372000000| Untracked 
| 142|0x0000025374000000, 0x0000025374000000, 0x0000025376000000|  0%| F|  |TAMS 0x0000025374000000, 0x0000025374000000| Untracked 
| 143|0x0000025376000000, 0x0000025376000000, 0x0000025378000000|  0%| F|  |TAMS 0x0000025376000000, 0x0000025376000000| Untracked 
| 144|0x0000025378000000, 0x0000025378000000, 0x000002537a000000|  0%| F|  |TAMS 0x0000025378000000, 0x0000025378000000| Untracked 
| 145|0x000002537a000000, 0x000002537a000000, 0x000002537c000000|  0%| F|  |TAMS 0x000002537a000000, 0x000002537a000000| Untracked 
| 146|0x000002537c000000, 0x000002537c000000, 0x000002537e000000|  0%| F|  |TAMS 0x000002537c000000, 0x000002537c000000| Untracked 
| 147|0x000002537e000000, 0x000002537e000000, 0x0000025380000000|  0%| F|  |TAMS 0x000002537e000000, 0x000002537e000000| Untracked 
| 148|0x0000025380000000, 0x0000025380000000, 0x0000025382000000|  0%| F|  |TAMS 0x0000025380000000, 0x0000025380000000| Untracked 
| 149|0x0000025382000000, 0x0000025382000000, 0x0000025384000000|  0%| F|  |TAMS 0x0000025382000000, 0x0000025382000000| Untracked 
| 150|0x0000025384000000, 0x0000025384000000, 0x0000025386000000|  0%| F|  |TAMS 0x0000025384000000, 0x0000025384000000| Untracked 
| 151|0x0000025386000000, 0x0000025386000000, 0x0000025388000000|  0%| F|  |TAMS 0x0000025386000000, 0x0000025386000000| Untracked 
| 152|0x0000025388000000, 0x0000025388000000, 0x000002538a000000|  0%| F|  |TAMS 0x0000025388000000, 0x0000025388000000| Untracked 
| 153|0x000002538a000000, 0x000002538a000000, 0x000002538c000000|  0%| F|  |TAMS 0x000002538a000000, 0x000002538a000000| Untracked 
| 154|0x000002538c000000, 0x000002538c000000, 0x000002538e000000|  0%| F|  |TAMS 0x000002538c000000, 0x000002538c000000| Untracked 
| 155|0x000002538e000000, 0x000002538e000000, 0x0000025390000000|  0%| F|  |TAMS 0x000002538e000000, 0x000002538e000000| Untracked 
| 156|0x0000025390000000, 0x0000025390000000, 0x0000025392000000|  0%| F|  |TAMS 0x0000025390000000, 0x0000025390000000| Untracked 
| 157|0x0000025392000000, 0x0000025392000000, 0x0000025394000000|  0%| F|  |TAMS 0x0000025392000000, 0x0000025392000000| Untracked 
| 158|0x0000025394000000, 0x0000025394000000, 0x0000025396000000|  0%| F|  |TAMS 0x0000025394000000, 0x0000025394000000| Untracked 
| 159|0x0000025396000000, 0x0000025396000000, 0x0000025398000000|  0%| F|  |TAMS 0x0000025396000000, 0x0000025396000000| Untracked 
| 160|0x0000025398000000, 0x0000025398000000, 0x000002539a000000|  0%| F|  |TAMS 0x0000025398000000, 0x0000025398000000| Untracked 
| 161|0x000002539a000000, 0x000002539a000000, 0x000002539c000000|  0%| F|  |TAMS 0x000002539a000000, 0x000002539a000000| Untracked 
| 162|0x000002539c000000, 0x000002539c000000, 0x000002539e000000|  0%| F|  |TAMS 0x000002539c000000, 0x000002539c000000| Untracked 
| 163|0x000002539e000000, 0x000002539e000000, 0x00000253a0000000|  0%| F|  |TAMS 0x000002539e000000, 0x000002539e000000| Untracked 
| 164|0x00000253a0000000, 0x00000253a0000000, 0x00000253a2000000|  0%| F|  |TAMS 0x00000253a0000000, 0x00000253a0000000| Untracked 
| 165|0x00000253a2000000, 0x00000253a2000000, 0x00000253a4000000|  0%| F|  |TAMS 0x00000253a2000000, 0x00000253a2000000| Untracked 
| 166|0x00000253a4000000, 0x00000253a4000000, 0x00000253a6000000|  0%| F|  |TAMS 0x00000253a4000000, 0x00000253a4000000| Untracked 
| 167|0x00000253a6000000, 0x00000253a6000000, 0x00000253a8000000|  0%| F|  |TAMS 0x00000253a6000000, 0x00000253a6000000| Untracked 
| 168|0x00000253a8000000, 0x00000253a8000000, 0x00000253aa000000|  0%| F|  |TAMS 0x00000253a8000000, 0x00000253a8000000| Untracked 
| 169|0x00000253aa000000, 0x00000253aa000000, 0x00000253ac000000|  0%| F|  |TAMS 0x00000253aa000000, 0x00000253aa000000| Untracked 
| 170|0x00000253ac000000, 0x00000253ac000000, 0x00000253ae000000|  0%| F|  |TAMS 0x00000253ac000000, 0x00000253ac000000| Untracked 
| 171|0x00000253ae000000, 0x00000253ae000000, 0x00000253b0000000|  0%| F|  |TAMS 0x00000253ae000000, 0x00000253ae000000| Untracked 
| 172|0x00000253b0000000, 0x00000253b0000000, 0x00000253b2000000|  0%| F|  |TAMS 0x00000253b0000000, 0x00000253b0000000| Untracked 
| 173|0x00000253b2000000, 0x00000253b2000000, 0x00000253b4000000|  0%| F|  |TAMS 0x00000253b2000000, 0x00000253b2000000| Untracked 
| 174|0x00000253b4000000, 0x00000253b4000000, 0x00000253b6000000|  0%| F|  |TAMS 0x00000253b4000000, 0x00000253b4000000| Untracked 
| 175|0x00000253b6000000, 0x00000253b6000000, 0x00000253b8000000|  0%| F|  |TAMS 0x00000253b6000000, 0x00000253b6000000| Untracked 
| 176|0x00000253b8000000, 0x00000253b8000000, 0x00000253ba000000|  0%| F|  |TAMS 0x00000253b8000000, 0x00000253b8000000| Untracked 
| 177|0x00000253ba000000, 0x00000253ba000000, 0x00000253bc000000|  0%| F|  |TAMS 0x00000253ba000000, 0x00000253ba000000| Untracked 
| 178|0x00000253bc000000, 0x00000253bc000000, 0x00000253be000000|  0%| F|  |TAMS 0x00000253bc000000, 0x00000253bc000000| Untracked 
| 179|0x00000253be000000, 0x00000253be000000, 0x00000253c0000000|  0%| F|  |TAMS 0x00000253be000000, 0x00000253be000000| Untracked 
| 180|0x00000253c0000000, 0x00000253c0000000, 0x00000253c2000000|  0%| F|  |TAMS 0x00000253c0000000, 0x00000253c0000000| Untracked 
| 181|0x00000253c2000000, 0x00000253c2000000, 0x00000253c4000000|  0%| F|  |TAMS 0x00000253c2000000, 0x00000253c2000000| Untracked 
| 182|0x00000253c4000000, 0x00000253c4000000, 0x00000253c6000000|  0%| F|  |TAMS 0x00000253c4000000, 0x00000253c4000000| Untracked 
| 183|0x00000253c6000000, 0x00000253c6000000, 0x00000253c8000000|  0%| F|  |TAMS 0x00000253c6000000, 0x00000253c6000000| Untracked 
| 184|0x00000253c8000000, 0x00000253c8000000, 0x00000253ca000000|  0%| F|  |TAMS 0x00000253c8000000, 0x00000253c8000000| Untracked 
| 185|0x00000253ca000000, 0x00000253ca000000, 0x00000253cc000000|  0%| F|  |TAMS 0x00000253ca000000, 0x00000253ca000000| Untracked 
| 186|0x00000253cc000000, 0x00000253cc000000, 0x00000253ce000000|  0%| F|  |TAMS 0x00000253cc000000, 0x00000253cc000000| Untracked 
| 187|0x00000253ce000000, 0x00000253ce000000, 0x00000253d0000000|  0%| F|  |TAMS 0x00000253ce000000, 0x00000253ce000000| Untracked 
| 188|0x00000253d0000000, 0x00000253d0000000, 0x00000253d2000000|  0%| F|  |TAMS 0x00000253d0000000, 0x00000253d0000000| Untracked 
| 189|0x00000253d2000000, 0x00000253d2000000, 0x00000253d4000000|  0%| F|  |TAMS 0x00000253d2000000, 0x00000253d2000000| Untracked 
| 190|0x00000253d4000000, 0x00000253d4000000, 0x00000253d6000000|  0%| F|  |TAMS 0x00000253d4000000, 0x00000253d4000000| Untracked 
| 191|0x00000253d6000000, 0x00000253d6000000, 0x00000253d8000000|  0%| F|  |TAMS 0x00000253d6000000, 0x00000253d6000000| Untracked 
| 192|0x00000253d8000000, 0x00000253d8000000, 0x00000253da000000|  0%| F|  |TAMS 0x00000253d8000000, 0x00000253d8000000| Untracked 
| 193|0x00000253da000000, 0x00000253da000000, 0x00000253dc000000|  0%| F|  |TAMS 0x00000253da000000, 0x00000253da000000| Untracked 
| 194|0x00000253dc000000, 0x00000253dc000000, 0x00000253de000000|  0%| F|  |TAMS 0x00000253dc000000, 0x00000253dc000000| Untracked 
| 195|0x00000253de000000, 0x00000253de000000, 0x00000253e0000000|  0%| F|  |TAMS 0x00000253de000000, 0x00000253de000000| Untracked 
| 196|0x00000253e0000000, 0x00000253e0000000, 0x00000253e2000000|  0%| F|  |TAMS 0x00000253e0000000, 0x00000253e0000000| Untracked 
| 197|0x00000253e2000000, 0x00000253e2000000, 0x00000253e4000000|  0%| F|  |TAMS 0x00000253e2000000, 0x00000253e2000000| Untracked 
| 198|0x00000253e4000000, 0x00000253e4000000, 0x00000253e6000000|  0%| F|  |TAMS 0x00000253e4000000, 0x00000253e4000000| Untracked 
| 199|0x00000253e6000000, 0x00000253e6000000, 0x00000253e8000000|  0%| F|  |TAMS 0x00000253e6000000, 0x00000253e6000000| Untracked 
| 200|0x00000253e8000000, 0x00000253e8000000, 0x00000253ea000000|  0%| F|  |TAMS 0x00000253e8000000, 0x00000253e8000000| Untracked 
| 201|0x00000253ea000000, 0x00000253ea000000, 0x00000253ec000000|  0%| F|  |TAMS 0x00000253ea000000, 0x00000253ea000000| Untracked 
| 202|0x00000253ec000000, 0x00000253ec000000, 0x00000253ee000000|  0%| F|  |TAMS 0x00000253ec000000, 0x00000253ec000000| Untracked 
| 203|0x00000253ee000000, 0x00000253ee000000, 0x00000253f0000000|  0%| F|  |TAMS 0x00000253ee000000, 0x00000253ee000000| Untracked 
| 204|0x00000253f0000000, 0x00000253f0000000, 0x00000253f2000000|  0%| F|  |TAMS 0x00000253f0000000, 0x00000253f0000000| Untracked 
| 205|0x00000253f2000000, 0x00000253f2000000, 0x00000253f4000000|  0%| F|  |TAMS 0x00000253f2000000, 0x00000253f2000000| Untracked 
| 206|0x00000253f4000000, 0x00000253f4000000, 0x00000253f6000000|  0%| F|  |TAMS 0x00000253f4000000, 0x00000253f4000000| Untracked 
| 207|0x00000253f6000000, 0x00000253f6000000, 0x00000253f8000000|  0%| F|  |TAMS 0x00000253f6000000, 0x00000253f6000000| Untracked 
| 208|0x00000253f8000000, 0x00000253f8000000, 0x00000253fa000000|  0%| F|  |TAMS 0x00000253f8000000, 0x00000253f8000000| Untracked 
| 209|0x00000253fa000000, 0x00000253fa000000, 0x00000253fc000000|  0%| F|  |TAMS 0x00000253fa000000, 0x00000253fa000000| Untracked 
| 210|0x00000253fc000000, 0x00000253fc000000, 0x00000253fe000000|  0%| F|  |TAMS 0x00000253fc000000, 0x00000253fc000000| Untracked 
| 211|0x00000253fe000000, 0x00000253fe000000, 0x0000025400000000|  0%| F|  |TAMS 0x00000253fe000000, 0x00000253fe000000| Untracked 
| 212|0x0000025400000000, 0x0000025400000000, 0x0000025402000000|  0%| F|  |TAMS 0x0000025400000000, 0x0000025400000000| Untracked 
| 213|0x0000025402000000, 0x0000025402000000, 0x0000025404000000|  0%| F|  |TAMS 0x0000025402000000, 0x0000025402000000| Untracked 
| 214|0x0000025404000000, 0x0000025404000000, 0x0000025406000000|  0%| F|  |TAMS 0x0000025404000000, 0x0000025404000000| Untracked 
| 215|0x0000025406000000, 0x0000025406000000, 0x0000025408000000|  0%| F|  |TAMS 0x0000025406000000, 0x0000025406000000| Untracked 
| 216|0x0000025408000000, 0x0000025408000000, 0x000002540a000000|  0%| F|  |TAMS 0x0000025408000000, 0x0000025408000000| Untracked 
| 217|0x000002540a000000, 0x000002540a000000, 0x000002540c000000|  0%| F|  |TAMS 0x000002540a000000, 0x000002540a000000| Untracked 
| 218|0x000002540c000000, 0x000002540c000000, 0x000002540e000000|  0%| F|  |TAMS 0x000002540c000000, 0x000002540c000000| Untracked 
| 219|0x000002540e000000, 0x000002540e000000, 0x0000025410000000|  0%| F|  |TAMS 0x000002540e000000, 0x000002540e000000| Untracked 
| 220|0x0000025410000000, 0x0000025410000000, 0x0000025412000000|  0%| F|  |TAMS 0x0000025410000000, 0x0000025410000000| Untracked 
| 221|0x0000025412000000, 0x0000025412000000, 0x0000025414000000|  0%| F|  |TAMS 0x0000025412000000, 0x0000025412000000| Untracked 
| 222|0x0000025414000000, 0x0000025414000000, 0x0000025416000000|  0%| F|  |TAMS 0x0000025414000000, 0x0000025414000000| Untracked 
| 223|0x0000025416000000, 0x0000025416000000, 0x0000025418000000|  0%| F|  |TAMS 0x0000025416000000, 0x0000025416000000| Untracked 
| 224|0x0000025418000000, 0x0000025418000000, 0x000002541a000000|  0%| F|  |TAMS 0x0000025418000000, 0x0000025418000000| Untracked 
| 225|0x000002541a000000, 0x000002541a000000, 0x000002541c000000|  0%| F|  |TAMS 0x000002541a000000, 0x000002541a000000| Untracked 
| 226|0x000002541c000000, 0x000002541c000000, 0x000002541e000000|  0%| F|  |TAMS 0x000002541c000000, 0x000002541c000000| Untracked 
| 227|0x000002541e000000, 0x000002541e000000, 0x0000025420000000|  0%| F|  |TAMS 0x000002541e000000, 0x000002541e000000| Untracked 
| 228|0x0000025420000000, 0x0000025420000000, 0x0000025422000000|  0%| F|  |TAMS 0x0000025420000000, 0x0000025420000000| Untracked 
| 229|0x0000025422000000, 0x0000025422000000, 0x0000025424000000|  0%| F|  |TAMS 0x0000025422000000, 0x0000025422000000| Untracked 
| 230|0x0000025424000000, 0x0000025424000000, 0x0000025426000000|  0%| F|  |TAMS 0x0000025424000000, 0x0000025424000000| Untracked 
| 231|0x0000025426000000, 0x0000025426000000, 0x0000025428000000|  0%| F|  |TAMS 0x0000025426000000, 0x0000025426000000| Untracked 
| 232|0x0000025428000000, 0x0000025428000000, 0x000002542a000000|  0%| F|  |TAMS 0x0000025428000000, 0x0000025428000000| Untracked 
| 233|0x000002542a000000, 0x000002542a000000, 0x000002542c000000|  0%| F|  |TAMS 0x000002542a000000, 0x000002542a000000| Untracked 
| 234|0x000002542c000000, 0x000002542c000000, 0x000002542e000000|  0%| F|  |TAMS 0x000002542c000000, 0x000002542c000000| Untracked 
| 235|0x000002542e000000, 0x000002542e000000, 0x0000025430000000|  0%| F|  |TAMS 0x000002542e000000, 0x000002542e000000| Untracked 
| 236|0x0000025430000000, 0x0000025430000000, 0x0000025432000000|  0%| F|  |TAMS 0x0000025430000000, 0x0000025430000000| Untracked 
| 237|0x0000025432000000, 0x0000025432000000, 0x0000025434000000|  0%| F|  |TAMS 0x0000025432000000, 0x0000025432000000| Untracked 
| 238|0x0000025434000000, 0x0000025434000000, 0x0000025436000000|  0%| F|  |TAMS 0x0000025434000000, 0x0000025434000000| Untracked 
| 239|0x0000025436000000, 0x0000025436000000, 0x0000025438000000|  0%| F|  |TAMS 0x0000025436000000, 0x0000025436000000| Untracked 
| 240|0x0000025438000000, 0x0000025438000000, 0x000002543a000000|  0%| F|  |TAMS 0x0000025438000000, 0x0000025438000000| Untracked 
| 241|0x000002543a000000, 0x000002543a000000, 0x000002543c000000|  0%| F|  |TAMS 0x000002543a000000, 0x000002543a000000| Untracked 
| 242|0x000002543c000000, 0x000002543c000000, 0x000002543e000000|  0%| F|  |TAMS 0x000002543c000000, 0x000002543c000000| Untracked 
| 243|0x000002543e000000, 0x000002543e000000, 0x0000025440000000|  0%| F|  |TAMS 0x000002543e000000, 0x000002543e000000| Untracked 
| 244|0x0000025440000000, 0x0000025440000000, 0x0000025442000000|  0%| F|  |TAMS 0x0000025440000000, 0x0000025440000000| Untracked 
| 245|0x0000025442000000, 0x0000025442000000, 0x0000025444000000|  0%| F|  |TAMS 0x0000025442000000, 0x0000025442000000| Untracked 
| 246|0x0000025444000000, 0x0000025444000000, 0x0000025446000000|  0%| F|  |TAMS 0x0000025444000000, 0x0000025444000000| Untracked 
| 247|0x0000025446000000, 0x0000025446000000, 0x0000025448000000|  0%| F|  |TAMS 0x0000025446000000, 0x0000025446000000| Untracked 
| 248|0x0000025448000000, 0x0000025448000000, 0x000002544a000000|  0%| F|  |TAMS 0x0000025448000000, 0x0000025448000000| Untracked 
| 249|0x000002544a000000, 0x000002544a000000, 0x000002544c000000|  0%| F|  |TAMS 0x000002544a000000, 0x000002544a000000| Untracked 
| 250|0x000002544c000000, 0x000002544c000000, 0x000002544e000000|  0%| F|  |TAMS 0x000002544c000000, 0x000002544c000000| Untracked 
| 251|0x000002544e000000, 0x000002544e000000, 0x0000025450000000|  0%| F|  |TAMS 0x000002544e000000, 0x000002544e000000| Untracked 
| 252|0x0000025450000000, 0x0000025450000000, 0x0000025452000000|  0%| F|  |TAMS 0x0000025450000000, 0x0000025450000000| Untracked 
| 253|0x0000025452000000, 0x0000025452000000, 0x0000025454000000|  0%| F|  |TAMS 0x0000025452000000, 0x0000025452000000| Untracked 
| 254|0x0000025454000000, 0x0000025454000000, 0x0000025456000000|  0%| F|  |TAMS 0x0000025454000000, 0x0000025454000000| Untracked 
| 255|0x0000025456000000, 0x0000025456000000, 0x0000025458000000|  0%| F|  |TAMS 0x0000025456000000, 0x0000025456000000| Untracked 
| 256|0x0000025458000000, 0x0000025458000000, 0x000002545a000000|  0%| F|  |TAMS 0x0000025458000000, 0x0000025458000000| Untracked 
| 257|0x000002545a000000, 0x000002545a000000, 0x000002545c000000|  0%| F|  |TAMS 0x000002545a000000, 0x000002545a000000| Untracked 
| 258|0x000002545c000000, 0x000002545c000000, 0x000002545e000000|  0%| F|  |TAMS 0x000002545c000000, 0x000002545c000000| Untracked 
| 259|0x000002545e000000, 0x000002545e000000, 0x0000025460000000|  0%| F|  |TAMS 0x000002545e000000, 0x000002545e000000| Untracked 
| 260|0x0000025460000000, 0x0000025460000000, 0x0000025462000000|  0%| F|  |TAMS 0x0000025460000000, 0x0000025460000000| Untracked 
| 261|0x0000025462000000, 0x0000025462000000, 0x0000025464000000|  0%| F|  |TAMS 0x0000025462000000, 0x0000025462000000| Untracked 
| 262|0x0000025464000000, 0x0000025464000000, 0x0000025466000000|  0%| F|  |TAMS 0x0000025464000000, 0x0000025464000000| Untracked 
| 263|0x0000025466000000, 0x0000025466000000, 0x0000025468000000|  0%| F|  |TAMS 0x0000025466000000, 0x0000025466000000| Untracked 
| 264|0x0000025468000000, 0x0000025468000000, 0x000002546a000000|  0%| F|  |TAMS 0x0000025468000000, 0x0000025468000000| Untracked 
| 265|0x000002546a000000, 0x000002546a000000, 0x000002546c000000|  0%| F|  |TAMS 0x000002546a000000, 0x000002546a000000| Untracked 
| 266|0x000002546c000000, 0x000002546c000000, 0x000002546e000000|  0%| F|  |TAMS 0x000002546c000000, 0x000002546c000000| Untracked 
| 267|0x000002546e000000, 0x000002546e000000, 0x0000025470000000|  0%| F|  |TAMS 0x000002546e000000, 0x000002546e000000| Untracked 
| 268|0x0000025470000000, 0x0000025470000000, 0x0000025472000000|  0%| F|  |TAMS 0x0000025470000000, 0x0000025470000000| Untracked 
| 269|0x0000025472000000, 0x0000025472000000, 0x0000025474000000|  0%| F|  |TAMS 0x0000025472000000, 0x0000025472000000| Untracked 
| 270|0x0000025474000000, 0x0000025474000000, 0x0000025476000000|  0%| F|  |TAMS 0x0000025474000000, 0x0000025474000000| Untracked 
| 271|0x0000025476000000, 0x0000025476000000, 0x0000025478000000|  0%| F|  |TAMS 0x0000025476000000, 0x0000025476000000| Untracked 
| 272|0x0000025478000000, 0x0000025478000000, 0x000002547a000000|  0%| F|  |TAMS 0x0000025478000000, 0x0000025478000000| Untracked 
| 273|0x000002547a000000, 0x000002547a000000, 0x000002547c000000|  0%| F|  |TAMS 0x000002547a000000, 0x000002547a000000| Untracked 
| 274|0x000002547c000000, 0x000002547c000000, 0x000002547e000000|  0%| F|  |TAMS 0x000002547c000000, 0x000002547c000000| Untracked 
| 275|0x000002547e000000, 0x000002547e000000, 0x0000025480000000|  0%| F|  |TAMS 0x000002547e000000, 0x000002547e000000| Untracked 
| 276|0x0000025480000000, 0x0000025480000000, 0x0000025482000000|  0%| F|  |TAMS 0x0000025480000000, 0x0000025480000000| Untracked 
| 277|0x0000025482000000, 0x0000025482000000, 0x0000025484000000|  0%| F|  |TAMS 0x0000025482000000, 0x0000025482000000| Untracked 
| 278|0x0000025484000000, 0x0000025484000000, 0x0000025486000000|  0%| F|  |TAMS 0x0000025484000000, 0x0000025484000000| Untracked 
| 279|0x0000025486000000, 0x0000025486000000, 0x0000025488000000|  0%| F|  |TAMS 0x0000025486000000, 0x0000025486000000| Untracked 
| 280|0x0000025488000000, 0x0000025488000000, 0x000002548a000000|  0%| F|  |TAMS 0x0000025488000000, 0x0000025488000000| Untracked 
| 281|0x000002548a000000, 0x000002548a000000, 0x000002548c000000|  0%| F|  |TAMS 0x000002548a000000, 0x000002548a000000| Untracked 
| 282|0x000002548c000000, 0x000002548c000000, 0x000002548e000000|  0%| F|  |TAMS 0x000002548c000000, 0x000002548c000000| Untracked 
| 283|0x000002548e000000, 0x000002548e000000, 0x0000025490000000|  0%| F|  |TAMS 0x000002548e000000, 0x000002548e000000| Untracked 
| 284|0x0000025490000000, 0x0000025490000000, 0x0000025492000000|  0%| F|  |TAMS 0x0000025490000000, 0x0000025490000000| Untracked 
| 285|0x0000025492000000, 0x0000025492000000, 0x0000025494000000|  0%| F|  |TAMS 0x0000025492000000, 0x0000025492000000| Untracked 
| 286|0x0000025494000000, 0x0000025494000000, 0x0000025496000000|  0%| F|  |TAMS 0x0000025494000000, 0x0000025494000000| Untracked 
| 287|0x0000025496000000, 0x0000025496000000, 0x0000025498000000|  0%| F|  |TAMS 0x0000025496000000, 0x0000025496000000| Untracked 
| 288|0x0000025498000000, 0x0000025498000000, 0x000002549a000000|  0%| F|  |TAMS 0x0000025498000000, 0x0000025498000000| Untracked 
| 289|0x000002549a000000, 0x000002549a000000, 0x000002549c000000|  0%| F|  |TAMS 0x000002549a000000, 0x000002549a000000| Untracked 
| 290|0x000002549c000000, 0x000002549c000000, 0x000002549e000000|  0%| F|  |TAMS 0x000002549c000000, 0x000002549c000000| Untracked 
| 291|0x000002549e000000, 0x000002549e000000, 0x00000254a0000000|  0%| F|  |TAMS 0x000002549e000000, 0x000002549e000000| Untracked 
| 292|0x00000254a0000000, 0x00000254a0000000, 0x00000254a2000000|  0%| F|  |TAMS 0x00000254a0000000, 0x00000254a0000000| Untracked 
| 293|0x00000254a2000000, 0x00000254a2000000, 0x00000254a4000000|  0%| F|  |TAMS 0x00000254a2000000, 0x00000254a2000000| Untracked 
| 294|0x00000254a4000000, 0x00000254a4000000, 0x00000254a6000000|  0%| F|  |TAMS 0x00000254a4000000, 0x00000254a4000000| Untracked 
| 295|0x00000254a6000000, 0x00000254a6000000, 0x00000254a8000000|  0%| F|  |TAMS 0x00000254a6000000, 0x00000254a6000000| Untracked 
| 296|0x00000254a8000000, 0x00000254a8000000, 0x00000254aa000000|  0%| F|  |TAMS 0x00000254a8000000, 0x00000254a8000000| Untracked 
| 297|0x00000254aa000000, 0x00000254aa000000, 0x00000254ac000000|  0%| F|  |TAMS 0x00000254aa000000, 0x00000254aa000000| Untracked 
| 298|0x00000254ac000000, 0x00000254ac000000, 0x00000254ae000000|  0%| F|  |TAMS 0x00000254ac000000, 0x00000254ac000000| Untracked 
| 299|0x00000254ae000000, 0x00000254ae000000, 0x00000254b0000000|  0%| F|  |TAMS 0x00000254ae000000, 0x00000254ae000000| Untracked 
| 300|0x00000254b0000000, 0x00000254b0000000, 0x00000254b2000000|  0%| F|  |TAMS 0x00000254b0000000, 0x00000254b0000000| Untracked 
| 301|0x00000254b2000000, 0x00000254b2000000, 0x00000254b4000000|  0%| F|  |TAMS 0x00000254b2000000, 0x00000254b2000000| Untracked 
| 302|0x00000254b4000000, 0x00000254b4000000, 0x00000254b6000000|  0%| F|  |TAMS 0x00000254b4000000, 0x00000254b4000000| Untracked 
| 303|0x00000254b6000000, 0x00000254b6000000, 0x00000254b8000000|  0%| F|  |TAMS 0x00000254b6000000, 0x00000254b6000000| Untracked 
| 304|0x00000254b8000000, 0x00000254b8000000, 0x00000254ba000000|  0%| F|  |TAMS 0x00000254b8000000, 0x00000254b8000000| Untracked 
| 305|0x00000254ba000000, 0x00000254ba000000, 0x00000254bc000000|  0%| F|  |TAMS 0x00000254ba000000, 0x00000254ba000000| Untracked 
| 306|0x00000254bc000000, 0x00000254bc000000, 0x00000254be000000|  0%| F|  |TAMS 0x00000254bc000000, 0x00000254bc000000| Untracked 
| 307|0x00000254be000000, 0x00000254be000000, 0x00000254c0000000|  0%| F|  |TAMS 0x00000254be000000, 0x00000254be000000| Untracked 
| 308|0x00000254c0000000, 0x00000254c0000000, 0x00000254c2000000|  0%| F|  |TAMS 0x00000254c0000000, 0x00000254c0000000| Untracked 
| 309|0x00000254c2000000, 0x00000254c2000000, 0x00000254c4000000|  0%| F|  |TAMS 0x00000254c2000000, 0x00000254c2000000| Untracked 
| 310|0x00000254c4000000, 0x00000254c4000000, 0x00000254c6000000|  0%| F|  |TAMS 0x00000254c4000000, 0x00000254c4000000| Untracked 
| 311|0x00000254c6000000, 0x00000254c6000000, 0x00000254c8000000|  0%| F|  |TAMS 0x00000254c6000000, 0x00000254c6000000| Untracked 
| 312|0x00000254c8000000, 0x00000254c8000000, 0x00000254ca000000|  0%| F|  |TAMS 0x00000254c8000000, 0x00000254c8000000| Untracked 
| 313|0x00000254ca000000, 0x00000254ca000000, 0x00000254cc000000|  0%| F|  |TAMS 0x00000254ca000000, 0x00000254ca000000| Untracked 
| 314|0x00000254cc000000, 0x00000254cc000000, 0x00000254ce000000|  0%| F|  |TAMS 0x00000254cc000000, 0x00000254cc000000| Untracked 
| 315|0x00000254ce000000, 0x00000254ce000000, 0x00000254d0000000|  0%| F|  |TAMS 0x00000254ce000000, 0x00000254ce000000| Untracked 
| 316|0x00000254d0000000, 0x00000254d0000000, 0x00000254d2000000|  0%| F|  |TAMS 0x00000254d0000000, 0x00000254d0000000| Untracked 
| 317|0x00000254d2000000, 0x00000254d2000000, 0x00000254d4000000|  0%| F|  |TAMS 0x00000254d2000000, 0x00000254d2000000| Untracked 
| 318|0x00000254d4000000, 0x00000254d4000000, 0x00000254d6000000|  0%| F|  |TAMS 0x00000254d4000000, 0x00000254d4000000| Untracked 
| 319|0x00000254d6000000, 0x00000254d6000000, 0x00000254d8000000|  0%| F|  |TAMS 0x00000254d6000000, 0x00000254d6000000| Untracked 
| 320|0x00000254d8000000, 0x00000254d8000000, 0x00000254da000000|  0%| F|  |TAMS 0x00000254d8000000, 0x00000254d8000000| Untracked 
| 321|0x00000254da000000, 0x00000254da000000, 0x00000254dc000000|  0%| F|  |TAMS 0x00000254da000000, 0x00000254da000000| Untracked 
| 322|0x00000254dc000000, 0x00000254dc000000, 0x00000254de000000|  0%| F|  |TAMS 0x00000254dc000000, 0x00000254dc000000| Untracked 
| 323|0x00000254de000000, 0x00000254de000000, 0x00000254e0000000|  0%| F|  |TAMS 0x00000254de000000, 0x00000254de000000| Untracked 
| 324|0x00000254e0000000, 0x00000254e0000000, 0x00000254e2000000|  0%| F|  |TAMS 0x00000254e0000000, 0x00000254e0000000| Untracked 
| 325|0x00000254e2000000, 0x00000254e2000000, 0x00000254e4000000|  0%| F|  |TAMS 0x00000254e2000000, 0x00000254e2000000| Untracked 
| 326|0x00000254e4000000, 0x00000254e4000000, 0x00000254e6000000|  0%| F|  |TAMS 0x00000254e4000000, 0x00000254e4000000| Untracked 
| 327|0x00000254e6000000, 0x00000254e6000000, 0x00000254e8000000|  0%| F|  |TAMS 0x00000254e6000000, 0x00000254e6000000| Untracked 
| 328|0x00000254e8000000, 0x00000254e8000000, 0x00000254ea000000|  0%| F|  |TAMS 0x00000254e8000000, 0x00000254e8000000| Untracked 
| 329|0x00000254ea000000, 0x00000254ea000000, 0x00000254ec000000|  0%| F|  |TAMS 0x00000254ea000000, 0x00000254ea000000| Untracked 
| 330|0x00000254ec000000, 0x00000254ec000000, 0x00000254ee000000|  0%| F|  |TAMS 0x00000254ec000000, 0x00000254ec000000| Untracked 
| 331|0x00000254ee000000, 0x00000254ee000000, 0x00000254f0000000|  0%| F|  |TAMS 0x00000254ee000000, 0x00000254ee000000| Untracked 
| 332|0x00000254f0000000, 0x00000254f0000000, 0x00000254f2000000|  0%| F|  |TAMS 0x00000254f0000000, 0x00000254f0000000| Untracked 
| 333|0x00000254f2000000, 0x00000254f2000000, 0x00000254f4000000|  0%| F|  |TAMS 0x00000254f2000000, 0x00000254f2000000| Untracked 
| 334|0x00000254f4000000, 0x00000254f4000000, 0x00000254f6000000|  0%| F|  |TAMS 0x00000254f4000000, 0x00000254f4000000| Untracked 
| 335|0x00000254f6000000, 0x00000254f6000000, 0x00000254f8000000|  0%| F|  |TAMS 0x00000254f6000000, 0x00000254f6000000| Untracked 
| 336|0x00000254f8000000, 0x00000254f8000000, 0x00000254fa000000|  0%| F|  |TAMS 0x00000254f8000000, 0x00000254f8000000| Untracked 
| 337|0x00000254fa000000, 0x00000254fa000000, 0x00000254fc000000|  0%| F|  |TAMS 0x00000254fa000000, 0x00000254fa000000| Untracked 
| 338|0x00000254fc000000, 0x00000254fc000000, 0x00000254fe000000|  0%| F|  |TAMS 0x00000254fc000000, 0x00000254fc000000| Untracked 
| 339|0x00000254fe000000, 0x00000254fe000000, 0x0000025500000000|  0%| F|  |TAMS 0x00000254fe000000, 0x00000254fe000000| Untracked 
| 340|0x0000025500000000, 0x0000025500000000, 0x0000025502000000|  0%| F|  |TAMS 0x0000025500000000, 0x0000025500000000| Untracked 
| 341|0x0000025502000000, 0x0000025502000000, 0x0000025504000000|  0%| F|  |TAMS 0x0000025502000000, 0x0000025502000000| Untracked 
| 342|0x0000025504000000, 0x0000025504000000, 0x0000025506000000|  0%| F|  |TAMS 0x0000025504000000, 0x0000025504000000| Untracked 
| 343|0x0000025506000000, 0x0000025506000000, 0x0000025508000000|  0%| F|  |TAMS 0x0000025506000000, 0x0000025506000000| Untracked 
| 344|0x0000025508000000, 0x0000025508000000, 0x000002550a000000|  0%| F|  |TAMS 0x0000025508000000, 0x0000025508000000| Untracked 
| 345|0x000002550a000000, 0x000002550a000000, 0x000002550c000000|  0%| F|  |TAMS 0x000002550a000000, 0x000002550a000000| Untracked 
| 346|0x000002550c000000, 0x000002550c000000, 0x000002550e000000|  0%| F|  |TAMS 0x000002550c000000, 0x000002550c000000| Untracked 
| 347|0x000002550e000000, 0x000002550e000000, 0x0000025510000000|  0%| F|  |TAMS 0x000002550e000000, 0x000002550e000000| Untracked 
| 348|0x0000025510000000, 0x0000025510000000, 0x0000025512000000|  0%| F|  |TAMS 0x0000025510000000, 0x0000025510000000| Untracked 
| 349|0x0000025512000000, 0x0000025512000000, 0x0000025514000000|  0%| F|  |TAMS 0x0000025512000000, 0x0000025512000000| Untracked 
| 350|0x0000025514000000, 0x0000025514000000, 0x0000025516000000|  0%| F|  |TAMS 0x0000025514000000, 0x0000025514000000| Untracked 
| 351|0x0000025516000000, 0x0000025516000000, 0x0000025518000000|  0%| F|  |TAMS 0x0000025516000000, 0x0000025516000000| Untracked 
| 352|0x0000025518000000, 0x0000025519a0b3f8, 0x000002551a000000| 81%| S|CS|TAMS 0x0000025518000000, 0x0000025518000000| Complete 
| 353|0x000002551a000000, 0x000002551c000000, 0x000002551c000000|100%| S|CS|TAMS 0x000002551a000000, 0x000002551a000000| Complete 
| 354|0x000002551c000000, 0x000002551c000000, 0x000002551e000000|  0%| F|  |TAMS 0x000002551c000000, 0x000002551c000000| Untracked 
| 355|0x000002551e000000, 0x000002551e000000, 0x0000025520000000|  0%| F|  |TAMS 0x000002551e000000, 0x000002551e000000| Untracked 
| 356|0x0000025520000000, 0x0000025520000000, 0x0000025522000000|  0%| F|  |TAMS 0x0000025520000000, 0x0000025520000000| Untracked 
| 357|0x0000025522000000, 0x0000025522000000, 0x0000025524000000|  0%| F|  |TAMS 0x0000025522000000, 0x0000025522000000| Untracked 
| 358|0x0000025524000000, 0x0000025524000000, 0x0000025526000000|  0%| F|  |TAMS 0x0000025524000000, 0x0000025524000000| Untracked 
| 359|0x0000025526000000, 0x0000025526000000, 0x0000025528000000|  0%| F|  |TAMS 0x0000025526000000, 0x0000025526000000| Untracked 
| 360|0x0000025528000000, 0x0000025528000000, 0x000002552a000000|  0%| F|  |TAMS 0x0000025528000000, 0x0000025528000000| Untracked 
| 361|0x000002552a000000, 0x000002552a000000, 0x000002552c000000|  0%| F|  |TAMS 0x000002552a000000, 0x000002552a000000| Untracked 
| 362|0x000002552c000000, 0x000002552c000000, 0x000002552e000000|  0%| F|  |TAMS 0x000002552c000000, 0x000002552c000000| Untracked 
| 363|0x000002552e000000, 0x000002552e000000, 0x0000025530000000|  0%| F|  |TAMS 0x000002552e000000, 0x000002552e000000| Untracked 
| 364|0x0000025530000000, 0x0000025530000000, 0x0000025532000000|  0%| F|  |TAMS 0x0000025530000000, 0x0000025530000000| Untracked 
| 365|0x0000025532000000, 0x0000025532000000, 0x0000025534000000|  0%| F|  |TAMS 0x0000025532000000, 0x0000025532000000| Untracked 
| 366|0x0000025534000000, 0x0000025534000000, 0x0000025536000000|  0%| F|  |TAMS 0x0000025534000000, 0x0000025534000000| Untracked 
| 367|0x0000025536000000, 0x0000025536000000, 0x0000025538000000|  0%| F|  |TAMS 0x0000025536000000, 0x0000025536000000| Untracked 
| 368|0x0000025538000000, 0x0000025538000000, 0x000002553a000000|  0%| F|  |TAMS 0x0000025538000000, 0x0000025538000000| Untracked 

Card table byte_map: [0x0000027268000000,0x0000027278000000] _byte_map_base: 0x000002713ed40000

Marking Bits (Prev, Next): (CMBitMap*) 0x000002523f0a1200, (CMBitMap*) 0x000002523f0a11c8
 Prev Bits: [0x00000272f8000000, 0x0000027378000000)
 Next Bits: [0x0000027278000000, 0x00000272f8000000)

Polling page: 0x000002523d1e0000

Metaspace:

Usage:
   27.02 MB capacity,    26.73 MB ( 99%) used,   235.91 KB ( <1%) free+waste,    66.06 KB ( <1%) overhead. 

Virtual space:
     28.00 MB reserved,      27.25 MB ( 97%) committed 

Chunk freelists:
5.25 KB

CodeHeap 'non-profiled nmethods': size=120000Kb used=3225Kb max_used=3225Kb free=116775Kb
 bounds [0x000002524efe0000, 0x000002524f310000, 0x0000025256510000]
CodeHeap 'profiled nmethods': size=120000Kb used=5753Kb max_used=5753Kb free=114246Kb
 bounds [0x0000025247ab0000, 0x0000025248050000, 0x000002524efe0000]
CodeHeap 'non-nmethods': size=5760Kb used=1154Kb max_used=1217Kb free=4605Kb
 bounds [0x0000025247510000, 0x0000025247780000, 0x0000025247ab0000]
 total_blobs=3035 nmethods=2540 adapters=406
 compilation: enabled
              stopped_count=0, restarted_count=0
 full_count=0

Compilation events (10 events):
Event: 25.686 Thread 0x0000025257f8b800 2551       3       java.util.Scanner::linePattern (20 bytes)
Event: 25.690 Thread 0x0000025257f8b800 nmethod 2551 0x000002524804dd90 code [0x000002524804df40, 0x000002524804e1e8]
Event: 26.824 Thread 0x0000025257f8b800 2552       3       java.nio.CharBuffer::limit (6 bytes)
Event: 26.824 Thread 0x0000025257f8b800 nmethod 2552 0x000002524804e310 code [0x000002524804e4c0, 0x000002524804e668]
Event: 26.960 Thread 0x0000025257f82000 2553 %     4       java.util.ComparableTimSort::mergeLo @ 147 (656 bytes)
Event: 26.988 Thread 0x0000025257f82000 nmethod 2553% 0x000002524f301510 code [0x000002524f301700, 0x000002524f302bf8]
Event: 26.988 Thread 0x0000025257f82000 2554       4       java.util.ComparableTimSort::mergeHi (729 bytes)
Event: 27.031 Thread 0x0000025257f82000 nmethod 2554 0x000002524f303590 code [0x000002524f3037a0, 0x000002524f3054d8]
Event: 27.101 Thread 0x0000025257f82000 2555       4       java.util.LinkedList::<init> (10 bytes)
Event: 27.101 Thread 0x0000025257f82000 nmethod 2555 0x000002524f306190 code [0x000002524f306320, 0x000002524f306378]

GC Heap History (10 events):
Event: 16.581 GC heap after
{Heap after GC invocations=30 (full 0):
 garbage-first heap   total 12091392K, used 1092830K [0x0000025258000000, 0x0000027258000000)
  region size 32768K, 2 young (65536K), 2 survivors (65536K)
 Metaspace       used 27363K, capacity 27670K, committed 27904K, reserved 28672K
}
Event: 22.914 GC heap before
{Heap before GC invocations=30 (full 0):
 garbage-first heap   total 12091392K, used 2206942K [0x0000025258000000, 0x0000027258000000)
  region size 32768K, 36 young (1179648K), 2 survivors (65536K)
 Metaspace       used 27366K, capacity 27670K, committed 27904K, reserved 28672K
}
Event: 23.825 GC heap after
{Heap after GC invocations=31 (full 0):
 garbage-first heap   total 12091392K, used 1277952K [0x0000025258000000, 0x0000027258000000)
  region size 32768K, 5 young (163840K), 5 survivors (163840K)
 Metaspace       used 27366K, capacity 27670K, committed 27904K, reserved 28672K
}
Event: 24.777 GC heap before
{Heap before GC invocations=31 (full 0):
 garbage-first heap   total 12091392K, used 1703936K [0x0000025258000000, 0x0000027258000000)
  region size 32768K, 18 young (589824K), 5 survivors (163840K)
 Metaspace       used 27367K, capacity 27670K, committed 27904K, reserved 28672K
}
Event: 24.873 GC heap after
{Heap after GC invocations=32 (full 0):
 garbage-first heap   total 12091392K, used 1320801K [0x0000025258000000, 0x0000027258000000)
  region size 32768K, 2 young (65536K), 2 survivors (65536K)
 Metaspace       used 27367K, capacity 27670K, committed 27904K, reserved 28672K
}
Event: 25.631 GC heap before
{Heap before GC invocations=32 (full 0):
 garbage-first heap   total 12091392K, used 1845089K [0x0000025258000000, 0x0000027258000000)
  region size 32768K, 18 young (589824K), 2 survivors (65536K)
 Metaspace       used 27367K, capacity 27670K, committed 27904K, reserved 28672K
}
Event: 25.649 GC heap after
{Heap after GC invocations=33 (full 0):
 garbage-first heap   total 12091392K, used 1313249K [0x0000025258000000, 0x0000027258000000)
  region size 32768K, 1 young (32768K), 1 survivors (32768K)
 Metaspace       used 27367K, capacity 27670K, committed 27904K, reserved 28672K
}
Event: 26.531 GC heap before
{Heap before GC invocations=33 (full 0):
 garbage-first heap   total 12091392K, used 1870305K [0x0000025258000000, 0x0000027258000000)
  region size 32768K, 18 young (589824K), 1 survivors (32768K)
 Metaspace       used 27367K, capacity 27670K, committed 27904K, reserved 28672K
}
Event: 26.624 GC heap after
{Heap after GC invocations=34 (full 0):
 garbage-first heap   total 12091392K, used 1478818K [0x0000025258000000, 0x0000027258000000)
  region size 32768K, 3 young (98304K), 3 survivors (98304K)
 Metaspace       used 27367K, capacity 27670K, committed 27904K, reserved 28672K
}
Event: 27.301 GC heap before
{Heap before GC invocations=34 (full 0):
 garbage-first heap   total 12091392K, used 1970338K [0x0000025258000000, 0x0000027258000000)
  region size 32768K, 18 young (589824K), 3 survivors (98304K)
 Metaspace       used 27368K, capacity 27670K, committed 27904K, reserved 28672K
}

Deoptimization events (10 events):
Event: 16.761 Thread 0x000002523f05e800 Uncommon trap: reason=unstable_if action=reinterpret pc=0x000002524f2bd454 method=org.aksw.limes.core.measures.mapper.string.PPJoinPlusPlus.getMapping(Lorg/aksw/limes/core/io/cache/ACache;Lorg/aksw/limes/core/io/cache/ACache;Ljava/lang/String;Ljava/lang/S
Event: 16.761 Thread 0x000002523f05e800 Uncommon trap: reason=unstable_if action=reinterpret pc=0x000002524f245504 method=org.aksw.limes.core.measures.mapper.string.PPJoinPlusPlus.getMapping(Lorg/aksw/limes/core/io/cache/ACache;Lorg/aksw/limes/core/io/cache/ACache;Ljava/lang/String;Ljava/lang/S
Event: 17.682 Thread 0x000002523f05e800 Uncommon trap: reason=array_check action=maybe_recompile pc=0x000002524f2dc950 method=java.util.ComparableTimSort.mergeHi(IIII)V @ 101 c2
Event: 17.682 Thread 0x000002523f05e800 Uncommon trap: reason=array_check action=maybe_recompile pc=0x000002524f2dc950 method=java.util.ComparableTimSort.mergeHi(IIII)V @ 101 c2
Event: 17.682 Thread 0x000002523f05e800 Uncommon trap: reason=array_check action=maybe_recompile pc=0x000002524f2dc950 method=java.util.ComparableTimSort.mergeHi(IIII)V @ 101 c2
Event: 17.682 Thread 0x000002523f05e800 Uncommon trap: reason=array_check action=maybe_recompile pc=0x000002524f2dc950 method=java.util.ComparableTimSort.mergeHi(IIII)V @ 101 c2
Event: 17.683 Thread 0x000002523f05e800 Uncommon trap: reason=predicate action=maybe_recompile pc=0x000002524f2d9fc4 method=java.util.ComparableTimSort.mergeLo(IIII)V @ 265 c2
Event: 26.960 Thread 0x000002523f05e800 Uncommon trap: reason=array_check action=maybe_recompile pc=0x000002524f2ffb84 method=java.util.ComparableTimSort.mergeHi(IIII)V @ 245 c2
Event: 26.960 Thread 0x000002523f05e800 Uncommon trap: reason=array_check action=maybe_recompile pc=0x000002524f2ffb84 method=java.util.ComparableTimSort.mergeHi(IIII)V @ 245 c2
Event: 26.960 Thread 0x000002523f05e800 Uncommon trap: reason=intrinsic_or_type_checked_inlining action=make_not_entrant pc=0x000002524f2fc87c method=java.util.ComparableTimSort.mergeLo(IIII)V @ 326 c2

Classes redefined (0 events):
No events

Internal exceptions (10 events):
Event: 1.595 Thread 0x000002523f05e800 Exception <a 'java/security/PrivilegedActionException'{0x0000025267b41d20}> (0x0000025267b41d20) thrown at [./open/src/hotspot/share/prims/jvm.cpp, line 1305]
Event: 1.595 Thread 0x000002523f05e800 Exception <a 'java/security/PrivilegedActionException'{0x0000025267b43cd0}> (0x0000025267b43cd0) thrown at [./open/src/hotspot/share/prims/jvm.cpp, line 1305]
Event: 1.595 Thread 0x000002523f05e800 Exception <a 'java/security/PrivilegedActionException'{0x0000025267b44738}> (0x0000025267b44738) thrown at [./open/src/hotspot/share/prims/jvm.cpp, line 1305]
Event: 1.595 Thread 0x000002523f05e800 Exception <a 'java/security/PrivilegedActionException'{0x0000025267b46688}> (0x0000025267b46688) thrown at [./open/src/hotspot/share/prims/jvm.cpp, line 1305]
Event: 1.595 Thread 0x000002523f05e800 Exception <a 'java/security/PrivilegedActionException'{0x0000025267b470f0}> (0x0000025267b470f0) thrown at [./open/src/hotspot/share/prims/jvm.cpp, line 1305]
Event: 2.112 Thread 0x000002523f05e800 Implicit null exception at 0x000002524f0e0674 to 0x000002524f0e09d0
Event: 5.730 Thread 0x000002523f05e800 Implicit null exception at 0x000002524f173f3f to 0x000002524f17524e
Event: 5.737 Thread 0x000002523f05e800 Implicit null exception at 0x000002524f17a0ed to 0x000002524f17af4a
Event: 5.737 Thread 0x000002523f05e800 Implicit null exception at 0x000002524f16f606 to 0x000002524f17040a
Event: 7.485 Thread 0x000002523f05e800 Exception <a 'java/lang/NoSuchMethodError'{0x00000252820fe148}: java.lang.invoke.DirectMethodHandle$Holder.invokeStatic(Ljava/lang/Object;Ljava/lang/Object;Ljava/lang/Object;Ljava/lang/Object;)V> (0x00000252820fe148) thrown at [./open/src/hotspot/share/in

Events (10 events):
Event: 26.960 Thread 0x000002523f05e800 Uncommon trap: trap_request=0xffffffd6 fr.pc=0x000002524f2ffb84 relative=0x0000000000001464
Event: 26.960 Thread 0x000002523f05e800 DEOPT PACKING pc=0x000002524f2ffb84 sp=0x00000090ba7fd550
Event: 26.960 Thread 0x000002523f05e800 DEOPT UNPACKING pc=0x00000252475364af sp=0x00000090ba7fd500 mode 2
Event: 26.960 Thread 0x000002523f05e800 Uncommon trap: trap_request=0xffffffd6 fr.pc=0x000002524f2ffb84 relative=0x0000000000001464
Event: 26.960 Thread 0x000002523f05e800 DEOPT PACKING pc=0x000002524f2ffb84 sp=0x00000090ba7fd550
Event: 26.960 Thread 0x000002523f05e800 DEOPT UNPACKING pc=0x00000252475364af sp=0x00000090ba7fd500 mode 2
Event: 26.960 Thread 0x000002523f05e800 Uncommon trap: trap_request=0xffffffcc fr.pc=0x000002524f2fc87c relative=0x0000000000000a5c
Event: 26.960 Thread 0x000002523f05e800 DEOPT PACKING pc=0x000002524f2fc87c sp=0x00000090ba7fd560
Event: 26.960 Thread 0x000002523f05e800 DEOPT UNPACKING pc=0x00000252475364af sp=0x00000090ba7fd4f8 mode 2
Event: 27.300 Executing VM operation: G1CollectForAllocation


Dynamic libraries:
0x00007ff698c90000 - 0x00007ff698c9f000 	C:\Program Files\Java\jdk-11.0.12\bin\java.exe
0x00007ffabd970000 - 0x00007ffabdb65000 	C:\WINDOWS\SYSTEM32\ntdll.dll
0x00007ffabbbc0000 - 0x00007ffabbc7e000 	C:\WINDOWS\System32\KERNEL32.DLL
0x00007ffabb3f0000 - 0x00007ffabb6b8000 	C:\WINDOWS\System32\KERNELBASE.dll
0x00007ffabb080000 - 0x00007ffabb180000 	C:\WINDOWS\System32\ucrtbase.dll
0x00007ffa95ad0000 - 0x00007ffa95ae8000 	C:\Program Files\Java\jdk-11.0.12\bin\jli.dll
0x00007ffaa0560000 - 0x00007ffaa0575000 	C:\Program Files\Java\jdk-11.0.12\bin\VCRUNTIME140.dll
0x00007ffabbf20000 - 0x00007ffabbfce000 	C:\WINDOWS\System32\ADVAPI32.dll
0x00007ffabd7b0000 - 0x00007ffabd84e000 	C:\WINDOWS\System32\msvcrt.dll
0x00007ffabc000000 - 0x00007ffabc09c000 	C:\WINDOWS\System32\sechost.dll
0x00007ffabbd70000 - 0x00007ffabbe95000 	C:\WINDOWS\System32\RPCRT4.dll
0x00007ffabb9b0000 - 0x00007ffabbb51000 	C:\WINDOWS\System32\USER32.dll
0x00007ffabb6c0000 - 0x00007ffabb6e2000 	C:\WINDOWS\System32\win32u.dll
0x00007ffa9af40000 - 0x00007ffa9b1da000 	C:\WINDOWS\WinSxS\amd64_microsoft.windows.common-controls_6595b64144ccf1df_6.0.19041.1110_none_60b5254171f9507e\COMCTL32.dll
0x00007ffabd410000 - 0x00007ffabd43b000 	C:\WINDOWS\System32\GDI32.dll
0x00007ffabb2e0000 - 0x00007ffabb3ed000 	C:\WINDOWS\System32\gdi32full.dll
0x00007ffabb830000 - 0x00007ffabb8cd000 	C:\WINDOWS\System32\msvcp_win.dll
0x00007ffab2f10000 - 0x00007ffab2f1a000 	C:\WINDOWS\SYSTEM32\VERSION.dll
0x00007ffabbfd0000 - 0x00007ffabc000000 	C:\WINDOWS\System32\IMM32.DLL
0x00007ffa78fa0000 - 0x00007ffa7903b000 	C:\Program Files\Java\jdk-11.0.12\bin\msvcp140.dll
0x00007ffa5c830000 - 0x00007ffa5d32f000 	C:\Program Files\Java\jdk-11.0.12\bin\server\jvm.dll
0x00007ffabc0a0000 - 0x00007ffabc0a8000 	C:\WINDOWS\System32\PSAPI.DLL
0x00007ffa9b6d0000 - 0x00007ffa9b6f7000 	C:\WINDOWS\SYSTEM32\WINMM.dll
0x00007ffab3140000 - 0x00007ffab3149000 	C:\WINDOWS\SYSTEM32\WSOCK32.dll
0x00007ffabc450000 - 0x00007ffabc4bb000 	C:\WINDOWS\System32\WS2_32.dll
0x00007ffab98c0000 - 0x00007ffab98d2000 	C:\WINDOWS\SYSTEM32\kernel.appcore.dll
0x00007ffaa0750000 - 0x00007ffaa0760000 	C:\Program Files\Java\jdk-11.0.12\bin\verify.dll
0x00007ffab95e0000 - 0x00007ffab97c4000 	C:\WINDOWS\SYSTEM32\DBGHELP.DLL
0x00007ffa9b850000 - 0x00007ffa9b87c000 	C:\WINDOWS\SYSTEM32\dbgcore.DLL
0x00007ffabb6f0000 - 0x00007ffabb772000 	C:\WINDOWS\System32\bcryptPrimitives.dll
0x00007ffa950e0000 - 0x00007ffa95108000 	C:\Program Files\Java\jdk-11.0.12\bin\java.dll
0x00007ffaa06f0000 - 0x00007ffaa06fa000 	C:\Program Files\Java\jdk-11.0.12\bin\jimage.dll
0x00007ffa94db0000 - 0x00007ffa94dc6000 	C:\Program Files\Java\jdk-11.0.12\bin\zip.dll
0x00007ffabc790000 - 0x00007ffabced4000 	C:\WINDOWS\System32\SHELL32.dll
0x00007ffab8d70000 - 0x00007ffab9505000 	C:\WINDOWS\SYSTEM32\windows.storage.dll
0x00007ffabd450000 - 0x00007ffabd7a5000 	C:\WINDOWS\System32\combase.dll
0x00007ffaba9f0000 - 0x00007ffabaa1e000 	C:\WINDOWS\SYSTEM32\Wldp.dll
0x00007ffabc670000 - 0x00007ffabc71d000 	C:\WINDOWS\System32\SHCORE.dll
0x00007ffabbb60000 - 0x00007ffabbbb5000 	C:\WINDOWS\System32\shlwapi.dll
0x00007ffabafc0000 - 0x00007ffabafdf000 	C:\WINDOWS\SYSTEM32\profapi.dll
0x00007ffa94d90000 - 0x00007ffa94da9000 	C:\Program Files\Java\jdk-11.0.12\bin\net.dll
0x00007ffab2510000 - 0x00007ffab261c000 	C:\WINDOWS\SYSTEM32\WINHTTP.dll
0x00007ffaba7d0000 - 0x00007ffaba83a000 	C:\WINDOWS\system32\mswsock.dll
0x00007ffa94be0000 - 0x00007ffa94bf2000 	C:\Program Files\Java\jdk-11.0.12\bin\nio.dll
0x00007ffa9ed90000 - 0x00007ffa9ed99000 	C:\Program Files\Java\jdk-11.0.12\bin\management.dll
0x00007ffa9ec30000 - 0x00007ffa9ec3b000 	C:\Program Files\Java\jdk-11.0.12\bin\management_ext.dll
0x00007ffabaa30000 - 0x00007ffabaa48000 	C:\WINDOWS\SYSTEM32\CRYPTSP.dll
0x00007ffaba100000 - 0x00007ffaba134000 	C:\WINDOWS\system32\rsaenh.dll
0x00007ffabb980000 - 0x00007ffabb9a7000 	C:\WINDOWS\System32\bcrypt.dll
0x00007ffabaf80000 - 0x00007ffabafae000 	C:\WINDOWS\SYSTEM32\USERENV.dll
0x00007ffaba960000 - 0x00007ffaba96c000 	C:\WINDOWS\SYSTEM32\CRYPTBASE.dll
0x00007ffaba490000 - 0x00007ffaba4cb000 	C:\WINDOWS\SYSTEM32\IPHLPAPI.DLL
0x00007ffabc720000 - 0x00007ffabc728000 	C:\WINDOWS\System32\NSI.dll
0x00007ffab8540000 - 0x00007ffab8557000 	C:\WINDOWS\SYSTEM32\dhcpcsvc6.DLL
0x00007ffab8520000 - 0x00007ffab853d000 	C:\WINDOWS\SYSTEM32\dhcpcsvc.DLL
0x00007ffaba4e0000 - 0x00007ffaba5ab000 	C:\WINDOWS\SYSTEM32\DNSAPI.dll
0x00007ffa9d880000 - 0x00007ffa9d88a000 	C:\Users\Hp\AppData\Local\Temp\jansi-64-1-10507811176902656251.11
0x00007ffaa0760000 - 0x00007ffaa0777000 	C:\WINDOWS\system32\napinsp.dll
0x00007ffaa0730000 - 0x00007ffaa074b000 	C:\WINDOWS\system32\pnrpnsp.dll
0x00007ffab59c0000 - 0x00007ffab59d5000 	C:\WINDOWS\system32\wshbth.dll
0x00007ffab6790000 - 0x00007ffab67ad000 	C:\WINDOWS\system32\NLAapi.dll
0x00007ffaa05d0000 - 0x00007ffaa05e2000 	C:\WINDOWS\System32\winrnr.dll
0x00007ffab2910000 - 0x00007ffab291a000 	C:\Windows\System32\rasadhlp.dll
0x00007ffab1150000 - 0x00007ffab11cf000 	C:\WINDOWS\System32\fwpuclnt.dll

dbghelp: loaded successfully - version: 4.0.5 - missing functions: none
symbol engine: initialized successfully - sym options: 0x614 - pdb path: .;C:\Program Files\Java\jdk-11.0.12\bin;C:\WINDOWS\SYSTEM32;C:\WINDOWS\WinSxS\amd64_microsoft.windows.common-controls_6595b64144ccf1df_6.0.19041.1110_none_60b5254171f9507e;C:\Program Files\Java\jdk-11.0.12\bin\server;C:\Users\Hp\AppData\Local\Temp

VM Arguments:
jvm_args: -Xms256m -Xmx128G 
java_command: org.apache.maven.surefire.booter.ForkedBooter C:\Users\Hp\AppData\Local\Temp\surefire8988923894797262537 2022-01-26T20-22-05_307-jvmRun1 surefire1341119089520678426tmp surefire_09227478967008810697tmp
java_class_path (initial): C:\Users\Hp\.m2\repository\org\apache\maven\surefire\surefire-booter\2.22.2\surefire-booter-2.22.2.jar;C:\Users\Hp\.m2\repository\org\apache\maven\surefire\surefire-api\2.22.2\surefire-api-2.22.2.jar;C:\Users\Hp\.m2\repository\org\apache\maven\surefire\surefire-logger-api\2.22.2\surefire-logger-api-2.22.2.jar;F:\FinalProject\Benchmarking\LIMES\limes-core\target\test-classes;F:\FinalProject\Benchmarking\LIMES\limes-core\target\classes;C:\Users\Hp\.m2\repository\org\slf4j\slf4j-api\1.7.21\slf4j-api-1.7.21.jar;C:\Users\Hp\.m2\repository\de\vandermeer\asciitable\0.3.2\asciitable-0.3.2.jar;C:\Users\Hp\.m2\repository\de\vandermeer\ascii-utf-themes\0.0.1\ascii-utf-themes-0.0.1.jar;C:\Users\Hp\.m2\repository\de\vandermeer\skb-interfaces\0.0.1\skb-interfaces-0.0.1.jar;C:\Users\Hp\.m2\repository\org\antlr\ST4\4.0.8\ST4-4.0.8.jar;C:\Users\Hp\.m2\repository\org\antlr\antlr-runtime\3.5.2\antlr-runtime-3.5.2.jar;C:\Users\Hp\.m2\repository\org\antlr\antlr4\4.5.1\antlr4-4.5.1.jar;C:\Users\Hp\.m2\repository\de\vandermeer\char-translation\0.0.2\char-translation-0.0.2.jar;C:\Users\Hp\.m2\repository\org\apache\commons\commons-math3\3.3\commons-math3-3.3.jar;C:\Users\Hp\.m2\repository\org\apache\logging\log4j\log4j-slf4j-impl\2.6.1\log4j-slf4j-impl-2.6.1.jar;C:\Users\Hp\.m2\repository\org\slf4j\log4j-over-slf4j\1.7.21\log4j-over-slf4j-1.7.21.jar;C:\Users\Hp\.m2\repository\org\slf4j\jcl-over-slf4j\1.7.21\jcl-over-slf4j-1.7.21.jar;C:\Users\Hp\.m2\repository\org\apache\logging\log4j\log4j-api\2.6.1\log4j-api-2.6.1.jar;C:\Users\Hp\.m2\repository\org\apache\logging\log4j\log4j-core\2.6.1\log4j-core-2.6.1.jar;C:\Users\Hp\.m2\repository\commons-codec\commons-codec\1.11\commons-codec-1.11.jar;C:\Users\Hp\.m2\repository\org\apache\jena\jena-tdb\3.9.0\jena-tdb-3.9.0.jar;C:\Users\Hp\.m2\repository\org\apache\jena\jena-tdb2\3.9.0\jena-tdb2-3.9.0.jar;C:\Users\Hp\.m2\repository\org\apache\jena\jena-dboe-trans-data\3.9.0\jena-dboe-trans-data-3.9.0.jar;C:\Users\Hp\.m2\repos
Launcher Type: SUN_STANDARD

[Global flags]
     intx CICompilerCount                          = 4                                         {product} {ergonomic}
     uint ConcGCThreads                            = 2                                         {product} {ergonomic}
     uint G1ConcRefinementThreads                  = 8                                         {product} {ergonomic}
   size_t G1HeapRegionSize                         = 33554432                                  {product} {ergonomic}
    uintx GCDrainStackTargetSize                   = 64                                        {product} {ergonomic}
   size_t InitialHeapSize                          = 268435456                                 {product} {command line}
   size_t MarkStackSize                            = 4194304                                   {product} {ergonomic}
   size_t MaxHeapSize                              = 137438953472                              {product} {command line}
   size_t MaxNewSize                               = 82443239424                               {product} {ergonomic}
   size_t MinHeapDeltaBytes                        = 33554432                                  {product} {ergonomic}
    uintx NonNMethodCodeHeapSize                   = 5836300                                {pd product} {ergonomic}
    uintx NonProfiledCodeHeapSize                  = 122910970                              {pd product} {ergonomic}
    uintx ProfiledCodeHeapSize                     = 122910970                              {pd product} {ergonomic}
    uintx ReservedCodeCacheSize                    = 251658240                              {pd product} {ergonomic}
     bool SegmentedCodeCache                       = true                                      {product} {ergonomic}
     bool UseG1GC                                  = true                                      {product} {ergonomic}
     bool UseLargePagesIndividualAllocation        = false                                  {pd product} {ergonomic}

Logging:
Log output configuration:
 #0: stdout all=warning uptime,level,tags
 #1: stderr all=off uptime,level,tags

Environment Variables:
JAVA_HOME=C:\Program Files\Java\jdk-11.0.12
CLASSPATH=C:\Users\Hp\.m2\repository\org\apache\maven\surefire\surefire-booter\2.22.2\surefire-booter-2.22.2.jar;C:\Users\Hp\.m2\repository\org\apache\maven\surefire\surefire-api\2.22.2\surefire-api-2.22.2.jar;C:\Users\Hp\.m2\repository\org\apache\maven\surefire\surefire-logger-api\2.22.2\surefire-logger-api-2.22.2.jar;F:\FinalProject\Benchmarking\LIMES\limes-core\target\test-classes;F:\FinalProject\Benchmarking\LIMES\limes-core\target\classes;C:\Users\Hp\.m2\repository\org\slf4j\slf4j-api\1.7.21\slf4j-api-1.7.21.jar;C:\Users\Hp\.m2\repository\de\vandermeer\asciitable\0.3.2\asciitable-0.3.2.jar;C:\Users\Hp\.m2\repository\de\vandermeer\ascii-utf-themes\0.0.1\ascii-utf-themes-0.0.1.jar;C:\Users\Hp\.m2\repository\de\vandermeer\skb-interfaces\0.0.1\skb-interfaces-0.0.1.jar;C:\Users\Hp\.m2\repository\org\antlr\ST4\4.0.8\ST4-4.0.8.jar;C:\Users\Hp\.m2\repository\org\antlr\antlr-runtime\3.5.2\antlr-runtime-3.5.2.jar;C:\Users\Hp\.m2\repository\org\antlr\antlr4\4.5.1\antlr4-4.5.1.jar;C:\Users\Hp\.m2\repository\de\vandermeer\char-translation\0.0.2\char-translation-0.0.2.jar;C:\Users\Hp\.m2\repository\org\apache\commons\commons-math3\3.3\commons-math3-3.3.jar;C:\Users\Hp\.m2\repository\org\apache\logging\log4j\log4j-slf4j-impl\2.6.1\log4j-slf4j-impl-2.6.1.jar;C:\Users\Hp\.m2\repository\org\slf4j\log4j-over-slf4j\1.7.21\log4j-over-slf4j-1.7.21.jar;C:\Users\Hp\.m2\repository\org\slf4j\jcl-over-slf4j\1.7.21\jcl-over-slf4j-1.7.21.jar;C:\Users\Hp\.m2\repository\org\apache\logging\log4j\log4j-api\2.6.1\log4j-api-2.6.1.jar;C:\Users\Hp\.m2\repository\org\apache\logging\log4j\log4j-core\2.6.1\log4j-core-2.6.1.jar;C:\Users\Hp\.m2\repository\commons-codec\commons-codec\1.11\commons-codec-1.11.jar;C:\Users\Hp\.m2\repository\org\apache\jena\jena-tdb\3.9.0\jena-tdb-3.9.0.jar;C:\Users\Hp\.m2\repository\org\apache\jena\jena-tdb2\3.9.0\jena-tdb2-3.9.0.jar;C:\Users\Hp\.m2\repository\org\apache\jena\jena-dboe-trans-data\3.9.0\jena-dboe-trans-data-3.9.0.jar;C:\Users\Hp\.m2\repository\org\apache\jena\jena-
PATH=C:\Program Files\Common Files\Oracle\Java\javapath;C:\WINDOWS\system32;C:\WINDOWS;C:\WINDOWS\System32\Wbem;C:\WINDOWS\System32\WindowsPowerShell\v1.0\;C:\WINDOWS\System32\OpenSSH\;C:\Program Files\swipl\bin;C:\Program Files\Git\cmd;C:\apache-maven-3.6.3\bin;C:\Program Files\nodejs\;C:\Users\Hp\AppData\Local\Microsoft\WindowsApps\python.exe;C:\Users\Hp\AppData\Local\Microsoft\WindowsApps\;;C:\Program Files\Docker\Docker\resources\bin;C:\ProgramData\DockerDesktop\version-bin;C:\Users\Hp\anaconda3;C:\Users\Hp\anaconda3\Library\mingw-w64\bin;C:\Users\Hp\anaconda3\Library\usr\bin;C:\Users\Hp\anaconda3\Library\bin;C:\Users\Hp\anaconda3\Scripts;C:\Users\Hp\AppData\Local\Microsoft\WindowsApps;C:\Users\Hp\AppData\Local\Programs\Microsoft VS Code\bin;C:\Program Files\JetBrains\PyCharm Community Edition 2020.3.3\bin;;C:\Users\Hp\AppData\Roaming\npm
USERNAME=Hp
OS=Windows_NT
PROCESSOR_IDENTIFIER=Intel64 Family 6 Model 142 Stepping 12, GenuineIntel



---------------  S Y S T E M  ---------------

OS: Windows 10 , 64 bit Build 19041 (10.0.19041.1466)
Hyper-V role detected

CPU:total 8 (initial active 8) (4 cores per cpu, 2 threads per core) family 6 model 142 stepping 12 microcode 0xde, cmov, cx8, fxsr, mmx, sse, sse2, sse3, ssse3, sse4.1, sse4.2, popcnt, avx, avx2, aes, clmul, erms, 3dnowpref, lzcnt, ht, tsc, tscinvbit, bmi1, bmi2, adx, fma

Memory: 4k page, system-wide physical 7995M (1140M free)
TotalPageFile size 24880M (AvailPageFile size 2961M)
current process WorkingSet (physical memory assigned to process): 2411M, peak: 3105M
current process commit charge ("private bytes"): 12402M, peak: 29298M

vm_info: Java HotSpot(TM) 64-Bit Server VM (11.0.12+8-LTS-237) for windows-amd64 JRE (11.0.12+8-LTS-237), built on Jun  8 2021 11:25:59 by "mach5one" with MS VC++ 15.9 (VS2017)

END.
